<?xml version="1.0" encoding="utf-8"?>
<test-run id="2" testcasecount="238" result="Passed" total="238" passed="238" failed="0" inconclusive="0" skipped="0" asserts="0" engine-version="3.5.0.0" clr-version="4.0.30319.42000" start-time="2026-05-28 14:32:40Z" end-time="2026-05-28 14:33:05Z" duration="24.2687667">
  <test-suite type="TestSuite" id="1000" name="BovineLabs" fullname="BovineLabs" runstate="Runnable" testcasecount="238" result="Passed" start-time="2026-05-28 14:32:40Z" end-time="2026-05-28 14:33:05Z" duration="24.268767" total="238" passed="238" failed="0" inconclusive="0" skipped="0" asserts="0">
    <properties>
      <property name="platform" value="EditMode" />
    </properties>
    <test-suite type="Assembly" id="1029" name="BovineLabs.HitStop.Tests.dll" fullname="/home/i/GitHub/BovineLabs/Library/ScriptAssemblies/BovineLabs.HitStop.Tests.dll" runstate="Runnable" testcasecount="25" result="Passed" start-time="2026-05-28 14:32:40Z" end-time="2026-05-28 14:32:41Z" duration="0.063359" total="25" passed="25" failed="0" inconclusive="0" skipped="0" asserts="0">
      <properties>
        <property name="_PID" value="1019208" />
        <property name="_APPDOMAIN" value="Unity Child Domain" />
        <property name="platform" value="EditMode" />
        <property name="EditorOnly" value="True" />
      </properties>
      <test-suite type="TestSuite" id="1030" name="BovineLabs" fullname="BovineLabs" runstate="Runnable" testcasecount="25" result="Passed" start-time="2026-05-28 14:32:40Z" end-time="2026-05-28 14:32:41Z" duration="0.063081" total="25" passed="25" failed="0" inconclusive="0" skipped="0" asserts="0">
        <properties />
        <test-suite type="TestSuite" id="1031" name="HitStop" fullname="BovineLabs.HitStop" runstate="Runnable" testcasecount="25" result="Passed" start-time="2026-05-28 14:32:40Z" end-time="2026-05-28 14:32:41Z" duration="0.062957" total="25" passed="25" failed="0" inconclusive="0" skipped="0" asserts="0">
          <properties />
          <test-suite type="TestSuite" id="1032" name="Tests" fullname="BovineLabs.HitStop.Tests" runstate="Runnable" testcasecount="25" result="Passed" start-time="2026-05-28 14:32:40Z" end-time="2026-05-28 14:32:41Z" duration="0.062790" total="25" passed="25" failed="0" inconclusive="0" skipped="0" asserts="0">
            <properties />
            <test-suite type="TestFixture" id="1001" name="HitStopConfigTests" fullname="BovineLabs.HitStop.Tests.HitStopConfigTests" classname="BovineLabs.HitStop.Tests.HitStopConfigTests" runstate="Runnable" testcasecount="7" result="Passed" start-time="2026-05-28 14:32:40Z" end-time="2026-05-28 14:32:40Z" duration="0.018197" total="7" passed="7" failed="0" inconclusive="0" skipped="0" asserts="0">
              <properties />
              <test-case id="1005" name="Default_Duration_IsDefault" fullname="BovineLabs.HitStop.Tests.HitStopConfigTests.Default_Duration_IsDefault" methodname="Default_Duration_IsDefault" classname="BovineLabs.HitStop.Tests.HitStopConfigTests" runstate="Runnable" seed="1179463253" result="Passed" start-time="2026-05-28 14:32:40Z" end-time="2026-05-28 14:32:40Z" duration="0.008088" asserts="0">
                <properties>
                  <property name="retryIteration" value="0" />
                  <property name="repeatIteration" value="0" />
                </properties>
              </test-case>
              <test-case id="1004" name="Default_Intensity_IsDefault" fullname="BovineLabs.HitStop.Tests.HitStopConfigTests.Default_Intensity_IsDefault" methodname="Default_Intensity_IsDefault" classname="BovineLabs.HitStop.Tests.HitStopConfigTests" runstate="Runnable" seed="136469197" result="Passed" start-time="2026-05-28 14:32:40Z" end-time="2026-05-28 14:32:40Z" duration="0.000182" asserts="0">
                <properties>
                  <property name="retryIteration" value="0" />
                  <property name="repeatIteration" value="0" />
                </properties>
              </test-case>
              <test-case id="1003" name="Default_OnEnd_IsNull" fullname="BovineLabs.HitStop.Tests.HitStopConfigTests.Default_OnEnd_IsNull" methodname="Default_OnEnd_IsNull" classname="BovineLabs.HitStop.Tests.HitStopConfigTests" runstate="Runnable" seed="1415416113" result="Passed" start-time="2026-05-28 14:32:40Z" end-time="2026-05-28 14:32:40Z" duration="0.000262" asserts="0">
                <properties>
                  <property name="retryIteration" value="0" />
                  <property name="repeatIteration" value="0" />
                </properties>
              </test-case>
              <test-case id="1002" name="Default_OnHit_IsNull" fullname="BovineLabs.HitStop.Tests.HitStopConfigTests.Default_OnHit_IsNull" methodname="Default_OnHit_IsNull" classname="BovineLabs.HitStop.Tests.HitStopConfigTests" runstate="Runnable" seed="1943933779" result="Passed" start-time="2026-05-28 14:32:40Z" end-time="2026-05-28 14:32:40Z" duration="0.000137" asserts="0">
                <properties>
                  <property name="retryIteration" value="0" />
                  <property name="repeatIteration" value="0" />
                </properties>
              </test-case>
              <test-case id="1006" name="Default_Target_IsNone" fullname="BovineLabs.HitStop.Tests.HitStopConfigTests.Default_Target_IsNone" methodname="Default_Target_IsNone" classname="BovineLabs.HitStop.Tests.HitStopConfigTests" runstate="Runnable" seed="1663305539" result="Passed" start-time="2026-05-28 14:32:40Z" end-time="2026-05-28 14:32:40Z" duration="0.000126" asserts="0">
                <properties>
                  <property name="retryIteration" value="0" />
                  <property name="repeatIteration" value="0" />
                </properties>
              </test-case>
              <test-case id="1007" name="Fields_SetCorrectly" fullname="BovineLabs.HitStop.Tests.HitStopConfigTests.Fields_SetCorrectly" methodname="Fields_SetCorrectly" classname="BovineLabs.HitStop.Tests.HitStopConfigTests" runstate="Runnable" seed="1415803313" result="Passed" start-time="2026-05-28 14:32:40Z" end-time="2026-05-28 14:32:40Z" duration="0.000292" asserts="0">
                <properties>
                  <property name="retryIteration" value="0" />
                  <property name="repeatIteration" value="0" />
                </properties>
              </test-case>
              <test-case id="1008" name="Target_CanBeSet_ToAllEnumValues" fullname="BovineLabs.HitStop.Tests.HitStopConfigTests.Target_CanBeSet_ToAllEnumValues" methodname="Target_CanBeSet_ToAllEnumValues" classname="BovineLabs.HitStop.Tests.HitStopConfigTests" runstate="Runnable" seed="1817815465" result="Passed" start-time="2026-05-28 14:32:40Z" end-time="2026-05-28 14:32:40Z" duration="0.000188" asserts="0">
                <properties>
                  <property name="retryIteration" value="0" />
                  <property name="repeatIteration" value="0" />
                </properties>
              </test-case>
            </test-suite>
            <test-suite type="TestFixture" id="1009" name="HitStopStateTests" fullname="BovineLabs.HitStop.Tests.HitStopStateTests" classname="BovineLabs.HitStop.Tests.HitStopStateTests" runstate="Runnable" testcasecount="7" result="Passed" start-time="2026-05-28 14:32:40Z" end-time="2026-05-28 14:32:40Z" duration="0.004641" total="7" passed="7" failed="0" inconclusive="0" skipped="0" asserts="0">
              <properties />
              <test-case id="1010" name="Default_CurrentIntensity_IsZero" fullname="BovineLabs.HitStop.Tests.HitStopStateTests.Default_CurrentIntensity_IsZero" methodname="Default_CurrentIntensity_IsZero" classname="BovineLabs.HitStop.Tests.HitStopStateTests" runstate="Runnable" seed="1398161010" result="Passed" start-time="2026-05-28 14:32:40Z" end-time="2026-05-28 14:32:40Z" duration="0.000626" asserts="0">
                <properties>
                  <property name="retryIteration" value="0" />
                  <property name="repeatIteration" value="0" />
                </properties>
              </test-case>
              <test-case id="1012" name="Default_OnEnd_IsNull" fullname="BovineLabs.HitStop.Tests.HitStopStateTests.Default_OnEnd_IsNull" methodname="Default_OnEnd_IsNull" classname="BovineLabs.HitStop.Tests.HitStopStateTests" runstate="Runnable" seed="2139260691" result="Passed" start-time="2026-05-28 14:32:40Z" end-time="2026-05-28 14:32:40Z" duration="0.000142" asserts="0">
                <properties>
                  <property name="retryIteration" value="0" />
                  <property name="repeatIteration" value="0" />
                </properties>
              </test-case>
              <test-case id="1011" name="Default_Seed_IsZero" fullname="BovineLabs.HitStop.Tests.HitStopStateTests.Default_Seed_IsZero" methodname="Default_Seed_IsZero" classname="BovineLabs.HitStop.Tests.HitStopStateTests" runstate="Runnable" seed="373200372" result="Passed" start-time="2026-05-28 14:32:40Z" end-time="2026-05-28 14:32:40Z" duration="0.000320" asserts="0">
                <properties>
                  <property name="retryIteration" value="0" />
                  <property name="repeatIteration" value="0" />
                </properties>
              </test-case>
              <test-case id="1013" name="Default_Source_IsNullEntity" fullname="BovineLabs.HitStop.Tests.HitStopStateTests.Default_Source_IsNullEntity" methodname="Default_Source_IsNullEntity" classname="BovineLabs.HitStop.Tests.HitStopStateTests" runstate="Runnable" seed="2074762881" result="Passed" start-time="2026-05-28 14:32:40Z" end-time="2026-05-28 14:32:40Z" duration="0.000259" asserts="0">
                <properties>
                  <property name="retryIteration" value="0" />
                  <property name="repeatIteration" value="0" />
                </properties>
              </test-case>
              <test-case id="1014" name="Fields_SetCorrectly" fullname="BovineLabs.HitStop.Tests.HitStopStateTests.Fields_SetCorrectly" methodname="Fields_SetCorrectly" classname="BovineLabs.HitStop.Tests.HitStopStateTests" runstate="Runnable" seed="1402944070" result="Passed" start-time="2026-05-28 14:32:40Z" end-time="2026-05-28 14:32:40Z" duration="0.000195" asserts="0">
                <properties>
                  <property name="retryIteration" value="0" />
                  <property name="repeatIteration" value="0" />
                </properties>
              </test-case>
              <test-case id="1015" name="Implements_IComponentData" fullname="BovineLabs.HitStop.Tests.HitStopStateTests.Implements_IComponentData" methodname="Implements_IComponentData" classname="BovineLabs.HitStop.Tests.HitStopStateTests" runstate="Runnable" seed="937028945" result="Passed" start-time="2026-05-28 14:32:40Z" end-time="2026-05-28 14:32:40Z" duration="0.000289" asserts="0">
                <properties>
                  <property name="retryIteration" value="0" />
                  <property name="repeatIteration" value="0" />
                </properties>
              </test-case>
              <test-case id="1016" name="Implements_IEnableableComponent" fullname="BovineLabs.HitStop.Tests.HitStopStateTests.Implements_IEnableableComponent" methodname="Implements_IEnableableComponent" classname="BovineLabs.HitStop.Tests.HitStopStateTests" runstate="Runnable" seed="1758803059" result="Passed" start-time="2026-05-28 14:32:40Z" end-time="2026-05-28 14:32:40Z" duration="0.000107" asserts="0">
                <properties>
                  <property name="retryIteration" value="0" />
                  <property name="repeatIteration" value="0" />
                </properties>
              </test-case>
            </test-suite>
            <test-suite type="TestFixture" id="1017" name="HitStopSystemTests" fullname="BovineLabs.HitStop.Tests.HitStopSystemTests" classname="BovineLabs.HitStop.Tests.HitStopSystemTests" runstate="Runnable" testcasecount="11" result="Passed" start-time="2026-05-28 14:32:40Z" end-time="2026-05-28 14:32:41Z" duration="0.038946" total="11" passed="11" failed="0" inconclusive="0" skipped="0" asserts="0">
              <properties />
              <test-case id="1023" name="HitStopConfig_IsAddedAsComponent" fullname="BovineLabs.HitStop.Tests.HitStopSystemTests.HitStopConfig_IsAddedAsComponent" methodname="HitStopConfig_IsAddedAsComponent" classname="BovineLabs.HitStop.Tests.HitStopSystemTests" runstate="Runnable" seed="1556971266" result="Passed" start-time="2026-05-28 14:32:40Z" end-time="2026-05-28 14:32:40Z" duration="0.015800" asserts="0">
                <properties>
                  <property name="retryIteration" value="0" />
                  <property name="repeatIteration" value="0" />
                </properties>
              </test-case>
              <test-case id="1024" name="HitStopRemainingTime_SetAndGet" fullname="BovineLabs.HitStop.Tests.HitStopSystemTests.HitStopRemainingTime_SetAndGet" methodname="HitStopRemainingTime_SetAndGet" classname="BovineLabs.HitStop.Tests.HitStopSystemTests" runstate="Runnable" seed="348843097" result="Passed" start-time="2026-05-28 14:32:40Z" end-time="2026-05-28 14:32:40Z" duration="0.002070" asserts="0">
                <properties>
                  <property name="retryIteration" value="0" />
                  <property name="repeatIteration" value="0" />
                </properties>
              </test-case>
              <test-case id="1021" name="HitStopState_CanBeEnabled" fullname="BovineLabs.HitStop.Tests.HitStopSystemTests.HitStopState_CanBeEnabled" methodname="HitStopState_CanBeEnabled" classname="BovineLabs.HitStop.Tests.HitStopSystemTests" runstate="Runnable" seed="1635598651" result="Passed" start-time="2026-05-28 14:32:40Z" end-time="2026-05-28 14:32:41Z" duration="0.001698" asserts="0">
                <properties>
                  <property name="retryIteration" value="0" />
                  <property name="repeatIteration" value="0" />
                </properties>
              </test-case>
              <test-case id="1022" name="HitStopState_CanBeToggled" fullname="BovineLabs.HitStop.Tests.HitStopSystemTests.HitStopState_CanBeToggled" methodname="HitStopState_CanBeToggled" classname="BovineLabs.HitStop.Tests.HitStopSystemTests" runstate="Runnable" seed="2079095019" result="Passed" start-time="2026-05-28 14:32:41Z" end-time="2026-05-28 14:32:41Z" duration="0.001414" asserts="0">
                <properties>
                  <property name="retryIteration" value="0" />
                  <property name="repeatIteration" value="0" />
                </properties>
              </test-case>
              <test-case id="1020" name="HitStopState_Default_IsEnabledOnEntity" fullname="BovineLabs.HitStop.Tests.HitStopSystemTests.HitStopState_Default_IsEnabledOnEntity" methodname="HitStopState_Default_IsEnabledOnEntity" classname="BovineLabs.HitStop.Tests.HitStopSystemTests" runstate="Runnable" seed="1299810101" result="Passed" start-time="2026-05-28 14:32:41Z" end-time="2026-05-28 14:32:41Z" duration="0.001274" asserts="0">
                <properties>
                  <property name="retryIteration" value="0" />
                  <property name="repeatIteration" value="0" />
                </properties>
              </test-case>
              <test-case id="1025" name="HitStopState_Intensity_SetAndGet" fullname="BovineLabs.HitStop.Tests.HitStopSystemTests.HitStopState_Intensity_SetAndGet" methodname="HitStopState_Intensity_SetAndGet" classname="BovineLabs.HitStop.Tests.HitStopSystemTests" runstate="Runnable" seed="1556262641" result="Passed" start-time="2026-05-28 14:32:41Z" end-time="2026-05-28 14:32:41Z" duration="0.001678" asserts="0">
                <properties>
                  <property name="retryIteration" value="0" />
                  <property name="repeatIteration" value="0" />
                </properties>
              </test-case>
              <test-case id="1028" name="MultipleEntities_IndependentState" fullname="BovineLabs.HitStop.Tests.HitStopSystemTests.MultipleEntities_IndependentState" methodname="MultipleEntities_IndependentState" classname="BovineLabs.HitStop.Tests.HitStopSystemTests" runstate="Runnable" seed="1961027178" result="Passed" start-time="2026-05-28 14:32:41Z" end-time="2026-05-28 14:32:41Z" duration="0.001899" asserts="0">
                <properties>
                  <property name="retryIteration" value="0" />
                  <property name="repeatIteration" value="0" />
                </properties>
              </test-case>
              <test-case id="1027" name="MultipleEntities_WithHitStopState_AllEnabledByDefault" fullname="BovineLabs.HitStop.Tests.HitStopSystemTests.MultipleEntities_WithHitStopState_AllEnabledByDefault" methodname="MultipleEntities_WithHitStopState_AllEnabledByDefault" classname="BovineLabs.HitStop.Tests.HitStopSystemTests" runstate="Runnable" seed="1034183619" result="Passed" start-time="2026-05-28 14:32:41Z" end-time="2026-05-28 14:32:41Z" duration="0.001476" asserts="0">
                <properties>
                  <property name="retryIteration" value="0" />
                  <property name="repeatIteration" value="0" />
                </properties>
              </test-case>
              <test-case id="1018" name="OnCreate_DoesNotThrow" fullname="BovineLabs.HitStop.Tests.HitStopSystemTests.OnCreate_DoesNotThrow" methodname="OnCreate_DoesNotThrow" classname="BovineLabs.HitStop.Tests.HitStopSystemTests" runstate="Runnable" seed="1707357998" result="Passed" start-time="2026-05-28 14:32:41Z" end-time="2026-05-28 14:32:41Z" duration="0.005934" asserts="0">
                <properties>
                  <property name="retryIteration" value="0" />
                  <property name="repeatIteration" value="0" />
                </properties>
              </test-case>
              <test-case id="1026" name="PostTransformMatrix_WithHitStopState_CanCoexist" fullname="BovineLabs.HitStop.Tests.HitStopSystemTests.PostTransformMatrix_WithHitStopState_CanCoexist" methodname="PostTransformMatrix_WithHitStopState_CanCoexist" classname="BovineLabs.HitStop.Tests.HitStopSystemTests" runstate="Runnable" seed="1775160505" result="Passed" start-time="2026-05-28 14:32:41Z" end-time="2026-05-28 14:32:41Z" duration="0.001593" asserts="0">
                <properties>
                  <property name="retryIteration" value="0" />
                  <property name="repeatIteration" value="0" />
                </properties>
              </test-case>
              <test-case id="1019" name="Update_WithNoEntities_DoesNotThrow" fullname="BovineLabs.HitStop.Tests.HitStopSystemTests.Update_WithNoEntities_DoesNotThrow" methodname="Update_WithNoEntities_DoesNotThrow" classname="BovineLabs.HitStop.Tests.HitStopSystemTests" runstate="Runnable" seed="217733021" result="Passed" start-time="2026-05-28 14:32:41Z" end-time="2026-05-28 14:32:41Z" duration="0.001603" asserts="0">
                <properties>
                  <property name="retryIteration" value="0" />
                  <property name="repeatIteration" value="0" />
                </properties>
              </test-case>
            </test-suite>
          </test-suite>
        </test-suite>
      </test-suite>
    </test-suite>
    <test-suite type="Assembly" id="1103" name="BovineLabs.Timeline.Animation.Tests.dll" fullname="/home/i/GitHub/BovineLabs/Library/ScriptAssemblies/BovineLabs.Timeline.Animation.Tests.dll" runstate="Runnable" testcasecount="54" result="Passed" start-time="2026-05-28 14:32:41Z" end-time="2026-05-28 14:32:41Z" duration="0.023858" total="54" passed="54" failed="0" inconclusive="0" skipped="0" asserts="0">
      <properties>
        <property name="_PID" value="1019208" />
        <property name="_APPDOMAIN" value="Unity Child Domain" />
        <property name="platform" value="EditMode" />
        <property name="EditorOnly" value="True" />
      </properties>
      <test-suite type="TestSuite" id="1104" name="BovineLabs" fullname="BovineLabs" runstate="Runnable" testcasecount="54" result="Passed" start-time="2026-05-28 14:32:41Z" end-time="2026-05-28 14:32:41Z" duration="0.023613" total="54" passed="54" failed="0" inconclusive="0" skipped="0" asserts="0">
        <properties />
        <test-suite type="TestSuite" id="1105" name="Timeline" fullname="BovineLabs.Timeline" runstate="Runnable" testcasecount="54" result="Passed" start-time="2026-05-28 14:32:41Z" end-time="2026-05-28 14:32:41Z" duration="0.023485" total="54" passed="54" failed="0" inconclusive="0" skipped="0" asserts="0">
          <properties />
          <test-suite type="TestSuite" id="1106" name="Animation" fullname="BovineLabs.Timeline.Animation" runstate="Runnable" testcasecount="54" result="Passed" start-time="2026-05-28 14:32:41Z" end-time="2026-05-28 14:32:41Z" duration="0.023383" total="54" passed="54" failed="0" inconclusive="0" skipped="0" asserts="0">
            <properties />
            <test-suite type="TestSuite" id="1107" name="Tests" fullname="BovineLabs.Timeline.Animation.Tests" runstate="Runnable" testcasecount="54" result="Passed" start-time="2026-05-28 14:32:41Z" end-time="2026-05-28 14:32:41Z" duration="0.023137" total="54" passed="54" failed="0" inconclusive="0" skipped="0" asserts="0">
              <properties />
              <test-suite type="TestFixture" id="1067" name="AnimationDebugStateTests" fullname="BovineLabs.Timeline.Animation.Tests.AnimationDebugStateTests" classname="BovineLabs.Timeline.Animation.Tests.AnimationDebugStateTests" runstate="Runnable" testcasecount="4" result="Passed" start-time="2026-05-28 14:32:41Z" end-time="2026-05-28 14:32:41Z" duration="0.001595" total="4" passed="4" failed="0" inconclusive="0" skipped="0" asserts="0">
                <properties />
                <test-case id="1070" name="Default_ZeroFields" fullname="BovineLabs.Timeline.Animation.Tests.AnimationDebugStateTests.Default_ZeroFields" methodname="Default_ZeroFields" classname="BovineLabs.Timeline.Animation.Tests.AnimationDebugStateTests" runstate="Runnable" seed="1877795234" result="Passed" start-time="2026-05-28 14:32:41Z" end-time="2026-05-28 14:32:41Z" duration="0.000306" asserts="0">
                  <properties>
                    <property name="retryIteration" value="0" />
                    <property name="repeatIteration" value="0" />
                  </properties>
                </test-case>
                <test-case id="1071" name="Fields_SetCorrectly" fullname="BovineLabs.Timeline.Animation.Tests.AnimationDebugStateTests.Fields_SetCorrectly" methodname="Fields_SetCorrectly" classname="BovineLabs.Timeline.Animation.Tests.AnimationDebugStateTests" runstate="Runnable" seed="1376329542" result="Passed" start-time="2026-05-28 14:32:41Z" end-time="2026-05-28 14:32:41Z" duration="0.000172" asserts="0">
                  <properties>
                    <property name="retryIteration" value="0" />
                    <property name="repeatIteration" value="0" />
                  </properties>
                </test-case>
                <test-case id="1069" name="Implements_IComponentData" fullname="BovineLabs.Timeline.Animation.Tests.AnimationDebugStateTests.Implements_IComponentData" methodname="Implements_IComponentData" classname="BovineLabs.Timeline.Animation.Tests.AnimationDebugStateTests" runstate="Runnable" seed="1318322871" result="Passed" start-time="2026-05-28 14:32:41Z" end-time="2026-05-28 14:32:41Z" duration="0.000113" asserts="0">
                  <properties>
                    <property name="retryIteration" value="0" />
                    <property name="repeatIteration" value="0" />
                  </properties>
                </test-case>
                <test-case id="1068" name="IsValueType" fullname="BovineLabs.Timeline.Animation.Tests.AnimationDebugStateTests.IsValueType" methodname="IsValueType" classname="BovineLabs.Timeline.Animation.Tests.AnimationDebugStateTests" runstate="Runnable" seed="29802210" result="Passed" start-time="2026-05-28 14:32:41Z" end-time="2026-05-28 14:32:41Z" duration="0.000094" asserts="0">
                  <properties>
                    <property name="retryIteration" value="0" />
                    <property name="repeatIteration" value="0" />
                  </properties>
                </test-case>
              </test-suite>
              <test-suite type="TestFixture" id="1083" name="BlendAnimationTree2DTrackDataTests" fullname="BovineLabs.Timeline.Animation.Tests.BlendAnimationTree2DTrackDataTests" classname="BovineLabs.Timeline.Animation.Tests.BlendAnimationTree2DTrackDataTests" runstate="Runnable" testcasecount="4" result="Passed" start-time="2026-05-28 14:32:41Z" end-time="2026-05-28 14:32:41Z" duration="0.001411" total="4" passed="4" failed="0" inconclusive="0" skipped="0" asserts="0">
                <properties />
                <test-case id="1086" name="Default_ZeroFields" fullname="BovineLabs.Timeline.Animation.Tests.BlendAnimationTree2DTrackDataTests.Default_ZeroFields" methodname="Default_ZeroFields" classname="BovineLabs.Timeline.Animation.Tests.BlendAnimationTree2DTrackDataTests" runstate="Runnable" seed="2139129853" result="Passed" start-time="2026-05-28 14:32:41Z" end-time="2026-05-28 14:32:41Z" duration="0.000155" asserts="0">
                  <properties>
                    <property name="retryIteration" value="0" />
                    <property name="repeatIteration" value="0" />
                  </properties>
                </test-case>
                <test-case id="1087" name="Fields_SetCorrectly" fullname="BovineLabs.Timeline.Animation.Tests.BlendAnimationTree2DTrackDataTests.Fields_SetCorrectly" methodname="Fields_SetCorrectly" classname="BovineLabs.Timeline.Animation.Tests.BlendAnimationTree2DTrackDataTests" runstate="Runnable" seed="548681959" result="Passed" start-time="2026-05-28 14:32:41Z" end-time="2026-05-28 14:32:41Z" duration="0.000134" asserts="0">
                  <properties>
                    <property name="retryIteration" value="0" />
                    <property name="repeatIteration" value="0" />
                  </properties>
                </test-case>
                <test-case id="1085" name="Implements_IComponentData" fullname="BovineLabs.Timeline.Animation.Tests.BlendAnimationTree2DTrackDataTests.Implements_IComponentData" methodname="Implements_IComponentData" classname="BovineLabs.Timeline.Animation.Tests.BlendAnimationTree2DTrackDataTests" runstate="Runnable" seed="2550210" result="Passed" start-time="2026-05-28 14:32:41Z" end-time="2026-05-28 14:32:41Z" duration="0.000100" asserts="0">
                  <properties>
                    <property name="retryIteration" value="0" />
                    <property name="repeatIteration" value="0" />
                  </properties>
                </test-case>
                <test-case id="1084" name="IsValueType" fullname="BovineLabs.Timeline.Animation.Tests.BlendAnimationTree2DTrackDataTests.IsValueType" methodname="IsValueType" classname="BovineLabs.Timeline.Animation.Tests.BlendAnimationTree2DTrackDataTests" runstate="Runnable" seed="1691010713" result="Passed" start-time="2026-05-28 14:32:41Z" end-time="2026-05-28 14:32:41Z" duration="0.000089" asserts="0">
                  <properties>
                    <property name="retryIteration" value="0" />
                    <property name="repeatIteration" value="0" />
                  </properties>
                </test-case>
              </test-suite>
              <test-suite type="TestFixture" id="1081" name="BlendDirectionReadKindTests" fullname="BovineLabs.Timeline.Animation.Tests.BlendDirectionReadKindTests" classname="BovineLabs.Timeline.Animation.Tests.BlendDirectionReadKindTests" runstate="Runnable" testcasecount="1" result="Passed" start-time="2026-05-28 14:32:41Z" end-time="2026-05-28 14:32:41Z" duration="0.000583" total="1" passed="1" failed="0" inconclusive="0" skipped="0" asserts="0">
                <properties />
                <test-case id="1082" name="Values_AreCorrect" fullname="BovineLabs.Timeline.Animation.Tests.BlendDirectionReadKindTests.Values_AreCorrect" methodname="Values_AreCorrect" classname="BovineLabs.Timeline.Animation.Tests.BlendDirectionReadKindTests" runstate="Runnable" seed="718782515" result="Passed" start-time="2026-05-28 14:32:41Z" end-time="2026-05-28 14:32:41Z" duration="0.000121" asserts="0">
                  <properties>
                    <property name="retryIteration" value="0" />
                    <property name="repeatIteration" value="0" />
                  </properties>
                </test-case>
              </test-suite>
              <test-suite type="TestFixture" id="1034" name="BlendGroupEntryTests" fullname="BovineLabs.Timeline.Animation.Tests.BlendGroupEntryTests" classname="BovineLabs.Timeline.Animation.Tests.BlendGroupEntryTests" runstate="Runnable" testcasecount="4" result="Passed" start-time="2026-05-28 14:32:41Z" end-time="2026-05-28 14:32:41Z" duration="0.002381" total="4" passed="4" failed="0" inconclusive="0" skipped="0" asserts="0">
                <properties />
                <test-case id="1037" name="Default_ZeroFields" fullname="BovineLabs.Timeline.Animation.Tests.BlendGroupEntryTests.Default_ZeroFields" methodname="Default_ZeroFields" classname="BovineLabs.Timeline.Animation.Tests.BlendGroupEntryTests" runstate="Runnable" seed="2120131614" result="Passed" start-time="2026-05-28 14:32:41Z" end-time="2026-05-28 14:32:41Z" duration="0.000554" asserts="0">
                  <properties>
                    <property name="retryIteration" value="0" />
                    <property name="repeatIteration" value="0" />
                  </properties>
                </test-case>
                <test-case id="1038" name="Fields_SetCorrectly" fullname="BovineLabs.Timeline.Animation.Tests.BlendGroupEntryTests.Fields_SetCorrectly" methodname="Fields_SetCorrectly" classname="BovineLabs.Timeline.Animation.Tests.BlendGroupEntryTests" runstate="Runnable" seed="887063271" result="Passed" start-time="2026-05-28 14:32:41Z" end-time="2026-05-28 14:32:41Z" duration="0.000760" asserts="0">
                  <properties>
                    <property name="retryIteration" value="0" />
                    <property name="repeatIteration" value="0" />
                  </properties>
                </test-case>
                <test-case id="1036" name="Implements_IBufferElementData" fullname="BovineLabs.Timeline.Animation.Tests.BlendGroupEntryTests.Implements_IBufferElementData" methodname="Implements_IBufferElementData" classname="BovineLabs.Timeline.Animation.Tests.BlendGroupEntryTests" runstate="Runnable" seed="1689429808" result="Passed" start-time="2026-05-28 14:32:41Z" end-time="2026-05-28 14:32:41Z" duration="0.000114" asserts="0">
                  <properties>
                    <property name="retryIteration" value="0" />
                    <property name="repeatIteration" value="0" />
                  </properties>
                </test-case>
                <test-case id="1035" name="IsValueType" fullname="BovineLabs.Timeline.Animation.Tests.BlendGroupEntryTests.IsValueType" methodname="IsValueType" classname="BovineLabs.Timeline.Animation.Tests.BlendGroupEntryTests" runstate="Runnable" seed="369027352" result="Passed" start-time="2026-05-28 14:32:41Z" end-time="2026-05-28 14:32:41Z" duration="0.000094" asserts="0">
                  <properties>
                    <property name="retryIteration" value="0" />
                    <property name="repeatIteration" value="0" />
                  </properties>
                </test-case>
              </test-suite>
              <test-suite type="TestFixture" id="1044" name="BlendGroupTimerTests" fullname="BovineLabs.Timeline.Animation.Tests.BlendGroupTimerTests" classname="BovineLabs.Timeline.Animation.Tests.BlendGroupTimerTests" runstate="Runnable" testcasecount="5" result="Passed" start-time="2026-05-28 14:32:41Z" end-time="2026-05-28 14:32:41Z" duration="0.001538" total="5" passed="5" failed="0" inconclusive="0" skipped="0" asserts="0">
                <properties />
                <test-case id="1048" name="Default_ZeroFields" fullname="BovineLabs.Timeline.Animation.Tests.BlendGroupTimerTests.Default_ZeroFields" methodname="Default_ZeroFields" classname="BovineLabs.Timeline.Animation.Tests.BlendGroupTimerTests" runstate="Runnable" seed="1706715894" result="Passed" start-time="2026-05-28 14:32:41Z" end-time="2026-05-28 14:32:41Z" duration="0.000160" asserts="0">
                  <properties>
                    <property name="retryIteration" value="0" />
                    <property name="repeatIteration" value="0" />
                  </properties>
                </test-case>
                <test-case id="1049" name="Fields_SetCorrectly" fullname="BovineLabs.Timeline.Animation.Tests.BlendGroupTimerTests.Fields_SetCorrectly" methodname="Fields_SetCorrectly" classname="BovineLabs.Timeline.Animation.Tests.BlendGroupTimerTests" runstate="Runnable" seed="681005229" result="Passed" start-time="2026-05-28 14:32:41Z" end-time="2026-05-28 14:32:41Z" duration="0.000144" asserts="0">
                  <properties>
                    <property name="retryIteration" value="0" />
                    <property name="repeatIteration" value="0" />
                  </properties>
                </test-case>
                <test-case id="1046" name="Implements_IComponentData" fullname="BovineLabs.Timeline.Animation.Tests.BlendGroupTimerTests.Implements_IComponentData" methodname="Implements_IComponentData" classname="BovineLabs.Timeline.Animation.Tests.BlendGroupTimerTests" runstate="Runnable" seed="1426428379" result="Passed" start-time="2026-05-28 14:32:41Z" end-time="2026-05-28 14:32:41Z" duration="0.000092" asserts="0">
                  <properties>
                    <property name="retryIteration" value="0" />
                    <property name="repeatIteration" value="0" />
                  </properties>
                </test-case>
                <test-case id="1047" name="Implements_IEnableableComponent" fullname="BovineLabs.Timeline.Animation.Tests.BlendGroupTimerTests.Implements_IEnableableComponent" methodname="Implements_IEnableableComponent" classname="BovineLabs.Timeline.Animation.Tests.BlendGroupTimerTests" runstate="Runnable" seed="1214624437" result="Passed" start-time="2026-05-28 14:32:41Z" end-time="2026-05-28 14:32:41Z" duration="0.000095" asserts="0">
                  <properties>
                    <property name="retryIteration" value="0" />
                    <property name="repeatIteration" value="0" />
                  </properties>
                </test-case>
                <test-case id="1045" name="IsValueType" fullname="BovineLabs.Timeline.Animation.Tests.BlendGroupTimerTests.IsValueType" methodname="IsValueType" classname="BovineLabs.Timeline.Animation.Tests.BlendGroupTimerTests" runstate="Runnable" seed="1539411291" result="Passed" start-time="2026-05-28 14:32:41Z" end-time="2026-05-28 14:32:41Z" duration="0.000084" asserts="0">
                  <properties>
                    <property name="retryIteration" value="0" />
                    <property name="repeatIteration" value="0" />
                  </properties>
                </test-case>
              </test-suite>
              <test-suite type="TestFixture" id="1077" name="BlendTree2DDirectionClipDataTests" fullname="BovineLabs.Timeline.Animation.Tests.BlendTree2DDirectionClipDataTests" classname="BovineLabs.Timeline.Animation.Tests.BlendTree2DDirectionClipDataTests" runstate="Runnable" testcasecount="3" result="Passed" start-time="2026-05-28 14:32:41Z" end-time="2026-05-28 14:32:41Z" duration="0.001406" total="3" passed="3" failed="0" inconclusive="0" skipped="0" asserts="0">
                <properties />
                <test-case id="1079" name="Default_ZeroFields" fullname="BovineLabs.Timeline.Animation.Tests.BlendTree2DDirectionClipDataTests.Default_ZeroFields" methodname="Default_ZeroFields" classname="BovineLabs.Timeline.Animation.Tests.BlendTree2DDirectionClipDataTests" runstate="Runnable" seed="1343520663" result="Passed" start-time="2026-05-28 14:32:41Z" end-time="2026-05-28 14:32:41Z" duration="0.000305" asserts="0">
                  <properties>
                    <property name="retryIteration" value="0" />
                    <property name="repeatIteration" value="0" />
                  </properties>
                </test-case>
                <test-case id="1080" name="Fields_SetCorrectly" fullname="BovineLabs.Timeline.Animation.Tests.BlendTree2DDirectionClipDataTests.Fields_SetCorrectly" methodname="Fields_SetCorrectly" classname="BovineLabs.Timeline.Animation.Tests.BlendTree2DDirectionClipDataTests" runstate="Runnable" seed="633080942" result="Passed" start-time="2026-05-28 14:32:41Z" end-time="2026-05-28 14:32:41Z" duration="0.000235" asserts="0">
                  <properties>
                    <property name="retryIteration" value="0" />
                    <property name="repeatIteration" value="0" />
                  </properties>
                </test-case>
                <test-case id="1078" name="IsValueType" fullname="BovineLabs.Timeline.Animation.Tests.BlendTree2DDirectionClipDataTests.IsValueType" methodname="IsValueType" classname="BovineLabs.Timeline.Animation.Tests.BlendTree2DDirectionClipDataTests" runstate="Runnable" seed="1201990876" result="Passed" start-time="2026-05-28 14:32:41Z" end-time="2026-05-28 14:32:41Z" duration="0.000096" asserts="0">
                  <properties>
                    <property name="retryIteration" value="0" />
                    <property name="repeatIteration" value="0" />
                  </properties>
                </test-case>
              </test-suite>
              <test-suite type="TestFixture" id="1072" name="BlendTree2DMotionDataTests" fullname="BovineLabs.Timeline.Animation.Tests.BlendTree2DMotionDataTests" classname="BovineLabs.Timeline.Animation.Tests.BlendTree2DMotionDataTests" runstate="Runnable" testcasecount="4" result="Passed" start-time="2026-05-28 14:32:41Z" end-time="2026-05-28 14:32:41Z" duration="0.001526" total="4" passed="4" failed="0" inconclusive="0" skipped="0" asserts="0">
                <properties />
                <test-case id="1075" name="Default_ZeroFields" fullname="BovineLabs.Timeline.Animation.Tests.BlendTree2DMotionDataTests.Default_ZeroFields" methodname="Default_ZeroFields" classname="BovineLabs.Timeline.Animation.Tests.BlendTree2DMotionDataTests" runstate="Runnable" seed="757927507" result="Passed" start-time="2026-05-28 14:32:41Z" end-time="2026-05-28 14:32:41Z" duration="0.000253" asserts="0">
                  <properties>
                    <property name="retryIteration" value="0" />
                    <property name="repeatIteration" value="0" />
                  </properties>
                </test-case>
                <test-case id="1076" name="Fields_SetCorrectly" fullname="BovineLabs.Timeline.Animation.Tests.BlendTree2DMotionDataTests.Fields_SetCorrectly" methodname="Fields_SetCorrectly" classname="BovineLabs.Timeline.Animation.Tests.BlendTree2DMotionDataTests" runstate="Runnable" seed="605826179" result="Passed" start-time="2026-05-28 14:32:41Z" end-time="2026-05-28 14:32:41Z" duration="0.000217" asserts="0">
                  <properties>
                    <property name="retryIteration" value="0" />
                    <property name="repeatIteration" value="0" />
                  </properties>
                </test-case>
                <test-case id="1074" name="Implements_IBufferElementData" fullname="BovineLabs.Timeline.Animation.Tests.BlendTree2DMotionDataTests.Implements_IBufferElementData" methodname="Implements_IBufferElementData" classname="BovineLabs.Timeline.Animation.Tests.BlendTree2DMotionDataTests" runstate="Runnable" seed="438742066" result="Passed" start-time="2026-05-28 14:32:41Z" end-time="2026-05-28 14:32:41Z" duration="0.000104" asserts="0">
                  <properties>
                    <property name="retryIteration" value="0" />
                    <property name="repeatIteration" value="0" />
                  </properties>
                </test-case>
                <test-case id="1073" name="IsValueType" fullname="BovineLabs.Timeline.Animation.Tests.BlendTree2DMotionDataTests.IsValueType" methodname="IsValueType" classname="BovineLabs.Timeline.Animation.Tests.BlendTree2DMotionDataTests" runstate="Runnable" seed="1158934167" result="Passed" start-time="2026-05-28 14:32:41Z" end-time="2026-05-28 14:32:41Z" duration="0.000094" asserts="0">
                  <properties>
                    <property name="retryIteration" value="0" />
                    <property name="repeatIteration" value="0" />
                  </properties>
                </test-case>
              </test-suite>
              <test-suite type="TestFixture" id="1088" name="BlendTreePlaybackStateElementTests" fullname="BovineLabs.Timeline.Animation.Tests.BlendTreePlaybackStateElementTests" classname="BovineLabs.Timeline.Animation.Tests.BlendTreePlaybackStateElementTests" runstate="Runnable" testcasecount="4" result="Passed" start-time="2026-05-28 14:32:41Z" end-time="2026-05-28 14:32:41Z" duration="0.001382" total="4" passed="4" failed="0" inconclusive="0" skipped="0" asserts="0">
                <properties />
                <test-case id="1091" name="Default_ZeroFields" fullname="BovineLabs.Timeline.Animation.Tests.BlendTreePlaybackStateElementTests.Default_ZeroFields" methodname="Default_ZeroFields" classname="BovineLabs.Timeline.Animation.Tests.BlendTreePlaybackStateElementTests" runstate="Runnable" seed="287290195" result="Passed" start-time="2026-05-28 14:32:41Z" end-time="2026-05-28 14:32:41Z" duration="0.000165" asserts="0">
                  <properties>
                    <property name="retryIteration" value="0" />
                    <property name="repeatIteration" value="0" />
                  </properties>
                </test-case>
                <test-case id="1092" name="Fields_SetCorrectly" fullname="BovineLabs.Timeline.Animation.Tests.BlendTreePlaybackStateElementTests.Fields_SetCorrectly" methodname="Fields_SetCorrectly" classname="BovineLabs.Timeline.Animation.Tests.BlendTreePlaybackStateElementTests" runstate="Runnable" seed="1606689511" result="Passed" start-time="2026-05-28 14:32:41Z" end-time="2026-05-28 14:32:41Z" duration="0.000171" asserts="0">
                  <properties>
                    <property name="retryIteration" value="0" />
                    <property name="repeatIteration" value="0" />
                  </properties>
                </test-case>
                <test-case id="1090" name="Implements_IBufferElementData" fullname="BovineLabs.Timeline.Animation.Tests.BlendTreePlaybackStateElementTests.Implements_IBufferElementData" methodname="Implements_IBufferElementData" classname="BovineLabs.Timeline.Animation.Tests.BlendTreePlaybackStateElementTests" runstate="Runnable" seed="1475257759" result="Passed" start-time="2026-05-28 14:32:41Z" end-time="2026-05-28 14:32:41Z" duration="0.000102" asserts="0">
                  <properties>
                    <property name="retryIteration" value="0" />
                    <property name="repeatIteration" value="0" />
                  </properties>
                </test-case>
                <test-case id="1089" name="IsValueType" fullname="BovineLabs.Timeline.Animation.Tests.BlendTreePlaybackStateElementTests.IsValueType" methodname="IsValueType" classname="BovineLabs.Timeline.Animation.Tests.BlendTreePlaybackStateElementTests" runstate="Runnable" seed="1161885589" result="Passed" start-time="2026-05-28 14:32:41Z" end-time="2026-05-28 14:32:41Z" duration="0.000091" asserts="0">
                  <properties>
                    <property name="retryIteration" value="0" />
                    <property name="repeatIteration" value="0" />
                  </properties>
                </test-case>
              </test-suite>
              <test-suite type="TestFixture" id="1055" name="DefaultBlendGroupFallbackTests" fullname="BovineLabs.Timeline.Animation.Tests.DefaultBlendGroupFallbackTests" classname="BovineLabs.Timeline.Animation.Tests.DefaultBlendGroupFallbackTests" runstate="Runnable" testcasecount="4" result="Passed" start-time="2026-05-28 14:32:41Z" end-time="2026-05-28 14:32:41Z" duration="0.001621" total="4" passed="4" failed="0" inconclusive="0" skipped="0" asserts="0">
                <properties />
                <test-case id="1058" name="Default_ZeroFields" fullname="BovineLabs.Timeline.Animation.Tests.DefaultBlendGroupFallbackTests.Default_ZeroFields" methodname="Default_ZeroFields" classname="BovineLabs.Timeline.Animation.Tests.DefaultBlendGroupFallbackTests" runstate="Runnable" seed="1917756988" result="Passed" start-time="2026-05-28 14:32:41Z" end-time="2026-05-28 14:32:41Z" duration="0.000257" asserts="0">
                  <properties>
                    <property name="retryIteration" value="0" />
                    <property name="repeatIteration" value="0" />
                  </properties>
                </test-case>
                <test-case id="1059" name="Fields_SetCorrectly" fullname="BovineLabs.Timeline.Animation.Tests.DefaultBlendGroupFallbackTests.Fields_SetCorrectly" methodname="Fields_SetCorrectly" classname="BovineLabs.Timeline.Animation.Tests.DefaultBlendGroupFallbackTests" runstate="Runnable" seed="231301757" result="Passed" start-time="2026-05-28 14:32:41Z" end-time="2026-05-28 14:32:41Z" duration="0.000302" asserts="0">
                  <properties>
                    <property name="retryIteration" value="0" />
                    <property name="repeatIteration" value="0" />
                  </properties>
                </test-case>
                <test-case id="1057" name="Implements_IComponentData" fullname="BovineLabs.Timeline.Animation.Tests.DefaultBlendGroupFallbackTests.Implements_IComponentData" methodname="Implements_IComponentData" classname="BovineLabs.Timeline.Animation.Tests.DefaultBlendGroupFallbackTests" runstate="Runnable" seed="1547148857" result="Passed" start-time="2026-05-28 14:32:41Z" end-time="2026-05-28 14:32:41Z" duration="0.000104" asserts="0">
                  <properties>
                    <property name="retryIteration" value="0" />
                    <property name="repeatIteration" value="0" />
                  </properties>
                </test-case>
                <test-case id="1056" name="IsValueType" fullname="BovineLabs.Timeline.Animation.Tests.DefaultBlendGroupFallbackTests.IsValueType" methodname="IsValueType" classname="BovineLabs.Timeline.Animation.Tests.DefaultBlendGroupFallbackTests" runstate="Runnable" seed="1077693296" result="Passed" start-time="2026-05-28 14:32:41Z" end-time="2026-05-28 14:32:41Z" duration="0.000088" asserts="0">
                  <properties>
                    <property name="retryIteration" value="0" />
                    <property name="repeatIteration" value="0" />
                  </properties>
                </test-case>
              </test-suite>
              <test-suite type="TestFixture" id="1050" name="FallbackBlendTests" fullname="BovineLabs.Timeline.Animation.Tests.FallbackBlendTests" classname="BovineLabs.Timeline.Animation.Tests.FallbackBlendTests" runstate="Runnable" testcasecount="4" result="Passed" start-time="2026-05-28 14:32:41Z" end-time="2026-05-28 14:32:41Z" duration="0.001593" total="4" passed="4" failed="0" inconclusive="0" skipped="0" asserts="0">
                <properties />
                <test-case id="1053" name="Default_ZeroFields" fullname="BovineLabs.Timeline.Animation.Tests.FallbackBlendTests.Default_ZeroFields" methodname="Default_ZeroFields" classname="BovineLabs.Timeline.Animation.Tests.FallbackBlendTests" runstate="Runnable" seed="32048426" result="Passed" start-time="2026-05-28 14:32:41Z" end-time="2026-05-28 14:32:41Z" duration="0.000268" asserts="0">
                  <properties>
                    <property name="retryIteration" value="0" />
                    <property name="repeatIteration" value="0" />
                  </properties>
                </test-case>
                <test-case id="1054" name="Fields_SetCorrectly" fullname="BovineLabs.Timeline.Animation.Tests.FallbackBlendTests.Fields_SetCorrectly" methodname="Fields_SetCorrectly" classname="BovineLabs.Timeline.Animation.Tests.FallbackBlendTests" runstate="Runnable" seed="2065914152" result="Passed" start-time="2026-05-28 14:32:41Z" end-time="2026-05-28 14:32:41Z" duration="0.000290" asserts="0">
                  <properties>
                    <property name="retryIteration" value="0" />
                    <property name="repeatIteration" value="0" />
                  </properties>
                </test-case>
                <test-case id="1052" name="Implements_IComponentData" fullname="BovineLabs.Timeline.Animation.Tests.FallbackBlendTests.Implements_IComponentData" methodname="Implements_IComponentData" classname="BovineLabs.Timeline.Animation.Tests.FallbackBlendTests" runstate="Runnable" seed="1184148018" result="Passed" start-time="2026-05-28 14:32:41Z" end-time="2026-05-28 14:32:41Z" duration="0.000105" asserts="0">
                  <properties>
                    <property name="retryIteration" value="0" />
                    <property name="repeatIteration" value="0" />
                  </properties>
                </test-case>
                <test-case id="1051" name="IsValueType" fullname="BovineLabs.Timeline.Animation.Tests.FallbackBlendTests.IsValueType" methodname="IsValueType" classname="BovineLabs.Timeline.Animation.Tests.FallbackBlendTests" runstate="Runnable" seed="726445150" result="Passed" start-time="2026-05-28 14:32:41Z" end-time="2026-05-28 14:32:41Z" duration="0.000098" asserts="0">
                  <properties>
                    <property name="retryIteration" value="0" />
                    <property name="repeatIteration" value="0" />
                  </properties>
                </test-case>
              </test-suite>
              <test-suite type="TestFixture" id="1065" name="FallbackPlaybackModeTests" fullname="BovineLabs.Timeline.Animation.Tests.FallbackPlaybackModeTests" classname="BovineLabs.Timeline.Animation.Tests.FallbackPlaybackModeTests" runstate="Runnable" testcasecount="1" result="Passed" start-time="2026-05-28 14:32:41Z" end-time="2026-05-28 14:32:41Z" duration="0.000557" total="1" passed="1" failed="0" inconclusive="0" skipped="0" asserts="0">
                <properties />
                <test-case id="1066" name="Values_AreCorrect" fullname="BovineLabs.Timeline.Animation.Tests.FallbackPlaybackModeTests.Values_AreCorrect" methodname="Values_AreCorrect" classname="BovineLabs.Timeline.Animation.Tests.FallbackPlaybackModeTests" runstate="Runnable" seed="255451567" result="Passed" start-time="2026-05-28 14:32:41Z" end-time="2026-05-28 14:32:41Z" duration="0.000123" asserts="0">
                  <properties>
                    <property name="retryIteration" value="0" />
                    <property name="repeatIteration" value="0" />
                  </properties>
                </test-case>
              </test-suite>
              <test-suite type="TestFixture" id="1093" name="RukhankaSingleClipDataTests" fullname="BovineLabs.Timeline.Animation.Tests.RukhankaSingleClipDataTests" classname="BovineLabs.Timeline.Animation.Tests.RukhankaSingleClipDataTests" runstate="Runnable" testcasecount="4" result="Passed" start-time="2026-05-28 14:32:41Z" end-time="2026-05-28 14:32:41Z" duration="0.001314" total="4" passed="4" failed="0" inconclusive="0" skipped="0" asserts="0">
                <properties />
                <test-case id="1096" name="Default_ZeroFields" fullname="BovineLabs.Timeline.Animation.Tests.RukhankaSingleClipDataTests.Default_ZeroFields" methodname="Default_ZeroFields" classname="BovineLabs.Timeline.Animation.Tests.RukhankaSingleClipDataTests" runstate="Runnable" seed="1882577192" result="Passed" start-time="2026-05-28 14:32:41Z" end-time="2026-05-28 14:32:41Z" duration="0.000146" asserts="0">
                  <properties>
                    <property name="retryIteration" value="0" />
                    <property name="repeatIteration" value="0" />
                  </properties>
                </test-case>
                <test-case id="1097" name="Fields_SetCorrectly" fullname="BovineLabs.Timeline.Animation.Tests.RukhankaSingleClipDataTests.Fields_SetCorrectly" methodname="Fields_SetCorrectly" classname="BovineLabs.Timeline.Animation.Tests.RukhankaSingleClipDataTests" runstate="Runnable" seed="1368402593" result="Passed" start-time="2026-05-28 14:32:41Z" end-time="2026-05-28 14:32:41Z" duration="0.000151" asserts="0">
                  <properties>
                    <property name="retryIteration" value="0" />
                    <property name="repeatIteration" value="0" />
                  </properties>
                </test-case>
                <test-case id="1095" name="Implements_IComponentData" fullname="BovineLabs.Timeline.Animation.Tests.RukhankaSingleClipDataTests.Implements_IComponentData" methodname="Implements_IComponentData" classname="BovineLabs.Timeline.Animation.Tests.RukhankaSingleClipDataTests" runstate="Runnable" seed="1704385304" result="Passed" start-time="2026-05-28 14:32:41Z" end-time="2026-05-28 14:32:41Z" duration="0.000096" asserts="0">
                  <properties>
                    <property name="retryIteration" value="0" />
                    <property name="repeatIteration" value="0" />
                  </properties>
                </test-case>
                <test-case id="1094" name="IsValueType" fullname="BovineLabs.Timeline.Animation.Tests.RukhankaSingleClipDataTests.IsValueType" methodname="IsValueType" classname="BovineLabs.Timeline.Animation.Tests.RukhankaSingleClipDataTests" runstate="Runnable" seed="883035815" result="Passed" start-time="2026-05-28 14:32:41Z" end-time="2026-05-28 14:32:41Z" duration="0.000096" asserts="0">
                  <properties>
                    <property name="retryIteration" value="0" />
                    <property name="repeatIteration" value="0" />
                  </properties>
                </test-case>
              </test-suite>
              <test-suite type="TestFixture" id="1098" name="RukhankaSingleTrackDataTests" fullname="BovineLabs.Timeline.Animation.Tests.RukhankaSingleTrackDataTests" classname="BovineLabs.Timeline.Animation.Tests.RukhankaSingleTrackDataTests" runstate="Runnable" testcasecount="4" result="Passed" start-time="2026-05-28 14:32:41Z" end-time="2026-05-28 14:32:41Z" duration="0.001281" total="4" passed="4" failed="0" inconclusive="0" skipped="0" asserts="0">
                <properties />
                <test-case id="1101" name="Default_ZeroFields" fullname="BovineLabs.Timeline.Animation.Tests.RukhankaSingleTrackDataTests.Default_ZeroFields" methodname="Default_ZeroFields" classname="BovineLabs.Timeline.Animation.Tests.RukhankaSingleTrackDataTests" runstate="Runnable" seed="1274855561" result="Passed" start-time="2026-05-28 14:32:41Z" end-time="2026-05-28 14:32:41Z" duration="0.000126" asserts="0">
                  <properties>
                    <property name="retryIteration" value="0" />
                    <property name="repeatIteration" value="0" />
                  </properties>
                </test-case>
                <test-case id="1102" name="Fields_SetCorrectly" fullname="BovineLabs.Timeline.Animation.Tests.RukhankaSingleTrackDataTests.Fields_SetCorrectly" methodname="Fields_SetCorrectly" classname="BovineLabs.Timeline.Animation.Tests.RukhankaSingleTrackDataTests" runstate="Runnable" seed="2092035888" result="Passed" start-time="2026-05-28 14:32:41Z" end-time="2026-05-28 14:32:41Z" duration="0.000138" asserts="0">
                  <properties>
                    <property name="retryIteration" value="0" />
                    <property name="repeatIteration" value="0" />
                  </properties>
                </test-case>
                <test-case id="1100" name="Implements_IComponentData" fullname="BovineLabs.Timeline.Animation.Tests.RukhankaSingleTrackDataTests.Implements_IComponentData" methodname="Implements_IComponentData" classname="BovineLabs.Timeline.Animation.Tests.RukhankaSingleTrackDataTests" runstate="Runnable" seed="1775348500" result="Passed" start-time="2026-05-28 14:32:41Z" end-time="2026-05-28 14:32:41Z" duration="0.000100" asserts="0">
                  <properties>
                    <property name="retryIteration" value="0" />
                    <property name="repeatIteration" value="0" />
                  </properties>
                </test-case>
                <test-case id="1099" name="IsValueType" fullname="BovineLabs.Timeline.Animation.Tests.RukhankaSingleTrackDataTests.IsValueType" methodname="IsValueType" classname="BovineLabs.Timeline.Animation.Tests.RukhankaSingleTrackDataTests" runstate="Runnable" seed="2027145428" result="Passed" start-time="2026-05-28 14:32:41Z" end-time="2026-05-28 14:32:41Z" duration="0.000097" asserts="0">
                  <properties>
                    <property name="retryIteration" value="0" />
                    <property name="repeatIteration" value="0" />
                  </properties>
                </test-case>
              </test-suite>
              <test-suite type="TestFixture" id="1039" name="SmoothBlendGroupEntryTests" fullname="BovineLabs.Timeline.Animation.Tests.SmoothBlendGroupEntryTests" classname="BovineLabs.Timeline.Animation.Tests.SmoothBlendGroupEntryTests" runstate="Runnable" testcasecount="4" result="Passed" start-time="2026-05-28 14:32:41Z" end-time="2026-05-28 14:32:41Z" duration="0.001637" total="4" passed="4" failed="0" inconclusive="0" skipped="0" asserts="0">
                <properties />
                <test-case id="1042" name="Default_ZeroFields" fullname="BovineLabs.Timeline.Animation.Tests.SmoothBlendGroupEntryTests.Default_ZeroFields" methodname="Default_ZeroFields" classname="BovineLabs.Timeline.Animation.Tests.SmoothBlendGroupEntryTests" runstate="Runnable" seed="2064877336" result="Passed" start-time="2026-05-28 14:32:41Z" end-time="2026-05-28 14:32:41Z" duration="0.000270" asserts="0">
                  <properties>
                    <property name="retryIteration" value="0" />
                    <property name="repeatIteration" value="0" />
                  </properties>
                </test-case>
                <test-case id="1043" name="Fields_SetCorrectly" fullname="BovineLabs.Timeline.Animation.Tests.SmoothBlendGroupEntryTests.Fields_SetCorrectly" methodname="Fields_SetCorrectly" classname="BovineLabs.Timeline.Animation.Tests.SmoothBlendGroupEntryTests" runstate="Runnable" seed="1500195087" result="Passed" start-time="2026-05-28 14:32:41Z" end-time="2026-05-28 14:32:41Z" duration="0.000305" asserts="0">
                  <properties>
                    <property name="retryIteration" value="0" />
                    <property name="repeatIteration" value="0" />
                  </properties>
                </test-case>
                <test-case id="1041" name="Implements_IBufferElementData" fullname="BovineLabs.Timeline.Animation.Tests.SmoothBlendGroupEntryTests.Implements_IBufferElementData" methodname="Implements_IBufferElementData" classname="BovineLabs.Timeline.Animation.Tests.SmoothBlendGroupEntryTests" runstate="Runnable" seed="1202177748" result="Passed" start-time="2026-05-28 14:32:41Z" end-time="2026-05-28 14:32:41Z" duration="0.000112" asserts="0">
                  <properties>
                    <property name="retryIteration" value="0" />
                    <property name="repeatIteration" value="0" />
                  </properties>
                </test-case>
                <test-case id="1040" name="IsValueType" fullname="BovineLabs.Timeline.Animation.Tests.SmoothBlendGroupEntryTests.IsValueType" methodname="IsValueType" classname="BovineLabs.Timeline.Animation.Tests.SmoothBlendGroupEntryTests" runstate="Runnable" seed="944526129" result="Passed" start-time="2026-05-28 14:32:41Z" end-time="2026-05-28 14:32:41Z" duration="0.000092" asserts="0">
                  <properties>
                    <property name="retryIteration" value="0" />
                    <property name="repeatIteration" value="0" />
                  </properties>
                </test-case>
              </test-suite>
              <test-suite type="TestFixture" id="1060" name="TrackFallbackOverrideTests" fullname="BovineLabs.Timeline.Animation.Tests.TrackFallbackOverrideTests" classname="BovineLabs.Timeline.Animation.Tests.TrackFallbackOverrideTests" runstate="Runnable" testcasecount="4" result="Passed" start-time="2026-05-28 14:32:41Z" end-time="2026-05-28 14:32:41Z" duration="0.001602" total="4" passed="4" failed="0" inconclusive="0" skipped="0" asserts="0">
                <properties />
                <test-case id="1063" name="Default_ZeroFields" fullname="BovineLabs.Timeline.Animation.Tests.TrackFallbackOverrideTests.Default_ZeroFields" methodname="Default_ZeroFields" classname="BovineLabs.Timeline.Animation.Tests.TrackFallbackOverrideTests" runstate="Runnable" seed="594687910" result="Passed" start-time="2026-05-28 14:32:41Z" end-time="2026-05-28 14:32:41Z" duration="0.000256" asserts="0">
                  <properties>
                    <property name="retryIteration" value="0" />
                    <property name="repeatIteration" value="0" />
                  </properties>
                </test-case>
                <test-case id="1064" name="Fields_SetCorrectly" fullname="BovineLabs.Timeline.Animation.Tests.TrackFallbackOverrideTests.Fields_SetCorrectly" methodname="Fields_SetCorrectly" classname="BovineLabs.Timeline.Animation.Tests.TrackFallbackOverrideTests" runstate="Runnable" seed="1200397288" result="Passed" start-time="2026-05-28 14:32:41Z" end-time="2026-05-28 14:32:41Z" duration="0.000294" asserts="0">
                  <properties>
                    <property name="retryIteration" value="0" />
                    <property name="repeatIteration" value="0" />
                  </properties>
                </test-case>
                <test-case id="1062" name="Implements_IComponentData" fullname="BovineLabs.Timeline.Animation.Tests.TrackFallbackOverrideTests.Implements_IComponentData" methodname="Implements_IComponentData" classname="BovineLabs.Timeline.Animation.Tests.TrackFallbackOverrideTests" runstate="Runnable" seed="1801875907" result="Passed" start-time="2026-05-28 14:32:41Z" end-time="2026-05-28 14:32:41Z" duration="0.000103" asserts="0">
                  <properties>
                    <property name="retryIteration" value="0" />
                    <property name="repeatIteration" value="0" />
                  </properties>
                </test-case>
                <test-case id="1061" name="IsValueType" fullname="BovineLabs.Timeline.Animation.Tests.TrackFallbackOverrideTests.IsValueType" methodname="IsValueType" classname="BovineLabs.Timeline.Animation.Tests.TrackFallbackOverrideTests" runstate="Runnable" seed="225078040" result="Passed" start-time="2026-05-28 14:32:41Z" end-time="2026-05-28 14:32:41Z" duration="0.000089" asserts="0">
                  <properties>
                    <property name="retryIteration" value="0" />
                    <property name="repeatIteration" value="0" />
                  </properties>
                </test-case>
              </test-suite>
            </test-suite>
          </test-suite>
        </test-suite>
      </test-suite>
    </test-suite>
    <test-suite type="Assembly" id="1129" name="BovineLabs.Timeline.Core.Tests.dll" fullname="/home/i/GitHub/BovineLabs/Library/ScriptAssemblies/BovineLabs.Timeline.Core.Tests.dll" runstate="Runnable" testcasecount="18" result="Passed" start-time="2026-05-28 14:32:41Z" end-time="2026-05-28 14:32:41Z" duration="0.018658" total="18" passed="18" failed="0" inconclusive="0" skipped="0" asserts="0">
      <properties>
        <property name="_PID" value="1019208" />
        <property name="_APPDOMAIN" value="Unity Child Domain" />
        <property name="platform" value="EditMode" />
        <property name="EditorOnly" value="True" />
      </properties>
      <test-suite type="TestSuite" id="1130" name="BovineLabs" fullname="BovineLabs" runstate="Runnable" testcasecount="18" result="Passed" start-time="2026-05-28 14:32:41Z" end-time="2026-05-28 14:32:41Z" duration="0.018511" total="18" passed="18" failed="0" inconclusive="0" skipped="0" asserts="0">
        <properties />
        <test-suite type="TestSuite" id="1131" name="Timeline" fullname="BovineLabs.Timeline" runstate="Runnable" testcasecount="18" result="Passed" start-time="2026-05-28 14:32:41Z" end-time="2026-05-28 14:32:41Z" duration="0.018400" total="18" passed="18" failed="0" inconclusive="0" skipped="0" asserts="0">
          <properties />
          <test-suite type="TestSuite" id="1132" name="Core" fullname="BovineLabs.Timeline.Core" runstate="Runnable" testcasecount="18" result="Passed" start-time="2026-05-28 14:32:41Z" end-time="2026-05-28 14:32:41Z" duration="0.018300" total="18" passed="18" failed="0" inconclusive="0" skipped="0" asserts="0">
            <properties />
            <test-suite type="TestSuite" id="1133" name="Tests" fullname="BovineLabs.Timeline.Core.Tests" runstate="Runnable" testcasecount="18" result="Passed" start-time="2026-05-28 14:32:41Z" end-time="2026-05-28 14:32:41Z" duration="0.018155" total="18" passed="18" failed="0" inconclusive="0" skipped="0" asserts="0">
              <properties />
              <test-suite type="TestFixture" id="1108" name="Float4x4ExtTests" fullname="BovineLabs.Timeline.Core.Tests.Float4x4ExtTests" classname="BovineLabs.Timeline.Core.Tests.Float4x4ExtTests" runstate="Runnable" testcasecount="10" result="Passed" start-time="2026-05-28 14:32:41Z" end-time="2026-05-28 14:32:41Z" duration="0.005559" total="10" passed="10" failed="0" inconclusive="0" skipped="0" asserts="0">
                <properties />
                <test-case id="1109" name="ExtractLocalTransform_Identity_ReturnsIdentity" fullname="BovineLabs.Timeline.Core.Tests.Float4x4ExtTests.ExtractLocalTransform_Identity_ReturnsIdentity" methodname="ExtractLocalTransform_Identity_ReturnsIdentity" classname="BovineLabs.Timeline.Core.Tests.Float4x4ExtTests" runstate="Runnable" seed="758574107" result="Passed" start-time="2026-05-28 14:32:41Z" end-time="2026-05-28 14:32:41Z" duration="0.001493" asserts="0">
                  <properties>
                    <property name="retryIteration" value="0" />
                    <property name="repeatIteration" value="0" />
                  </properties>
                </test-case>
                <test-case id="1117" name="ExtractLocalTransform_NegativeScale_ExtractsAbsScale" fullname="BovineLabs.Timeline.Core.Tests.Float4x4ExtTests.ExtractLocalTransform_NegativeScale_ExtractsAbsScale" methodname="ExtractLocalTransform_NegativeScale_ExtractsAbsScale" classname="BovineLabs.Timeline.Core.Tests.Float4x4ExtTests" runstate="Runnable" seed="2010302127" result="Passed" start-time="2026-05-28 14:32:41Z" end-time="2026-05-28 14:32:41Z" duration="0.000197" asserts="0">
                  <properties>
                    <property name="retryIteration" value="0" />
                    <property name="repeatIteration" value="0" />
                  </properties>
                </test-case>
                <test-case id="1114" name="ExtractLocalTransform_NonUniformScale_UsesXAsScale" fullname="BovineLabs.Timeline.Core.Tests.Float4x4ExtTests.ExtractLocalTransform_NonUniformScale_UsesXAsScale" methodname="ExtractLocalTransform_NonUniformScale_UsesXAsScale" classname="BovineLabs.Timeline.Core.Tests.Float4x4ExtTests" runstate="Runnable" seed="182160972" result="Passed" start-time="2026-05-28 14:32:41Z" end-time="2026-05-28 14:32:41Z" duration="0.000142" asserts="0">
                  <properties>
                    <property name="retryIteration" value="0" />
                    <property name="repeatIteration" value="0" />
                  </properties>
                </test-case>
                <test-case id="1112" name="ExtractLocalTransform_RotationOnly_90DegYaw" fullname="BovineLabs.Timeline.Core.Tests.Float4x4ExtTests.ExtractLocalTransform_RotationOnly_90DegYaw" methodname="ExtractLocalTransform_RotationOnly_90DegYaw" classname="BovineLabs.Timeline.Core.Tests.Float4x4ExtTests" runstate="Runnable" seed="478483148" result="Passed" start-time="2026-05-28 14:32:41Z" end-time="2026-05-28 14:32:41Z" duration="0.000306" asserts="0">
                  <properties>
                    <property name="retryIteration" value="0" />
                    <property name="repeatIteration" value="0" />
                  </properties>
                </test-case>
                <test-case id="1111" name="ExtractLocalTransform_ScaleOnly_UniformScaleCorrect" fullname="BovineLabs.Timeline.Core.Tests.Float4x4ExtTests.ExtractLocalTransform_ScaleOnly_UniformScaleCorrect" methodname="ExtractLocalTransform_ScaleOnly_UniformScaleCorrect" classname="BovineLabs.Timeline.Core.Tests.Float4x4ExtTests" runstate="Runnable" seed="1152276113" result="Passed" start-time="2026-05-28 14:32:41Z" end-time="2026-05-28 14:32:41Z" duration="0.000176" asserts="0">
                  <properties>
                    <property name="retryIteration" value="0" />
                    <property name="repeatIteration" value="0" />
                  </properties>
                </test-case>
                <test-case id="1118" name="ExtractLocalTransform_SmallScale_HandledCorrectly" fullname="BovineLabs.Timeline.Core.Tests.Float4x4ExtTests.ExtractLocalTransform_SmallScale_HandledCorrectly" methodname="ExtractLocalTransform_SmallScale_HandledCorrectly" classname="BovineLabs.Timeline.Core.Tests.Float4x4ExtTests" runstate="Runnable" seed="726878169" result="Passed" start-time="2026-05-28 14:32:41Z" end-time="2026-05-28 14:32:41Z" duration="0.000118" asserts="0">
                  <properties>
                    <property name="retryIteration" value="0" />
                    <property name="repeatIteration" value="0" />
                  </properties>
                </test-case>
                <test-case id="1113" name="ExtractLocalTransform_TranslationAndScale_BothCorrect" fullname="BovineLabs.Timeline.Core.Tests.Float4x4ExtTests.ExtractLocalTransform_TranslationAndScale_BothCorrect" methodname="ExtractLocalTransform_TranslationAndScale_BothCorrect" classname="BovineLabs.Timeline.Core.Tests.Float4x4ExtTests" runstate="Runnable" seed="1852168048" result="Passed" start-time="2026-05-28 14:32:41Z" end-time="2026-05-28 14:32:41Z" duration="0.000177" asserts="0">
                  <properties>
                    <property name="retryIteration" value="0" />
                    <property name="repeatIteration" value="0" />
                  </properties>
                </test-case>
                <test-case id="1110" name="ExtractLocalTransform_TranslationOnly_PositionCorrect" fullname="BovineLabs.Timeline.Core.Tests.Float4x4ExtTests.ExtractLocalTransform_TranslationOnly_PositionCorrect" methodname="ExtractLocalTransform_TranslationOnly_PositionCorrect" classname="BovineLabs.Timeline.Core.Tests.Float4x4ExtTests" runstate="Runnable" seed="1017095831" result="Passed" start-time="2026-05-28 14:32:41Z" end-time="2026-05-28 14:32:41Z" duration="0.000235" asserts="0">
                  <properties>
                    <property name="retryIteration" value="0" />
                    <property name="repeatIteration" value="0" />
                  </properties>
                </test-case>
                <test-case id="1115" name="ExtractLocalTransform_TRS_AllCorrect" fullname="BovineLabs.Timeline.Core.Tests.Float4x4ExtTests.ExtractLocalTransform_TRS_AllCorrect" methodname="ExtractLocalTransform_TRS_AllCorrect" classname="BovineLabs.Timeline.Core.Tests.Float4x4ExtTests" runstate="Runnable" seed="1825531712" result="Passed" start-time="2026-05-28 14:32:41Z" end-time="2026-05-28 14:32:41Z" duration="0.000716" asserts="0">
                  <properties>
                    <property name="retryIteration" value="0" />
                    <property name="repeatIteration" value="0" />
                  </properties>
                </test-case>
                <test-case id="1116" name="ExtractLocalTransform_ZeroMatrix_DoesNotThrow" fullname="BovineLabs.Timeline.Core.Tests.Float4x4ExtTests.ExtractLocalTransform_ZeroMatrix_DoesNotThrow" methodname="ExtractLocalTransform_ZeroMatrix_DoesNotThrow" classname="BovineLabs.Timeline.Core.Tests.Float4x4ExtTests" runstate="Runnable" seed="852034538" result="Passed" start-time="2026-05-28 14:32:41Z" end-time="2026-05-28 14:32:41Z" duration="0.000253" asserts="0">
                  <properties>
                    <property name="retryIteration" value="0" />
                    <property name="repeatIteration" value="0" />
                  </properties>
                </test-case>
              </test-suite>
              <test-suite type="TestFixture" id="1119" name="TimelineReferenceBuilderTests" fullname="BovineLabs.Timeline.Core.Tests.TimelineReferenceBuilderTests" classname="BovineLabs.Timeline.Core.Tests.TimelineReferenceBuilderTests" runstate="Runnable" testcasecount="5" result="Passed" start-time="2026-05-28 14:32:41Z" end-time="2026-05-28 14:32:41Z" duration="0.010961" total="5" passed="5" failed="0" inconclusive="0" skipped="0" asserts="0">
                <properties />
                <test-case id="1120" name="ApplyTo_AddsTimelineReference" fullname="BovineLabs.Timeline.Core.Tests.TimelineReferenceBuilderTests.ApplyTo_AddsTimelineReference" methodname="ApplyTo_AddsTimelineReference" classname="BovineLabs.Timeline.Core.Tests.TimelineReferenceBuilderTests" runstate="Runnable" seed="364185122" result="Passed" start-time="2026-05-28 14:32:41Z" end-time="2026-05-28 14:32:41Z" duration="0.004266" asserts="0">
                  <properties>
                    <property name="retryIteration" value="0" />
                    <property name="repeatIteration" value="0" />
                  </properties>
                </test-case>
                <test-case id="1124" name="ApplyTo_ComponentIsZeroSizedTag" fullname="BovineLabs.Timeline.Core.Tests.TimelineReferenceBuilderTests.ApplyTo_ComponentIsZeroSizedTag" methodname="ApplyTo_ComponentIsZeroSizedTag" classname="BovineLabs.Timeline.Core.Tests.TimelineReferenceBuilderTests" runstate="Runnable" seed="2043550200" result="Passed" start-time="2026-05-28 14:32:41Z" end-time="2026-05-28 14:32:41Z" duration="0.001450" asserts="0">
                  <properties>
                    <property name="retryIteration" value="0" />
                    <property name="repeatIteration" value="0" />
                  </properties>
                </test-case>
                <test-case id="1121" name="ApplyTo_EntityAlreadyHasComponent_DoesNotThrow" fullname="BovineLabs.Timeline.Core.Tests.TimelineReferenceBuilderTests.ApplyTo_EntityAlreadyHasComponent_DoesNotThrow" methodname="ApplyTo_EntityAlreadyHasComponent_DoesNotThrow" classname="BovineLabs.Timeline.Core.Tests.TimelineReferenceBuilderTests" runstate="Runnable" seed="2012066031" result="Passed" start-time="2026-05-28 14:32:41Z" end-time="2026-05-28 14:32:41Z" duration="0.001458" asserts="0">
                  <properties>
                    <property name="retryIteration" value="0" />
                    <property name="repeatIteration" value="0" />
                  </properties>
                </test-case>
                <test-case id="1122" name="ApplyTo_MultipleEntities_AllGetComponent" fullname="BovineLabs.Timeline.Core.Tests.TimelineReferenceBuilderTests.ApplyTo_MultipleEntities_AllGetComponent" methodname="ApplyTo_MultipleEntities_AllGetComponent" classname="BovineLabs.Timeline.Core.Tests.TimelineReferenceBuilderTests" runstate="Runnable" seed="1672863726" result="Passed" start-time="2026-05-28 14:32:41Z" end-time="2026-05-28 14:32:41Z" duration="0.001431" asserts="0">
                  <properties>
                    <property name="retryIteration" value="0" />
                    <property name="repeatIteration" value="0" />
                  </properties>
                </test-case>
                <test-case id="1123" name="TimelineReference_IsBlittable" fullname="BovineLabs.Timeline.Core.Tests.TimelineReferenceBuilderTests.TimelineReference_IsBlittable" methodname="TimelineReference_IsBlittable" classname="BovineLabs.Timeline.Core.Tests.TimelineReferenceBuilderTests" runstate="Runnable" seed="923966934" result="Passed" start-time="2026-05-28 14:32:41Z" end-time="2026-05-28 14:32:41Z" duration="0.001193" asserts="0">
                  <properties>
                    <property name="retryIteration" value="0" />
                    <property name="repeatIteration" value="0" />
                  </properties>
                </test-case>
              </test-suite>
              <test-suite type="TestFixture" id="1125" name="TimelineReferenceTests" fullname="BovineLabs.Timeline.Core.Tests.TimelineReferenceTests" classname="BovineLabs.Timeline.Core.Tests.TimelineReferenceTests" runstate="Runnable" testcasecount="3" result="Passed" start-time="2026-05-28 14:32:41Z" end-time="2026-05-28 14:32:41Z" duration="0.001171" total="3" passed="3" failed="0" inconclusive="0" skipped="0" asserts="0">
                <properties />
                <test-case id="1128" name="DefaultConstructs" fullname="BovineLabs.Timeline.Core.Tests.TimelineReferenceTests.DefaultConstructs" methodname="DefaultConstructs" classname="BovineLabs.Timeline.Core.Tests.TimelineReferenceTests" runstate="Runnable" seed="2062948318" result="Passed" start-time="2026-05-28 14:32:41Z" end-time="2026-05-28 14:32:41Z" duration="0.000246" asserts="0">
                  <properties>
                    <property name="retryIteration" value="0" />
                    <property name="repeatIteration" value="0" />
                  </properties>
                </test-case>
                <test-case id="1126" name="IsIComponentData" fullname="BovineLabs.Timeline.Core.Tests.TimelineReferenceTests.IsIComponentData" methodname="IsIComponentData" classname="BovineLabs.Timeline.Core.Tests.TimelineReferenceTests" runstate="Runnable" seed="1677066529" result="Passed" start-time="2026-05-28 14:32:41Z" end-time="2026-05-28 14:32:41Z" duration="0.000098" asserts="0">
                  <properties>
                    <property name="retryIteration" value="0" />
                    <property name="repeatIteration" value="0" />
                  </properties>
                </test-case>
                <test-case id="1127" name="IsValueType" fullname="BovineLabs.Timeline.Core.Tests.TimelineReferenceTests.IsValueType" methodname="IsValueType" classname="BovineLabs.Timeline.Core.Tests.TimelineReferenceTests" runstate="Runnable" seed="360678469" result="Passed" start-time="2026-05-28 14:32:41Z" end-time="2026-05-28 14:32:41Z" duration="0.000090" asserts="0">
                  <properties>
                    <property name="retryIteration" value="0" />
                    <property name="repeatIteration" value="0" />
                  </properties>
                </test-case>
              </test-suite>
            </test-suite>
          </test-suite>
        </test-suite>
      </test-suite>
    </test-suite>
    <test-suite type="Assembly" id="1200" name="BovineLabs.Timeline.EntityLinks.Tests.dll" fullname="/home/i/GitHub/BovineLabs/Library/ScriptAssemblies/BovineLabs.Timeline.EntityLinks.Tests.dll" runstate="Runnable" testcasecount="62" result="Passed" start-time="2026-05-28 14:32:41Z" end-time="2026-05-28 14:32:41Z" duration="0.098919" total="62" passed="62" failed="0" inconclusive="0" skipped="0" asserts="0">
[...]
00000000007,2.2555000000000014,2.283200000000001,2.289200000000001],"Min":2.2555000000000014,"Max":2.8431,"Median":2.2741500000000006,"Average":2.3351200000000003,"StandardDeviation":0.17076952772669943,"Sum":23.351200000000002},{"Name":"Linear Parameter Access. Parameter count: 5, Searches count: 1000000","Unit":2,"IncreaseIsBetter":false,"Samples":[3.305,3.4410000000000003,4.316200000000001,3.485900000000001,3.666499999999999,3.2483000000000004,3.335099999999997,3.7136999999999993,3.850500000000004,3.2775000000000034],"Min":3.2483000000000004,"Max":4.316200000000001,"Median":3.463450000000001,"Average":3.5639700000000003,"StandardDeviation":0.31674232129603436,"Sum":35.639700000000005},{"Name":"Linear Parameter Access. Parameter count: 10, Searches count: 1000000","Unit":2,"IncreaseIsBetter":false,"Samples":[4.773300000000001,4.740300000000001,4.8278,4.7643,4.8718,4.754300000000001,4.8489,4.987699999999997,4.763799999999996,4.861800000000002],"Min":4.740300000000001,"Max":4.987699999999997,"Median":4.80055,"Average":4.8194,"StandardDeviation":0.07249594471416947,"Sum":48.194},{"Name":"Linear Parameter Access. Parameter count: 20, Searches count: 1000000","Unit":2,"IncreaseIsBetter":false,"Samples":[7.802300000000001,7.683900000000001,7.790300000000002,7.8384,10.035100000000003,8.763000000000005,8.505400000000002,9.749199999999995,10.350000000000009,7.420100000000005],"Min":7.420100000000005,"Max":10.350000000000009,"Median":8.1719,"Average":8.593770000000003,"StandardDeviation":1.0286486203266891,"Sum":85.93770000000002},{"Name":"Linear Parameter Access. Parameter count: 50, Searches count: 1000000","Unit":2,"IncreaseIsBetter":false,"Samples":[20.5819,20.355600000000003,20.3384,19.902300000000004,19.8108,20.814300000000003,20.27199999999999,20.191599999999994,20.380899999999997,20.15440000000001],"Min":19.8108,"Max":20.814300000000003,"Median":20.305199999999996,"Average":20.28022,"StandardDeviation":0.2797116722627068,"Sum":202.8022},{"Name":"Linear Parameter Access. Parameter count: 100, Searches count: 1000000","Unit":2,"IncreaseIsBetter":false,"Samples":[37.0987,37.526599999999995,37.39960000000001,37.5664,37.63840000000002,37.63389999999998,38.15729999999999,36.989900000000034,37.0813,37.533000000000015],"Min":36.989900000000034,"Max":38.15729999999999,"Median":37.52980000000001,"Average":37.46251,"StandardDeviation":0.3267890954422988,"Sum":374.62510000000003}]}
]]></output>
            </test-case>
          </test-suite>
          <test-suite type="TestFixture" id="1304" name="BitFieldNTest" fullname="Rukhanka.Tests.BitFieldNTest" classname="Rukhanka.Tests.BitFieldNTest" runstate="Runnable" testcasecount="1" result="Passed" start-time="2026-05-28 14:32:42Z" end-time="2026-05-28 14:32:42Z" duration="0.001482" total="1" passed="1" failed="0" inconclusive="0" skipped="0" asserts="0">
            <properties />
            <test-case id="1305" name="FunctionalityTest" fullname="Rukhanka.Tests.BitFieldNTest.FunctionalityTest" methodname="FunctionalityTest" classname="Rukhanka.Tests.BitFieldNTest" runstate="Runnable" seed="2084953995" result="Passed" start-time="2026-05-28 14:32:42Z" end-time="2026-05-28 14:32:42Z" duration="0.000835" asserts="0">
              <properties>
                <property name="retryIteration" value="0" />
                <property name="repeatIteration" value="0" />
              </properties>
            </test-case>
          </test-suite>
          <test-suite type="TestFixture" id="1306" name="ComputeBufferToolsTests" fullname="Rukhanka.Tests.ComputeBufferToolsTests" classname="Rukhanka.Tests.ComputeBufferToolsTests" runstate="Runnable" testcasecount="3" result="Passed" start-time="2026-05-28 14:32:42Z" end-time="2026-05-28 14:32:48Z" duration="5.834298" total="3" passed="3" failed="0" inconclusive="0" skipped="0" asserts="0">
            <properties />
            <test-case id="1307" name="ComputeBufferClearTest" fullname="Rukhanka.Tests.ComputeBufferToolsTests.ComputeBufferClearTest" methodname="ComputeBufferClearTest" classname="Rukhanka.Tests.ComputeBufferToolsTests" runstate="Runnable" seed="1095129333" result="Passed" start-time="2026-05-28 14:32:42Z" end-time="2026-05-28 14:32:42Z" duration="0.264622" asserts="0">
              <properties>
                <property name="retryIteration" value="0" />
                <property name="repeatIteration" value="0" />
              </properties>
            </test-case>
            <test-case id="1308" name="ComputeBufferCopyTest" fullname="Rukhanka.Tests.ComputeBufferToolsTests.ComputeBufferCopyTest" methodname="ComputeBufferCopyTest" classname="Rukhanka.Tests.ComputeBufferToolsTests" runstate="Runnable" seed="1693017172" result="Passed" start-time="2026-05-28 14:32:42Z" end-time="2026-05-28 14:32:48Z" duration="5.378753" asserts="0">
              <properties>
                <property name="retryIteration" value="0" />
                <property name="repeatIteration" value="0" />
              </properties>
            </test-case>
            <test-case id="1309" name="ComputeBufferResizeTest" fullname="Rukhanka.Tests.ComputeBufferToolsTests.ComputeBufferResizeTest" methodname="ComputeBufferResizeTest" classname="Rukhanka.Tests.ComputeBufferToolsTests" runstate="Runnable" seed="373170293" result="Passed" start-time="2026-05-28 14:32:48Z" end-time="2026-05-28 14:32:48Z" duration="0.189991" asserts="0">
              <properties>
                <property name="retryIteration" value="0" />
                <property name="repeatIteration" value="0" />
              </properties>
            </test-case>
          </test-suite>
          <test-suite type="TestFixture" id="1310" name="MathUtilsTest" fullname="Rukhanka.Tests.MathUtilsTest" classname="Rukhanka.Tests.MathUtilsTest" runstate="Runnable" testcasecount="1" result="Passed" start-time="2026-05-28 14:32:48Z" end-time="2026-05-28 14:32:48Z" duration="0.002069" total="1" passed="1" failed="0" inconclusive="0" skipped="0" asserts="0">
            <properties />
            <test-case id="1311" name="ShuffleListTest" fullname="Rukhanka.Tests.MathUtilsTest.ShuffleListTest" methodname="ShuffleListTest" classname="Rukhanka.Tests.MathUtilsTest" runstate="Runnable" seed="524248529" result="Passed" start-time="2026-05-28 14:32:48Z" end-time="2026-05-28 14:32:48Z" duration="0.000707" asserts="0">
              <properties>
                <property name="retryIteration" value="0" />
                <property name="repeatIteration" value="0" />
              </properties>
            </test-case>
          </test-suite>
          <test-suite type="TestFixture" id="1312" name="PerfectHashTest" fullname="Rukhanka.Tests.PerfectHashTest" classname="Rukhanka.Tests.PerfectHashTest" runstate="Runnable" testcasecount="2" result="Passed" start-time="2026-05-28 14:32:48Z" end-time="2026-05-28 14:33:05Z" duration="16.608274" total="2" passed="2" failed="0" inconclusive="0" skipped="0" asserts="0">
            <properties />
            <test-case id="1314" name="PerfectHashTableQueryPerformance" fullname="Rukhanka.Tests.PerfectHashTest.PerfectHashTableQueryPerformance" methodname="PerfectHashTableQueryPerformance" classname="Rukhanka.Tests.PerfectHashTest" runstate="Runnable" seed="759570903" result="Passed" start-time="2026-05-28 14:32:48Z" end-time="2026-05-28 14:32:48Z" duration="0.578170" asserts="0">
              <properties>
                <property name="Category" value="Performance" />
                <property name="retryIteration" value="0" />
                <property name="repeatIteration" value="0" />
              </properties>
              <output><![CDATA[PHT2 query. Table size: 16, Queries count: 1000000 in Milliseconds
Min:		2.43 ms
Median:		2.45 ms
Max:		3.07 ms
Avg:		2.51 ms
StdDev:		0.19 ms
SampleCount:	10
Sum:		25.10 ms
First samples:	█▁▁▁▁▁▁▁▁▁
(not enough samples for histogram)

PHT2 query. Table size: 32, Queries count: 1000000 in Milliseconds
Min:		2.21 ms
Median:		2.24 ms
Max:		2.28 ms
Avg:		2.24 ms
StdDev:		0.02 ms
SampleCount:	10
Sum:		22.38 ms
First samples:	▄▅▃▄▄▂▁▁█▆
(not enough samples for histogram)

PHT2 query. Table size: 64, Queries count: 1000000 in Milliseconds
Min:		2.44 ms
Median:		2.45 ms
Max:		2.49 ms
Avg:		2.45 ms
StdDev:		0.01 ms
SampleCount:	10
Sum:		24.55 ms
First samples:	▁▂▁▂▃▁▂█▅▂
(not enough samples for histogram)

PHT2 query. Table size: 128, Queries count: 1000000 in Milliseconds
Min:		2.47 ms
Median:		2.48 ms
Max:		2.52 ms
Avg:		2.48 ms
StdDev:		0.01 ms
SampleCount:	10
Sum:		24.82 ms
First samples:	▂█▄▃▂▄▂▃▁▃
(not enough samples for histogram)

PHT2 query. Table size: 512, Queries count: 1000000 in Milliseconds
Min:		2.66 ms
Median:		2.78 ms
Max:		2.81 ms
Avg:		2.77 ms
StdDev:		0.04 ms
SampleCount:	10
Sum:		27.74 ms
First samples:	▇▇▇▇▇▆▁█▇▇
(not enough samples for histogram)

PHT2 query. Table size: 1024, Queries count: 1000000 in Milliseconds
Min:		2.32 ms
Median:		2.34 ms
Max:		2.39 ms
Avg:		2.34 ms
StdDev:		0.02 ms
SampleCount:	10
Sum:		23.41 ms
First samples:	▁▂▂▂▃▁▅█▃▃
(not enough samples for histogram)

Native hash set query. Table size: 10, Queries count: 1000000 in Milliseconds
Min:		2.57 ms
Median:		2.58 ms
Max:		3.25 ms
Avg:		2.65 ms
StdDev:		0.20 ms
SampleCount:	10
Sum:		26.50 ms
First samples:	█▁▁▁▁▁▁▁▁▁
(not enough samples for histogram)

Native hash set query. Table size: 20, Queries count: 1000000 in Milliseconds
Min:		2.56 ms
Median:		2.58 ms
Max:		2.59 ms
Avg:		2.57 ms
StdDev:		0.01 ms
SampleCount:	10
Sum:		25.75 ms
First samples:	▅▃▆▅▅▁▅█▅▄
(not enough samples for histogram)

Native hash set query. Table size: 50, Queries count: 1000000 in Milliseconds
Min:		2.82 ms
Median:		2.96 ms
Max:		3.11 ms
Avg:		2.98 ms
StdDev:		0.12 ms
SampleCount:	10
Sum:		29.78 ms
First samples:	██▆▃█▁█▃▃▁
(not enough samples for histogram)

Native hash set query. Table size: 100, Queries count: 1000000 in Milliseconds
Min:		2.60 ms
Median:		2.79 ms
Max:		2.81 ms
Avg:		2.76 ms
StdDev:		0.07 ms
SampleCount:	10
Sum:		27.58 ms
First samples:	▇▁▆██▂████
(not enough samples for histogram)

Native hash set query. Table size: 200, Queries count: 1000000 in Milliseconds
Min:		2.46 ms
Median:		2.52 ms
Max:		3.33 ms
Avg:		2.67 ms
StdDev:		0.30 ms
SampleCount:	10
Sum:		26.69 ms
First samples:	▁▃█▁▁▁▁▂▂▇
(not enough samples for histogram)

Native hash set query. Table size: 300, Queries count: 1000000 in Milliseconds
Min:		2.89 ms
Median:		3.06 ms
Max:		4.06 ms
Avg:		3.14 ms
StdDev:		0.32 ms
SampleCount:	10
Sum:		31.36 ms
First samples:	█▂▁▂▃▂▂▁▂▁
(not enough samples for histogram)


##performancetestresult2:{"Name":"Rukhanka.Tests.PerfectHashTest.PerfectHashTableQueryPerformance","ClassName":"Rukhanka.Tests.PerfectHashTest","MethodName":"PerfectHashTableQueryPerformance","Version":"1","Categories":["Performance"],"SampleGroups":[{"Name":"PHT2 query. Table size: 16, Queries count: 1000000","Unit":2,"IncreaseIsBetter":false,"Samples":[3.074,2.4505,2.4293000000000005,2.4581999999999997,2.4428,2.4456000000000007,2.4494999999999987,2.4425000000000026,2.4484999999999992,2.4593000000000025],"Min":2.4293000000000005,"Max":3.074,"Median":2.448999999999999,"Average":2.51002,"StandardDeviation":0.1881659948024614,"Sum":25.1002},{"Name":"PHT2 query. Table size: 32, Queries count: 1000000","Unit":2,"IncreaseIsBetter":false,"Samples":[2.2443000000000004,2.2498000000000005,2.2336,2.2367,2.2408,2.2166999999999994,2.2089000000000016,2.207900000000002,2.280999999999999,2.264499999999998],"Min":2.207900000000002,"Max":2.280999999999999,"Median":2.23875,"Average":2.23842,"StandardDeviation":0.02227962297706048,"Sum":22.3842},{"Name":"PHT2 query. Table size: 64, Queries count: 1000000","Unit":2,"IncreaseIsBetter":false,"Samples":[2.4438000000000004,2.4483,2.4459,2.4526000000000003,2.4563000000000006,2.443299999999999,2.450000000000001,2.487400000000001,2.4665,2.4510000000000005],"Min":2.443299999999999,"Max":2.487400000000001,"Median":2.450500000000001,"Average":2.45451,"StandardDeviation":0.012720412729153334,"Sum":24.5451},{"Name":"PHT2 query. Table size: 128, Queries count: 1000000","Unit":2,"IncreaseIsBetter":false,"Samples":[2.4732,2.5175,2.4879000000000007,2.4788000000000006,2.4720000000000013,2.4862,2.4735999999999994,2.481300000000001,2.466100000000001,2.4814000000000007],"Min":2.466100000000001,"Max":2.5175,"Median":2.4800500000000008,"Average":2.4818000000000007,"StandardDeviation":0.013506294828708468,"Sum":24.818000000000005},{"Name":"PHT2 query. Table size: 512, Queries count: 1000000","Unit":2,"IncreaseIsBetter":false,"Samples":[2.7883,2.7811000000000003,2.793,2.7842000000000002,2.7912999999999997,2.7749999999999986,2.6632,2.807500000000001,2.7804,2.7774],"Min":2.6632,"Max":2.807500000000001,"Median":2.7826500000000003,"Average":2.77414,"StandardDeviation":0.03804135118525644,"Sum":27.7414},{"Name":"PHT2 query. Table size: 1024, Queries count: 1000000","Unit":2,"IncreaseIsBetter":false,"Samples":[2.3247999999999998,2.3352999999999997,2.3332999999999995,2.3276000000000003,2.3385000000000016,2.3211000000000013,2.3643,2.3912000000000013,2.3410999999999973,2.3374999999999986],"Min":2.3211000000000013,"Max":2.3912000000000013,"Median":2.3363999999999994,"Average":2.34147,"StandardDeviation":0.020022539798936843,"Sum":23.4147},{"Name":"Native hash set query. Table size: 10, Queries count: 1000000","Unit":2,"IncreaseIsBetter":false,"Samples":[3.2520000000000002,2.5822000000000003,2.5723000000000003,2.5848999999999993,2.5988999999999987,2.5827000000000027,2.5771999999999977,2.5714000000000006,2.5991,2.5755000000000017],"Min":2.5714000000000006,"Max":3.2520000000000002,"Median":2.5824500000000015,"Average":2.64962,"StandardDeviation":0.20100598399052702,"Sum":26.4962},{"Name":"Native hash set query. Table size: 20, Queries count: 1000000","Unit":2,"IncreaseIsBetter":false,"Samples":[2.5751000000000004,2.5682,2.578900000000001,2.577300000000001,2.575799999999999,2.5587999999999997,2.5736000000000008,2.5878000000000014,2.576999999999998,2.5725999999999978],"Min":2.5587999999999997,"Max":2.5878000000000014,"Median":2.57545,"Average":2.5745099999999996,"StandardDeviation":0.007092171740729743,"Sum":25.745099999999997},{"Name":"Native hash set query. Table size: 50, Queries count: 1000000","Unit":2,"IncreaseIsBetter":false,"Samples":[3.1066,3.1073,3.0218,2.904299999999999,3.1110999999999986,2.8244999999999987,3.0992999999999995,2.8889999999999993,2.9018000000000015,2.8185000000000002],"Min":2.8185000000000002,"Max":3.1110999999999986,"Median":2.9630499999999995,"Average":2.9784199999999994,"StandardDeviation":0.11651783382813112,"Sum":29.784199999999995},{"Name":"Native hash set query. Table size: 100, Queries count: 1000000","Unit":2,"IncreaseIsBetter":false,"Samples":[2.7762000000000002,2.6043,2.7595,2.8049999999999997,2.7941000000000003,2.6446000000000005,2.7957,2.8004999999999995,2.8016000000000005,2.796000000000003],"Min":2.6043,"Max":2.8049999999999997,"Median":2.7949,"Average":2.7577500000000006,"StandardDeviation":0.06848417700461923,"Sum":27.577500000000004},{"Name":"Native hash set query. Table size: 200, Queries count: 1000000","Unit":2,"IncreaseIsBetter":false,"Samples":[2.5067000000000004,2.6534000000000004,3.325800000000001,2.4648000000000003,2.4779999999999998,2.4696999999999996,2.4725,2.530000000000001,2.6098,3.1823000000000015],"Min":2.4648000000000003,"Max":3.325800000000001,"Median":2.5183500000000008,"Average":2.6693000000000002,"StandardDeviation":0.30013062156334575,"Sum":26.693},{"Name":"Native hash set query. Table size: 300, Queries count: 1000000","Unit":2,"IncreaseIsBetter":false,"Samples":[4.0601,3.0545999999999998,2.9212,2.9937000000000005,3.2018000000000004,3.093399999999999,3.1066000000000003,2.894300000000001,3.0741000000000014,2.955300000000001],"Min":2.894300000000001,"Max":4.0601,"Median":3.0643500000000006,"Average":3.1355100000000005,"StandardDeviation":0.3207622872159381,"Sum":31.355100000000004}]}
]]></output>
            </test-case>
            <test-case id="1313" name="PerfectHashValidationTest" fullname="Rukhanka.Tests.PerfectHashTest.PerfectHashValidationTest" methodname="PerfectHashValidationTest" classname="Rukhanka.Tests.PerfectHashTest" runstate="Runnable" seed="941325668" result="Passed" start-time="2026-05-28 14:32:48Z" end-time="2026-05-28 14:33:05Z" duration="16.029330" asserts="0">
              <properties>
                <property name="retryIteration" value="0" />
                <property name="repeatIteration" value="0" />
              </properties>
            </test-case>
          </test-suite>
          <test-suite type="TestFixture" id="1315" name="SampleAnimationCurveTest" fullname="Rukhanka.Tests.SampleAnimationCurveTest" classname="Rukhanka.Tests.SampleAnimationCurveTest" runstate="Runnable" testcasecount="2" result="Passed" start-time="2026-05-28 14:33:05Z" end-time="2026-05-28 14:33:05Z" duration="0.202088" total="2" passed="2" failed="0" inconclusive="0" skipped="0" asserts="0">
            <properties />
            <test-case id="1316" name="SampleAnimationCurvePerformanceTests" fullname="Rukhanka.Tests.SampleAnimationCurveTest.SampleAnimationCurvePerformanceTests" methodname="SampleAnimationCurvePerformanceTests" classname="Rukhanka.Tests.SampleAnimationCurveTest" runstate="Runnable" seed="618157633" result="Passed" start-time="2026-05-28 14:33:05Z" end-time="2026-05-28 14:33:05Z" duration="0.198595" asserts="0">
              <properties>
                <property name="Category" value="Performance" />
                <property name="retryIteration" value="0" />
                <property name="repeatIteration" value="0" />
              </properties>
              <output><![CDATA[Linear key search in Milliseconds
Min:		2.10 ms
Median:		2.14 ms
Max:		2.80 ms
Avg:		2.20 ms
StdDev:		0.20 ms
SampleCount:	10
Sum:		21.97 ms
First samples:	█▂▁▁▂▁▁▁▁▂
(not enough samples for histogram)

Binary key search in Milliseconds
Min:		1.36 ms
Median:		1.37 ms
Max:		1.99 ms
Avg:		1.43 ms
StdDev:		0.19 ms
SampleCount:	10
Sum:		14.35 ms
First samples:	█▁▁▁▁▁▁▁▁▁
(not enough samples for histogram)


##performancetestresult2:{"Name":"Rukhanka.Tests.SampleAnimationCurveTest.SampleAnimationCurvePerformanceTests","ClassName":"Rukhanka.Tests.SampleAnimationCurveTest","MethodName":"SampleAnimationCurvePerformanceTests","Version":"1","Categories":["Performance"],"SampleGroups":[{"Name":"Linear key search","Unit":2,"IncreaseIsBetter":false,"Samples":[2.8008,2.1506,2.1308,2.108900000000001,2.1630000000000003,2.1160999999999994,2.140599999999999,2.0950999999999986,2.115500000000001,2.151500000000002],"Min":2.0950999999999986,"Max":2.8008,"Median":2.1356999999999995,"Average":2.19729,"StandardDeviation":0.20220002200791184,"Sum":21.972900000000003},{"Name":"Binary key search","Unit":2,"IncreaseIsBetter":false,"Samples":[1.9919000000000002,1.3866999999999998,1.3727999999999998,1.3727999999999998,1.375,1.371900000000001,1.3719000000000001,1.3755000000000006,1.3716999999999988,1.3591999999999995],"Min":1.3591999999999995,"Max":1.9919000000000002,"Median":1.3727999999999998,"Average":1.43494,"StandardDeviation":0.18575902239191514,"Sum":14.349400000000001}]}
]]></output>
            </test-case>
            <test-case id="1317" name="SampleAnimationCurveValidationTests" fullname="Rukhanka.Tests.SampleAnimationCurveTest.SampleAnimationCurveValidationTests" methodname="SampleAnimationCurveValidationTests" classname="Rukhanka.Tests.SampleAnimationCurveTest" runstate="Runnable" seed="1495472450" result="Passed" start-time="2026-05-28 14:33:05Z" end-time="2026-05-28 14:33:05Z" duration="0.002041" asserts="0">
              <properties>
                <property name="retryIteration" value="0" />
                <property name="repeatIteration" value="0" />
              </properties>
              <output><![CDATA[Saving results to: /home/i/.config/unity3d/iafahim/BovineLabs/TestResults.xml
]]></output>
            </test-case>
          </test-suite>
        </test-suite>
      </test-suite>
    </test-suite>
  </test-suite>
</test-run>