<?xml version="1.0" encoding="utf-8"?>
<test-run id="2" testcasecount="103" result="Skipped:Ignored" total="103" passed="100" failed="0" inconclusive="0" skipped="3" asserts="0" engine-version="3.5.0.0" clr-version="4.0.30319.42000" start-time="2026-05-13 13:56:38Z" end-time="2026-05-13 13:56:38Z" duration="0.144279">
  <test-suite type="TestSuite" id="1000" name="BovineLabs" fullname="BovineLabs" runstate="Runnable" testcasecount="103" result="Skipped" label="Ignored" start-time="2026-05-13 13:56:38Z" end-time="2026-05-13 13:56:38Z" duration="0.144279" total="103" passed="100" failed="0" inconclusive="0" skipped="3" asserts="0">
    <properties>
      <property name="platform" value="EditMode" />
    </properties>
    <reason>
      <message><![CDATA[One or more child tests were ignored]]></message>
    </reason>
    <test-suite type="Assembly" id="1014" name="BovineLabs.Grid.Wavestar.Tests.dll" fullname="/home/i/Documents/BovineLabs/Library/ScriptAssemblies/BovineLabs.Grid.Wavestar.Tests.dll" runstate="Runnable" testcasecount="12" result="Skipped" label="Ignored" start-time="2026-05-13 13:56:38Z" end-time="2026-05-13 13:56:38Z" duration="0.039879" total="12" passed="11" failed="0" inconclusive="0" skipped="1" asserts="0">
      <properties>
        <property name="_PID" value="201850" />
        <property name="_APPDOMAIN" value="Unity Child Domain" />
        <property name="platform" value="EditMode" />
        <property name="EditorOnly" value="True" />
      </properties>
      <reason>
        <message><![CDATA[One or more child tests were ignored]]></message>
      </reason>
      <test-suite type="TestSuite" id="1015" name="BovineLabs" fullname="BovineLabs" runstate="Runnable" testcasecount="12" result="Skipped" label="Ignored" start-time="2026-05-13 13:56:38Z" end-time="2026-05-13 13:56:38Z" duration="0.039567" total="12" passed="11" failed="0" inconclusive="0" skipped="1" asserts="0">
        <properties />
        <reason>
          <message><![CDATA[One or more child tests were ignored]]></message>
        </reason>
        <test-suite type="TestSuite" id="1016" name="Grid" fullname="BovineLabs.Grid" runstate="Runnable" testcasecount="12" result="Skipped" label="Ignored" start-time="2026-05-13 13:56:38Z" end-time="2026-05-13 13:56:38Z" duration="0.039453" total="12" passed="11" failed="0" inconclusive="0" skipped="1" asserts="0">
          <properties />
          <reason>
            <message><![CDATA[One or more child tests were ignored]]></message>
          </reason>
          <test-suite type="TestSuite" id="1017" name="Wavestar" fullname="BovineLabs.Grid.Wavestar" runstate="Runnable" testcasecount="12" result="Skipped" label="Ignored" start-time="2026-05-13 13:56:38Z" end-time="2026-05-13 13:56:38Z" duration="0.039354" total="12" passed="11" failed="0" inconclusive="0" skipped="1" asserts="0">
            <properties />
            <reason>
              <message><![CDATA[One or more child tests were ignored]]></message>
            </reason>
            <test-suite type="TestSuite" id="1018" name="Tests" fullname="BovineLabs.Grid.Wavestar.Tests" runstate="Runnable" testcasecount="12" result="Skipped" label="Ignored" start-time="2026-05-13 13:56:38Z" end-time="2026-05-13 13:56:38Z" duration="0.039219" total="12" passed="11" failed="0" inconclusive="0" skipped="1" asserts="0">
              <properties />
              <reason>
                <message><![CDATA[One or more child tests were ignored]]></message>
              </reason>
              <test-suite type="TestFixture" id="1001" name="WavestarTests" fullname="BovineLabs.Grid.Wavestar.Tests.WavestarTests" classname="BovineLabs.Grid.Wavestar.Tests.WavestarTests" runstate="Runnable" testcasecount="12" result="Skipped" label="Ignored" start-time="2026-05-13 13:56:38Z" end-time="2026-05-13 13:56:38Z" duration="0.038478" total="12" passed="11" failed="0" inconclusive="0" skipped="1" asserts="0">
                <properties />
                <reason>
                  <message><![CDATA[One or more child tests were ignored]]></message>
                </reason>
                <test-case id="1012" name="OctreeIndex_Contains_PointInsideSubvolume" fullname="BovineLabs.Grid.Wavestar.Tests.WavestarTests.OctreeIndex_Contains_PointInsideSubvolume" methodname="OctreeIndex_Contains_PointInsideSubvolume" classname="BovineLabs.Grid.Wavestar.Tests.WavestarTests" runstate="Runnable" seed="603229132" result="Passed" start-time="2026-05-13 13:56:38Z" end-time="2026-05-13 13:56:38Z" duration="0.005998" asserts="0">
                  <properties>
                    <property name="retryIteration" value="0" />
                    <property name="repeatIteration" value="0" />
                  </properties>
                </test-case>
                <test-case id="1011" name="OctreeIndex_MortonCode_Roundtrip" fullname="BovineLabs.Grid.Wavestar.Tests.WavestarTests.OctreeIndex_MortonCode_Roundtrip" methodname="OctreeIndex_MortonCode_Roundtrip" classname="BovineLabs.Grid.Wavestar.Tests.WavestarTests" runstate="Runnable" seed="668466671" result="Passed" start-time="2026-05-13 13:56:38Z" end-time="2026-05-13 13:56:38Z" duration="0.003153" asserts="0">
                  <properties>
                    <property name="retryIteration" value="0" />
                    <property name="repeatIteration" value="0" />
                  </properties>
                </test-case>
                <test-case id="1013" name="OctreeIndex_ParentChild_Relationship" fullname="BovineLabs.Grid.Wavestar.Tests.WavestarTests.OctreeIndex_ParentChild_Relationship" methodname="OctreeIndex_ParentChild_Relationship" classname="BovineLabs.Grid.Wavestar.Tests.WavestarTests" runstate="Runnable" seed="589731686" result="Passed" start-time="2026-05-13 13:56:38Z" end-time="2026-05-13 13:56:38Z" duration="0.000214" asserts="0">
                  <properties>
                    <property name="retryIteration" value="0" />
                    <property name="repeatIteration" value="0" />
                  </properties>
                </test-case>
                <test-case id="1005" name="Wavestar_AnyAngle_ShorterThanGridConstrained" fullname="BovineLabs.Grid.Wavestar.Tests.WavestarTests.Wavestar_AnyAngle_ShorterThanGridConstrained" methodname="Wavestar_AnyAngle_ShorterThanGridConstrained" classname="BovineLabs.Grid.Wavestar.Tests.WavestarTests" runstate="Runnable" seed="764739562" result="Passed" start-time="2026-05-13 13:56:38Z" end-time="2026-05-13 13:56:38Z" duration="0.014460" asserts="0">
                  <properties>
                    <property name="retryIteration" value="0" />
                    <property name="repeatIteration" value="0" />
                  </properties>
                </test-case>
                <test-case id="1002" name="Wavestar_EmptyGrid_PathFound" fullname="BovineLabs.Grid.Wavestar.Tests.WavestarTests.Wavestar_EmptyGrid_PathFound" methodname="Wavestar_EmptyGrid_PathFound" classname="BovineLabs.Grid.Wavestar.Tests.WavestarTests" runstate="Runnable" seed="827753185" result="Passed" start-time="2026-05-13 13:56:38Z" end-time="2026-05-13 13:56:38Z" duration="0.001050" asserts="0">
                  <properties>
                    <property name="retryIteration" value="0" />
                    <property name="repeatIteration" value="0" />
                  </properties>
                </test-case>
                <test-case id="1003" name="Wavestar_EmptyGrid_StraightLine" fullname="BovineLabs.Grid.Wavestar.Tests.WavestarTests.Wavestar_EmptyGrid_StraightLine" methodname="Wavestar_EmptyGrid_StraightLine" classname="BovineLabs.Grid.Wavestar.Tests.WavestarTests" runstate="Runnable" seed="1972793094" result="Passed" start-time="2026-05-13 13:56:38Z" end-time="2026-05-13 13:56:38Z" duration="0.000364" asserts="0">
                  <properties>
                    <property name="retryIteration" value="0" />
                    <property name="repeatIteration" value="0" />
                  </properties>
                </test-case>
                <test-case id="1007" name="Wavestar_EpsilonZero_OptimalPath" fullname="BovineLabs.Grid.Wavestar.Tests.WavestarTests.Wavestar_EpsilonZero_OptimalPath" methodname="Wavestar_EpsilonZero_OptimalPath" classname="BovineLabs.Grid.Wavestar.Tests.WavestarTests" runstate="Runnable" seed="1425444607" result="Passed" start-time="2026-05-13 13:56:38Z" end-time="2026-05-13 13:56:38Z" duration="0.000328" asserts="0">
                  <properties>
                    <property name="retryIteration" value="0" />
                    <property name="repeatIteration" value="0" />
                  </properties>
                </test-case>
                <test-case id="1006" name="Wavestar_MultiResolution_RefinesNearObstacles" fullname="BovineLabs.Grid.Wavestar.Tests.WavestarTests.Wavestar_MultiResolution_RefinesNearObstacles" methodname="Wavestar_MultiResolution_RefinesNearObstacles" classname="BovineLabs.Grid.Wavestar.Tests.WavestarTests" runstate="Runnable" seed="1352610270" result="Passed" start-time="2026-05-13 13:56:38Z" end-time="2026-05-13 13:56:38Z" duration="0.000845" asserts="0">
                  <properties>
                    <property name="retryIteration" value="0" />
                    <property name="repeatIteration" value="0" />
                  </properties>
                </test-case>
                <test-case id="1009" name="Wavestar_NoPath_ReturnsFalse" fullname="BovineLabs.Grid.Wavestar.Tests.WavestarTests.Wavestar_NoPath_ReturnsFalse" methodname="Wavestar_NoPath_ReturnsFalse" classname="BovineLabs.Grid.Wavestar.Tests.WavestarTests" runstate="Runnable" seed="206239525" result="Passed" start-time="2026-05-13 13:56:38Z" end-time="2026-05-13 13:56:38Z" duration="0.001619" asserts="0">
                  <properties>
                    <property name="retryIteration" value="0" />
                    <property name="repeatIteration" value="0" />
                  </properties>
                </test-case>
                <test-case id="1008" name="Wavestar_PathReconstruction_ValidWaypoints" fullname="BovineLabs.Grid.Wavestar.Tests.WavestarTests.Wavestar_PathReconstruction_ValidWaypoints" methodname="Wavestar_PathReconstruction_ValidWaypoints" classname="BovineLabs.Grid.Wavestar.Tests.WavestarTests" runstate="Runnable" seed="127657686" result="Passed" start-time="2026-05-13 13:56:38Z" end-time="2026-05-13 13:56:38Z" duration="0.000564" asserts="0">
                  <properties>
                    <property name="retryIteration" value="0" />
                    <property name="repeatIteration" value="0" />
                  </properties>
                </test-case>
                <test-case id="1010" name="Wavestar_StartEqualsGoal_TrivialPath" fullname="BovineLabs.Grid.Wavestar.Tests.WavestarTests.Wavestar_StartEqualsGoal_TrivialPath" methodname="Wavestar_StartEqualsGoal_TrivialPath" classname="BovineLabs.Grid.Wavestar.Tests.WavestarTests" runstate="Runnable" seed="2049169916" result="Passed" start-time="2026-05-13 13:56:38Z" end-time="2026-05-13 13:56:38Z" duration="0.000649" asserts="0">
                  <properties>
                    <property name="retryIteration" value="0" />
                    <property name="repeatIteration" value="0" />
                  </properties>
                </test-case>
                <test-case id="1004" name="Wavestar_WithObstacles_PathAvoidsThem" fullname="BovineLabs.Grid.Wavestar.Tests.WavestarTests.Wavestar_WithObstacles_PathAvoidsThem" methodname="Wavestar_WithObstacles_PathAvoidsThem" classname="BovineLabs.Grid.Wavestar.Tests.WavestarTests" runstate="Ignored" seed="484351231" result="Skipped" label="Ignored" start-time="2026-05-13 13:56:38Z" end-time="2026-05-13 13:56:38Z" duration="0.000121" asserts="0">
                  <properties>
                    <property name="_SKIPREASON" value="TODO: multi-resolution refinement near obstacles needs tuning" />
                  </properties>
                  <reason>
                    <message><![CDATA[TODO: multi-resolution refinement near obstacles needs tuning]]></message>
                  </reason>
                </test-case>
              </test-suite>
            </test-suite>
          </test-suite>
        </test-suite>
      </test-suite>
    </test-suite>
    <test-suite type="Assembly" id="1030" name="com.bovinelabs.grid.ehl.tests.dll" fullname="/home/i/Documents/BovineLabs/Library/ScriptAssemblies/com.bovinelabs.grid.ehl.tests.dll" runstate="Runnable" testcasecount="10" result="Passed" start-time="2026-05-13 13:56:38Z" end-time="2026-05-13 13:56:38Z" duration="0.050573" total="10" passed="10" failed="0" inconclusive="0" skipped="0" asserts="0">
      <properties>
        <property name="_PID" value="201850" />
        <property name="_APPDOMAIN" value="Unity Child Domain" />
        <property name="platform" value="EditMode" />
        <property name="EditorOnly" value="True" />
      </properties>
      <test-suite type="TestSuite" id="1031" name="BovineLabs" fullname="BovineLabs" runstate="Runnable" testcasecount="10" result="Passed" start-time="2026-05-13 13:56:38Z" end-time="2026-05-13 13:56:38Z" duration="0.050088" total="10" passed="10" failed="0" inconclusive="0" skipped="0" asserts="0">
        <properties />
        <test-suite type="TestSuite" id="1032" name="Grid" fullname="BovineLabs.Grid" runstate="Runnable" testcasecount="10" result="Passed" start-time="2026-05-13 13:56:38Z" end-time="2026-05-13 13:56:38Z" duration="0.049963" total="10" passed="10" failed="0" inconclusive="0" skipped="0" asserts="0">
          <properties />
          <test-suite type="TestSuite" id="1033" name="EHL" fullname="BovineLabs.Grid.EHL" runstate="Runnable" testcasecount="10" result="Passed" start-time="2026-05-13 13:56:38Z" end-time="2026-05-13 13:56:38Z" duration="0.049868" total="10" passed="10" failed="0" inconclusive="0" skipped="0" asserts="0">
            <properties />
            <test-suite type="TestSuite" id="1034" name="Tests" fullname="BovineLabs.Grid.EHL.Tests" runstate="Runnable" testcasecount="10" result="Passed" start-time="2026-05-13 13:56:38Z" end-time="2026-05-13 13:56:38Z" duration="0.049755" total="10" passed="10" failed="0" inconclusive="0" skipped="0" asserts="0">
              <properties />
              <test-suite type="TestFixture" id="1019" name="EHLStarTests" fullname="BovineLabs.Grid.EHL.Tests.EHLStarTests" classname="BovineLabs.Grid.EHL.Tests.EHLStarTests" runstate="Runnable" testcasecount="10" result="Passed" start-time="2026-05-13 13:56:38Z" end-time="2026-05-13 13:56:38Z" duration="0.049539" total="10" passed="10" failed="0" inconclusive="0" skipped="0" asserts="0">
                <properties />
                <test-case id="1022" name="HubLabels_CoverAllPairs" fullname="BovineLabs.Grid.EHL.Tests.EHLStarTests.HubLabels_CoverAllPairs" methodname="HubLabels_CoverAllPairs" classname="BovineLabs.Grid.EHL.Tests.EHLStarTests" runstate="Runnable" seed="896580884" result="Passed" start-time="2026-05-13 13:56:38Z" end-time="2026-05-13 13:56:38Z" duration="0.025020" asserts="0">
                  <properties>
                    <property name="retryIteration" value="0" />
                    <property name="repeatIteration" value="0" />
                  </properties>
                </test-case>
                <test-case id="1028" name="Index_CellLookup_ReturnsCorrectCell" fullname="BovineLabs.Grid.EHL.Tests.EHLStarTests.Index_CellLookup_ReturnsCorrectCell" methodname="Index_CellLookup_ReturnsCorrectCell" classname="BovineLabs.Grid.EHL.Tests.EHLStarTests" runstate="Runnable" seed="528701711" result="Passed" start-time="2026-05-13 13:56:38Z" end-time="2026-05-13 13:56:38Z" duration="0.002578" asserts="0">
                  <properties>
                    <property name="retryIteration" value="0" />
                    <property name="repeatIteration" value="0" />
                  </properties>
                </test-case>
                <test-case id="1026" name="MemoryBudget_Respected_AfterCompression" fullname="BovineLabs.Grid.EHL.Tests.EHLStarTests.MemoryBudget_Respected_AfterCompression" methodname="MemoryBudget_Respected_AfterCompression" classname="BovineLabs.Grid.EHL.Tests.EHLStarTests" runstate="Runnable" seed="1956425274" result="Passed" start-time="2026-05-13 13:56:38Z" end-time="2026-05-13 13:56:38Z" duration="0.001022" asserts="0">
                  <properties>
                    <property name="retryIteration" value="0" />
                    <property name="repeatIteration" value="0" />
                  </properties>
                </test-case>
                <test-case id="1027" name="Query_DistanceMonotonicallyIncreasing" fullname="BovineLabs.Grid.EHL.Tests.EHLStarTests.Query_DistanceMonotonicallyIncreasing" methodname="Query_DistanceMonotonicallyIncreasing" classname="BovineLabs.Grid.EHL.Tests.EHLStarTests" runstate="Runnable" seed="1540132530" result="Passed" start-time="2026-05-13 13:56:38Z" end-time="2026-05-13 13:56:38Z" duration="0.004466" asserts="0">
                  <properties>
                    <property name="retryIteration" value="0" />
                    <property name="repeatIteration" value="0" />
                  </properties>
                </test-case>
                <test-case id="1025" name="Query_NoPath_WhenBlocked" fullname="BovineLabs.Grid.EHL.Tests.EHLStarTests.Query_NoPath_WhenBlocked" methodname="Query_NoPath_WhenBlocked" classname="BovineLabs.Grid.EHL.Tests.EHLStarTests" runstate="Runnable" seed="1406115320" result="Passed" start-time="2026-05-13 13:56:38Z" end-time="2026-05-13 13:56:38Z" duration="0.001921" asserts="0">
                  <properties>
                    <property name="retryIteration" value="0" />
                    <property name="repeatIteration" value="0" />
                  </properties>
                </test-case>
                <test-case id="1029" name="Query_PathContainsSourceAndTarget" fullname="BovineLabs.Grid.EHL.Tests.EHLStarTests.Query_PathContainsSourceAndTarget" methodname="Query_PathContainsSourceAndTarget" classname="BovineLabs.Grid.EHL.Tests.EHLStarTests" runstate="Runnable" seed="1720610076" result="Passed" start-time="2026-05-13 13:56:38Z" end-time="2026-05-13 13:56:38Z" duration="0.002462" asserts="0">
                  <properties>
                    <property name="retryIteration" value="0" />
                    <property name="repeatIteration" value="0" />
                  </properties>
                </test-case>
                <test-case id="1023" name="Query_ReturnsOptimalPath_StraightLine" fullname="BovineLabs.Grid.EHL.Tests.EHLStarTests.Query_ReturnsOptimalPath_StraightLine" methodname="Query_ReturnsOptimalPath_StraightLine" classname="BovineLabs.Grid.EHL.Tests.EHLStarTests" runstate="Runnable" seed="1169207556" result="Passed" start-time="2026-05-13 13:56:38Z" end-time="2026-05-13 13:56:38Z" duration="0.002458" asserts="0">
                  <properties>
                    <property name="retryIteration" value="0" />
                    <property name="repeatIteration" value="0" />
                  </properties>
                </test-case>
                <test-case id="1024" name="Query_ReturnsPath_AroundObstacle" fullname="BovineLabs.Grid.EHL.Tests.EHLStarTests.Query_ReturnsPath_AroundObstacle" methodname="Query_ReturnsPath_AroundObstacle" classname="BovineLabs.Grid.EHL.Tests.EHLStarTests" runstate="Runnable" seed="1346792505" result="Passed" start-time="2026-05-13 13:56:38Z" end-time="2026-05-13 13:56:38Z" duration="0.002850" asserts="0">
                  <properties>
                    <property name="retryIteration" value="0" />
                    <property name="repeatIteration" value="0" />
                  </properties>
                </test-case>
                <test-case id="1020" name="VisibilityGraph_ConvexVerticesFound" fullname="BovineLabs.Grid.EHL.Tests.EHLStarTests.VisibilityGraph_ConvexVerticesFound" methodname="VisibilityGraph_ConvexVerticesFound" classname="BovineLabs.Grid.EHL.Tests.EHLStarTests" runstate="Runnable" seed="160179857" result="Passed" start-time="2026-05-13 13:56:38Z" end-time="2026-05-13 13:56:38Z" duration="0.002405" asserts="0">
                  <properties>
                    <property name="retryIteration" value="0" />
                    <property name="repeatIteration" value="0" />
                  </properties>
                </test-case>
                <test-case id="1021" name="VisibilityGraph_EdgesCorrect" fullname="BovineLabs.Grid.EHL.Tests.EHLStarTests.VisibilityGraph_EdgesCorrect" methodname="VisibilityGraph_EdgesCorrect" classname="BovineLabs.Grid.EHL.Tests.EHLStarTests" runstate="Runnable" seed="1441249740" result="Passed" start-time="2026-05-13 13:56:38Z" end-time="2026-05-13 13:56:38Z" duration="0.002560" asserts="0">
                  <properties>
                    <property name="retryIteration" value="0" />
                    <property name="repeatIteration" value="0" />
                  </properties>
                </test-case>
              </test-suite>
            </test-suite>
          </test-suite>
        </test-suite>
      </test-suite>
    </test-suite>
    <test-suite type="Assembly" id="1046" name="com.bovinelabs.grid.mesha.tests.dll" fullname="/home/i/Documents/BovineLabs/Library/ScriptAssemblies/com.bovinelabs.grid.mesha.tests.dll" runstate="Runnable" testcasecount="10" result="Skipped" label="Ignored" start-time="2026-05-13 13:56:38Z" end-time="2026-05-13 13:56:38Z" duration="0.018319" total="10" passed="8" failed="0" inconclusive="0" skipped="2" asserts="0">
      <properties>
        <property name="_PID" value="201850" />
        <property name="_APPDOMAIN" value="Unity Child Domain" />
        <property name="platform" value="EditMode" />
        <property name="EditorOnly" value="True" />
      </properties>
      <reason>
        <message><![CDATA[One or more child tests were ignored]]></message>
      </reason>
      <test-suite type="TestSuite" id="1047" name="BovineLabs" fullname="BovineLabs" runstate="Runnable" testcasecount="10" result="Skipped" label="Ignored" start-time="2026-05-13 13:56:38Z" end-time="2026-05-13 13:56:38Z" duration="0.018043" total="10" passed="8" failed="0" inconclusive="0" skipped="2" asserts="0">
        <properties />
        <reason>
          <message><![CDATA[One or more child tests were ignored]]></message>
        </reason>
        <test-suite type="TestSuite" id="1048" name="Grid" fullname="BovineLabs.Grid" runstate="Runnable" testcasecount="10" result="Skipped" label="Ignored" start-time="2026-05-13 13:56:38Z" end-time="2026-05-13 13:56:38Z" duration="0.017931" total="10" passed="8" failed="0" inconclusive="0" skipped="2" asserts="0">
          <properties />
          <reason>
            <message><![CDATA[One or more child tests were ignored]]></message>
          </reason>
          <test-suite type="TestSuite" id="1049" name="MeshA" fullname="BovineLabs.Grid.MeshA" runstate="Runnable" testcasecount="10" result="Skipped" label="Ignored" start-time="2026-05-13 13:56:38Z" end-time="2026-05-13 13:56:38Z" duration="0.017843" total="10" passed="8" failed="0" inconclusive="0" skipped="2" asserts="0">
            <properties />
            <reason>
              <message><![CDATA[One or more child tests were ignored]]></message>
            </reason>
            <test-suite type="TestSuite" id="1050" name="Tests" fullname="BovineLabs.Grid.MeshA.Tests" runstate="Runnable" testcasecount="10" result="Skipped" label="Ignored" start-time="2026-05-13 13:56:38Z" end-time="2026-05-13 13:56:38Z" duration="0.017732" total="10" passed="8" failed="0" inconclusive="0" skipped="2" asserts="0">
              <properties />
              <reason>
                <message><![CDATA[One or more child tests were ignored]]></message>
              </reason>
              <test-suite type="TestFixture" id="1035" name="MeshAStarTests" fullname="BovineLabs.Grid.MeshA.Tests.MeshAStarTests" classname="BovineLabs.Grid.MeshA.Tests.MeshAStarTests" runstate="Runnable" testcasecount="10" result="Skipped" label="Ignored" start-time="2026-05-13 13:56:38Z" end-time="2026-05-13 13:56:38Z" duration="0.017518" total="10" passed="8" failed="0" inconclusive="0" skipped="2" asserts="0">
                <properties />
                <reason>
                  <message><![CDATA[One or more child tests were ignored]]></message>
                </reason>
                <test-case id="1038" name="MeshAStar_BlockedPath_GoesAround" fullname="BovineLabs.Grid.MeshA.Tests.MeshAStarTests.MeshAStar_BlockedPath_GoesAround" methodname="MeshAStar_BlockedPath_GoesAround" classname="BovineLabs.Grid.MeshA.Tests.MeshAStarTests" runstate="Ignored" seed="1854711126" result="Skipped" label="Ignored" start-time="2026-05-13 13:56:38Z" end-time="2026-05-13 13:56:38Z" duration="0.000003" asserts="0">
                  <properties>
                    <property name="_SKIPREASON" value="TODO: swept-cell collision check needs tuning for obstacle detour" />
                  </properties>
                  <reason>
                    <message><![CDATA[TODO: swept-cell collision check needs tuning for obstacle detour]]></message>
                  </reason>
                </test-case>
                <test-case id="1036" name="MeshAStar_EmptyGrid_PathFound" fullname="BovineLabs.Grid.MeshA.Tests.MeshAStarTests.MeshAStar_EmptyGrid_PathFound" methodname="MeshAStar_EmptyGrid_PathFound" classname="BovineLabs.Grid.MeshA.Tests.MeshAStarTests" runstate="Runnable" seed="657065803" result="Passed" start-time="2026-05-13 13:56:38Z" end-time="2026-05-13 13:56:38Z" duration="0.012400" asserts="0">
                  <properties>
                    <property name="retryIteration" value="0" />
                    <property name="repeatIteration" value="0" />
                  </properties>
                </test-case>
                <test-case id="1041" name="MeshAStar_NodesExplored_Counted" fullname="BovineLabs.Grid.MeshA.Tests.MeshAStarTests.MeshAStar_NodesExplored_Counted" methodname="MeshAStar_NodesExplored_Counted" classname="BovineLabs.Grid.MeshA.Tests.MeshAStarTests" runstate="Runnable" seed="26231113" result="Passed" start-time="2026-05-13 13:56:38Z" end-time="2026-05-13 13:56:38Z" duration="0.000394" asserts="0">
                  <properties>
                    <property name="retryIteration" value="0" />
                    <property name="repeatIteration" value="0" />
                  </properties>
                </test-case>
                <test-case id="1039" name="MeshAStar_NoPath_ReturnsFalse" fullname="BovineLabs.Grid.MeshA.Tests.MeshAStarTests.MeshAStar_NoPath_ReturnsFalse" methodname="MeshAStar_NoPath_ReturnsFalse" classname="BovineLabs.Grid.MeshA.Tests.MeshAStarTests" runstate="Runnable" seed="1862736645" result="Passed" start-time="2026-05-13 13:56:38Z" end-time="2026-05-13 13:56:38Z" duration="0.000523" asserts="0">
                  <properties>
                    <property name="retryIteration" value="0" />
                    <property name="repeatIteration" value="0" />
                  </properties>
                </test-case>
                <test-case id="1040" name="MeshAStar_PathCost_Positive" fullname="BovineLabs.Grid.MeshA.Tests.MeshAStarTests.MeshAStar_PathCost_Positive" methodname="MeshAStar_PathCost_Positive" classname="BovineLabs.Grid.MeshA.Tests.MeshAStarTests" runstate="Ignored" seed="1845453586" result="Skipped" label="Ignored" start-time="2026-05-13 13:56:38Z" end-time="2026-05-13 13:56:38Z" duration="0.000002" asserts="0">
                  <properties>
                    <property name="_SKIPREASON" value="TODO: zero-cost transitions from unconnected primitives" />
                  </properties>
                  <reason>
                    <message><![CDATA[TODO: zero-cost transitions from unconnected primitives]]></message>
                  </reason>
                </test-case>
                <test-case id="1037" name="MeshAStar_StartEqualsGoal_TrivialPath" fullname="BovineLabs.Grid.MeshA.Tests.MeshAStarTests.MeshAStar_StartEqualsGoal_TrivialPath" methodname="MeshAStar_StartEqualsGoal_TrivialPath" classname="BovineLabs.Grid.MeshA.Tests.MeshAStarTests" runstate="Runnable" seed="1993799874" result="Passed" start-time="2026-05-13 13:56:38Z" end-time="2026-05-13 13:56:38Z" duration="0.000352" asserts="0">
                  <properties>
                    <property name="retryIteration" value="0" />
                    <property name="repeatIteration" value="0" />
                  </properties>
                </test-case>
                <test-case id="1045" name="MeshAStar_Weighted_FasterThanOptimal" fullname="BovineLabs.Grid.MeshA.Tests.MeshAStarTests.MeshAStar_Weighted_FasterThanOptimal" methodname="MeshAStar_Weighted_FasterThanOptimal" classname="BovineLabs.Grid.MeshA.Tests.MeshAStarTests" runstate="Runnable" seed="1745821654" result="Passed" start-time="2026-05-13 13:56:38Z" end-time="2026-05-13 13:56:38Z" duration="0.000691" asserts="0">
                  <properties>
                    <property name="retryIteration" value="0" />
                    <property name="repeatIteration" value="0" />
                  </properties>
                </test-case>
                <test-case id="1044" name="MeshGraph_InitialConfigMapping_Correct" fullname="BovineLabs.Grid.MeshA.Tests.MeshAStarTests.MeshGraph_InitialConfigMapping_Correct" methodname="MeshGraph_InitialConfigMapping_Correct" classname="BovineLabs.Grid.MeshA.Tests.MeshAStarTests" runstate="Runnable" seed="26761298" result="Passed" start-time="2026-05-13 13:56:38Z" end-time="2026-05-13 13:56:38Z" duration="0.000267" asserts="0">
                  <properties>
                    <property name="retryIteration" value="0" />
                    <property name="repeatIteration" value="0" />
                  </properties>
                </test-case>
                <test-case id="1042" name="PrimitiveSet_CreateCardinal8_Has8Primitives" fullname="BovineLabs.Grid.MeshA.Tests.MeshAStarTests.PrimitiveSet_CreateCardinal8_Has8Primitives" methodname="PrimitiveSet_CreateCardinal8_Has8Primitives" classname="BovineLabs.Grid.MeshA.Tests.MeshAStarTests" runstate="Runnable" seed="1553288169" result="Passed" start-time="2026-05-13 13:56:38Z" end-time="2026-05-13 13:56:38Z" duration="0.000213" asserts="0">
                  <properties>
                    <property name="retryIteration" value="0" />
                    <property name="repeatIteration" value="0" />
                  </properties>
                </test-case>
                <test-case id="1043" name="PrimitiveSet_CreateExtended8_Has24Primitives" fullname="BovineLabs.Grid.MeshA.Tests.MeshAStarTests.PrimitiveSet_CreateExtended8_Has24Primitives" methodname="PrimitiveSet_CreateExtended8_Has24Primitives" classname="BovineLabs.Grid.MeshA.Tests.MeshAStarTests" runstate="Runnable" seed="534862566" result="Passed" start-time="2026-05-13 13:56:38Z" end-time="2026-05-13 13:56:38Z" duration="0.000654" asserts="0">
                  <properties>
                    <property name="retryIteration" value="0" />
                    <property name="repeatIteration" value="0" />
                  </properties>
                </test-case>
              </test-suite>
            </test-suite>
          </test-suite>
        </test-suite>
      </test-suite>
    </test-suite>
    <test-suite type="Assembly" id="1131" name="com.bovinelabs.grid.tests.dll" fullname="/home/i/Documents/BovineLabs/Library/ScriptAssemblies/com.bovinelabs.grid.tests.dll" runstate="Runnable" testcasecount="71" result="Passed" start-time="2026-05-13 13:56:38Z" end-time="2026-05-13 13:56:38Z" duration="0.026432" total="71" passed="71" failed="0" inconclusive="0" skipped="0" asserts="0">
      <properties>
        <property name="_PID" value="201850" />
        <property name="_APPDOMAIN" value="Unity Child Domain" />
        <property name="platform" value="EditMode" />
        <property name="EditorOnly" value="True" />
      </properties>
      <test-suite type="TestSuite" id="1132" name="BovineLabs" fullname="BovineLabs" runstate="Runnable" testcasecount="12" result="Passed" start-time="2026-05-13 13:56:38Z" end-time="2026-05-13 13:56:38Z" duration="0.004796" total="12" passed="12" failed="0" inconclusive="0" skipped="0" asserts="0">
        <properties />
        <test-suite type="TestSuite" id="1133" name="Grid" fullname="BovineLabs.Grid" runstate="Runnable" testcasecount="12" result="Passed" start-time="2026-05-13 13:56:38Z" end-time="2026-05-13 13:56:38Z" duration="0.004691" total="12" passed="12" failed="0" inconclusive="0" skipped="0" asserts="0">
          <properties />
          <test-suite type="TestSuite" id="1134" name="Tests" fullname="BovineLabs.Grid.Tests" runstate="Runnable" testcasecount="12" result="Passed" start-time="2026-05-13 13:56:38Z" end-time="2026-05-13 13:56:38Z" duration="0.004565" total="12" passed="12" failed="0" inconclusive="0" skipped="0" asserts="0">
            <properties />
            <test-suite type="TestFixture" id="1121" name="GridHeuristicsTests" fullname="BovineLabs.Grid.Tests.GridHeuristicsTests" classname="BovineLabs.Grid.Tests.GridHeuristicsTests" runstate="Runnable" testcasecount="5" result="Passed" start-time="2026-05-13 13:56:38Z" end-time="2026-05-13 13:56:38Z" duration="0.001600" total="5" passed="5" failed="0" inconclusive="0" skipped="0" asserts="0">
              <properties />
              <test-case id="1122" name="Euclidean_SamePoint_Zero" fullname="BovineLabs.Grid.Tests.GridHeuristicsTests.Euclidean_SamePoint_Zero" methodname="Euclidean_SamePoint_Zero" classname="BovineLabs.Grid.Tests.GridHeuristicsTests" runstate="Runnable" seed="105558232" result="Passed" start-time="2026-05-13 13:56:38Z" end-time="2026-05-13 13:56:38Z" duration="0.000210" asserts="0">
                <properties>
                  <property name="retryIteration" value="0" />
                  <property name="repeatIteration" value="0" />
                </properties>
              </test-case>
              <test-case id="1123" name="Euclidean_UnitDiagonal" fullname="BovineLabs.Grid.Tests.GridHeuristicsTests.Euclidean_UnitDiagonal" methodname="Euclidean_UnitDiagonal" classname="BovineLabs.Grid.Tests.GridHeuristicsTests" runstate="Runnable" seed="1742353804" result="Passed" start-time="2026-05-13 13:56:38Z" end-time="2026-05-13 13:56:38Z" duration="0.000113" asserts="0">
                <properties>
                  <property name="retryIteration" value="0" />
                  <property name="repeatIteration" value="0" />
                </properties>
              </test-case>
              <test-case id="1126" name="Manhattan_Correct" fullname="BovineLabs.Grid.Tests.GridHeuristicsTests.Manhattan_Correct" methodname="Manhattan_Correct" classname="BovineLabs.Grid.Tests.GridHeuristicsTests" runstate="Runnable" seed="23639967" result="Passed" start-time="2026-05-13 13:56:38Z" end-time="2026-05-13 13:56:38Z" duration="0.000134" asserts="0">
                <properties>
                  <property name="retryIteration" value="0" />
                  <property name="repeatIteration" value="0" />
                </properties>
              </test-case>
              <test-case id="1124" name="Octile_Cardinal" fullname="BovineLabs.Grid.Tests.GridHeuristicsTests.Octile_Cardinal" methodname="Octile_Cardinal" classname="BovineLabs.Grid.Tests.GridHeuristicsTests" runstate="Runnable" seed="2089980194" result="Passed" start-time="2026-05-13 13:56:38Z" end-time="2026-05-13 13:56:38Z" duration="0.000118" asserts="0">
                <properties>
                  <property name="retryIteration" value="0" />
                  <property name="repeatIteration" value="0" />
                </properties>
              </test-case>
              <test-case id="1125" name="Octile_Diagonal" fullname="BovineLabs.Grid.Tests.GridHeuristicsTests.Octile_Diagonal" methodname="Octile_Diagonal" classname="BovineLabs.Grid.Tests.GridHeuristicsTests" runstate="Runnable" seed="1547578448" result="Passed" start-time="2026-05-13 13:56:38Z" end-time="2026-05-13 13:56:38Z" duration="0.000101" asserts="0">
                <properties>
                  <property name="retryIteration" value="0" />
                  <property name="repeatIteration" value="0" />
                </properties>
              </test-case>
            </test-suite>
            <test-suite type="TestFixture" id="1116" name="NativeGrid2DTests" fullname="BovineLabs.Grid.Tests.NativeGrid2DTests" classname="BovineLabs.Grid.Tests.NativeGrid2DTests" runstate="Runnable" testcasecount="4" result="Passed" start-time="2026-05-13 13:56:38Z" end-time="2026-05-13 13:56:38Z" duration="0.001405" total="4" passed="4" failed="0" inconclusive="0" skipped="0" asserts="0">
              <properties />
              <test-case id="1117" name="Create_WidthHeightSet" fullname="BovineLabs.Grid.Tests.NativeGrid2DTests.Create_WidthHeightSet" methodname="Create_WidthHeightSet" classname="BovineLabs.Grid.Tests.NativeGrid2DTests" runstate="Runnable" seed="1618346617" result="Passed" start-time="2026-05-13 13:56:38Z" end-time="2026-05-13 13:56:38Z" duration="0.000177" asserts="0">
                <properties>
                  <property name="retryIteration" value="0" />
                  <property name="repeatIteration" value="0" />
                </properties>
              </test-case>
              <test-case id="1118" name="InBounds_InsideTrue" fullname="BovineLabs.Grid.Tests.NativeGrid2DTests.InBounds_InsideTrue" methodname="InBounds_InsideTrue" classname="BovineLabs.Grid.Tests.NativeGrid2DTests" runstate="Runnable" seed="259420267" result="Passed" start-time="2026-05-13 13:56:38Z" end-time="2026-05-13 13:56:38Z" duration="0.000149" asserts="0">
                <properties>
                  <property name="retryIteration" value="0" />
                  <property name="repeatIteration" value="0" />
                </properties>
              </test-case>
              <test-case id="1119" name="InBounds_OutsideFalse" fullname="BovineLabs.Grid.Tests.NativeGrid2DTests.InBounds_OutsideFalse" methodname="InBounds_OutsideFalse" classname="BovineLabs.Grid.Tests.NativeGrid2DTests" runstate="Runnable" seed="884974234" result="Passed" start-time="2026-05-13 13:56:38Z" end-time="2026-05-13 13:56:38Z" duration="0.000136" asserts="0">
                <properties>
                  <property name="retryIteration" value="0" />
                  <property name="repeatIteration" value="0" />
                </properties>
              </test-case>
              <test-case id="1120" name="SetAndIsFree_Works" fullname="BovineLabs.Grid.Tests.NativeGrid2DTests.SetAndIsFree_Works" methodname="SetAndIsFree_Works" classname="BovineLabs.Grid.Tests.NativeGrid2DTests" runstate="Runnable" seed="3619105" result="Passed" start-time="2026-05-13 13:56:38Z" end-time="2026-05-13 13:56:38Z" duration="0.000138" asserts="0">
                <properties>
                  <property name="retryIteration" value="0" />
                  <property name="repeatIteration" value="0" />
                </properties>
              </test-case>
            </test-suite>
            <test-suite type="TestFixture" id="1127" name="NativeMinHeapTests" fullname="BovineLabs.Grid.Tests.NativeMinHeapTests" classname="BovineLabs.Grid.Tests.NativeMinHeapTests" runstate="Runnable" testcasecount="3" result="Passed" start-time="2026-05-13 13:56:38Z" end-time="2026-05-13 13:56:38Z" duration="0.001220" total="3" passed="3" failed="0" inconclusive="0" skipped="0" asserts="0">
              <properties />
              <test-case id="1130" name="Contains_Works" fullname="BovineLabs.Grid.Tests.NativeMinHeapTests.Contains_Works" methodname="Contains_Works" classname="BovineLabs.Grid.Tests.NativeMinHeapTests" runstate="Runnable" seed="1626024478" result="Passed" start-time="2026-05-13 13:56:38Z" end-time="2026-05-13 13:56:38Z" duration="0.000181" asserts="0">
                <properties>
                  <property name="retryIteration" value="0" />
                  <property name="repeatIteration" value="0" />
                </properties>
              </test-case>
              <test-case id="1128" name="PushPop_SortedOrder" fullname="BovineLabs.Grid.Tests.NativeMinHeapTests.PushPop_SortedOrder" methodname="PushPop_SortedOrder" classname="BovineLabs.Grid.Tests.NativeMinHeapTests" runstate="Runnable" seed="1362292058" result="Passed" start-time="2026-05-13 13:56:38Z" end-time="2026-05-13 13:56:38Z" duration="0.000159" asserts="0">
                <properties>
                  <property name="retryIteration" value="0" />
                  <property name="repeatIteration" value="0" />
                </properties>
              </test-case>
              <test-case id="1129" name="TryUpdate_LowersCost" fullname="BovineLabs.Grid.Tests.NativeMinHeapTests.TryUpdate_LowersCost" methodname="TryUpdate_LowersCost" classname="BovineLabs.Grid.Tests.NativeMinHeapTests" runstate="Runnable" seed="242688601" result="Passed" start-time="2026-05-13 13:56:38Z" end-time="2026-05-13 13:56:38Z" duration="0.000201" asserts="0">
                <properties>
                  <property name="retryIteration" value="0" />
                  <property name="repeatIteration" value="0" />
                </properties>
              </test-case>
            </test-suite>
          </test-suite>
        </test-suite>
      </test-suite>
      <test-suite type="TestFixture" id="1051" name="Grid2DTests" fullname="Grid2DTests" classname="Grid2DTests" runstate="Runnable" testcasecount="18" result="Passed" start-time="2026-05-13 13:56:38Z" end-time="2026-05-13 13:56:38Z" duration="0.005074" total="18" passed="18" failed="0" inconclusive="0" skipped="0" asserts="0">
        <properties />
        <test-case id="1065" name="Directions4_SumZero" fullname="Grid2DTests.Directions4_SumZero" methodname="Directions4_SumZero" classname="Grid2DTests" runstate="Runnable" seed="18353889" result="Passed" start-time="2026-05-13 13:56:38Z" end-time="2026-05-13 13:56:38Z" duration="0.000227" asserts="0">
          <properties>
            <property name="retryIteration" value="0" />
            <property name="repeatIteration" value="0" />
          </properties>
        </test-case>
        <test-case id="1066" name="Directions8_SumZero" fullname="Grid2DTests.Directions8_SumZero" methodname="Directions8_SumZero" classname="Grid2DTests" runstate="Runnable" seed="1234649325" result="Passed" start-time="2026-05-13 13:56:38Z" end-time="2026-05-13 13:56:38Z" duration="0.000227" asserts="0">
          <properties>
            <property name="retryIteration" value="0" />
            <property name="repeatIteration" value="0" />
          </properties>
        </test-case>
        <test-case id="1062" name="HeuristicEuclidean" fullname="Grid2DTests.HeuristicEuclidean" methodname="HeuristicEuclidean" classname="Grid2DTests" runstate="Runnable" seed="1976136624" result="Passed" start-time="2026-05-13 13:56:38Z" end-time="2026-05-13 13:56:38Z" duration="0.000166" asserts="0">
          <properties>
            <property name="retryIteration" value="0" />
            <property name="repeatIteration" value="0" />
          </properties>
        </test-case>
        <test-case id="1061" name="HeuristicManhattan" fullname="Grid2DTests.HeuristicManhattan" methodname="HeuristicManhattan" classname="Grid2DTests" runstate="Runnable" seed="2101686175" result="Passed" start-time="2026-05-13 13:56:38Z" end-time="2026-05-13 13:56:38Z" duration="0.000132" asserts="0">
          <properties>
            <property name="retryIteration" value="0" />
            <property name="repeatIteration" value="0" />
          </properties>
        </test-case>
        <test-case id="1064" name="HeuristicOctile_Diagonal" fullname="Grid2DTests.HeuristicOctile_Diagonal" methodname="HeuristicOctile_Diagonal" classname="Grid2DTests" runstate="Runnable" seed="380795015" result="Passed" start-time="2026-05-13 13:56:38Z" end-time="2026-05-13 13:56:38Z" duration="0.000141" asserts="0">
          <properties>
            <property name="retryIteration" value="0" />
            <property name="repeatIteration" value="0" />
          </properties>
        </test-case>
        <test-case id="1063" name="HeuristicOctile_Straight" fullname="Grid2DTests.HeuristicOctile_Straight" methodname="HeuristicOctile_Straight" classname="Grid2DTests" runstate="Runnable" seed="1073095417" result="Passed" start-time="2026-05-13 13:56:38Z" end-time="2026-05-13 13:56:38Z" duration="0.000101" asserts="0">
          <properties>
            <property name="retryIteration" value="0" />
            <property name="repeatIteration" value="0" />
          </properties>
        </test-case>
        <test-case id="1058" name="InBounds_Index" fullname="Grid2DTests.InBounds_Index" methodname="InBounds_Index" classname="Grid2DTests" runstate="Runnable" seed="481908732" result="Passed" start-time="2026-05-13 13:56:38Z" end-time="2026-05-13 13:56:38Z" duration="0.000185" asserts="0">
          <properties>
            <property name="retryIteration" value="0" />
            <property name="repeatIteration" value="0" />
          </properties>
        </test-case>
        <test-case id="1056" name="InBounds_Inside_True" fullname="Grid2DTests.InBounds_Inside_True" methodname="InBounds_Inside_True" classname="Grid2DTests" runstate="Runnable" seed="1397872534" result="Passed" start-time="2026-05-13 13:56:38Z" end-time="2026-05-13 13:56:38Z" duration="0.000140" asserts="0">
          <properties>
            <property name="retryIteration" value="0" />
            <property name="repeatIteration" value="0" />
          </properties>
        </test-case>
        <test-case id="1057" name="InBounds_Outside_False" fullname="Grid2DTests.InBounds_Outside_False" methodname="InBounds_Outside_False" classname="Grid2DTests" runstate="Runnable" seed="704360759" result="Passed" start-time="2026-05-13 13:56:38Z" end-time="2026-05-13 13:56:38Z" duration="0.000120" asserts="0">
          <properties>
            <property name="retryIteration" value="0" />
            <property name="repeatIteration" value="0" />
          </properties>
        </test-case>
        <test-case id="1067" name="OneByOne" fullname="Grid2DTests.OneByOne" methodname="OneByOne" classname="Grid2DTests" runstate="Runnable" seed="166645899" result="Passed" start-time="2026-05-13 13:56:38Z" end-time="2026-05-13 13:56:38Z" duration="0.000209" asserts="0">
          <properties>
            <property name="retryIteration" value="0" />
            <property name="repeatIteration" value="0" />
          </properties>
        </test-case>
        <test-case id="1052" name="Setup_SetsDimensions" fullname="Grid2DTests.Setup_SetsDimensions" methodname="Setup_SetsDimensions" classname="Grid2DTests" runstate="Runnable" seed="540517141" result="Passed" start-time="2026-05-13 13:56:38Z" end-time="2026-05-13 13:56:38Z" duration="0.000125" asserts="0">
          <properties>
            <property name="retryIteration" value="0" />
            <property name="repeatIteration" value="0" />
          </properties>
        </test-case>
        <test-case id="1069" name="SingleColumn_RoundTrip" fullname="Grid2DTests.SingleColumn_RoundTrip" methodname="SingleColumn_RoundTrip" classname="Grid2DTests" runstate="Runnable" seed="362498918" result="Passed" start-time="2026-05-13 13:56:38Z" end-time="2026-05-13 13:56:38Z" duration="0.000208" asserts="0">
          <properties>
            <property name="retryIteration" value="0" />
            <property name="repeatIteration" value="0" />
          </properties>
        </test-case>
        <test-case id="1068" name="SingleRow_RoundTrip" fullname="Grid2DTests.SingleRow_RoundTrip" methodname="SingleRow_RoundTrip" classname="Grid2DTests" runstate="Runnable" seed="211969196" result="Passed" start-time="2026-05-13 13:56:38Z" end-time="2026-05-13 13:56:38Z" duration="0.000211" asserts="0">
          <properties>
            <property name="retryIteration" value="0" />
            <property name="repeatIteration" value="0" />
          </properties>
        </test-case>
        <test-case id="1055" name="ToCoord_RoundTrip" fullname="Grid2DTests.ToCoord_RoundTrip" methodname="ToCoord_RoundTrip" classname="Grid2DTests" runstate="Runnable" seed="1450305561" result="Passed" start-time="2026-05-13 13:56:38Z" end-time="2026-05-13 13:56:38Z" duration="0.000155" asserts="0">
          <properties>
            <property name="retryIteration" value="0" />
            <property name="repeatIteration" value="0" />
          </properties>
        </test-case>
        <test-case id="1053" name="ToIndex_Origin" fullname="Grid2DTests.ToIndex_Origin" methodname="ToIndex_Origin" classname="Grid2DTests" runstate="Runnable" seed="870235309" result="Passed" start-time="2026-05-13 13:56:38Z" end-time="2026-05-13 13:56:38Z" duration="0.000111" asserts="0">
          <properties>
            <property name="retryIteration" value="0" />
            <property name="repeatIteration" value="0" />
          </properties>
        </test-case>
        <test-case id="1054" name="ToIndex_RowMajor" fullname="Grid2DTests.ToIndex_RowMajor" methodname="ToIndex_RowMajor" classname="Grid2DTests" runstate="Runnable" seed="2074931861" result="Passed" start-time="2026-05-13 13:56:38Z" end-time="2026-05-13 13:56:38Z" duration="0.000148" asserts="0">
          <properties>
            <property name="retryIteration" value="0" />
            <property name="repeatIteration" value="0" />
          </properties>
        </test-case>
        <test-case id="1060" name="TryIndex_Invalid" fullname="Grid2DTests.TryIndex_Invalid" methodname="TryIndex_Invalid" classname="Grid2DTests" runstate="Runnable" seed="1651164734" result="Passed" start-time="2026-05-13 13:56:38Z" end-time="2026-05-13 13:56:38Z" duration="0.000140" asserts="0">
          <properties>
            <property name="retryIteration" value="0" />
            <property name="repeatIteration" value="0" />
          </properties>
        </test-case>
        <test-case id="1059" name="TryIndex_Valid" fullname="Grid2DTests.TryIndex_Valid" methodname="TryIndex_Valid" classname="Grid2DTests" runstate="Runnable" seed="1419010582" result="Passed" start-time="2026-05-13 13:56:38Z" end-time="2026-05-13 13:56:38Z" duration="0.000114" asserts="0">
          <properties>
            <property name="retryIteration" value="0" />
            <property name="repeatIteration" value="0" />
          </properties>
        </test-case>
      </test-suite>
      <test-suite type="TestFixture" id="1070" name="GridNeighborsTests" fullname="GridNeighborsTests" classname="GridNeighborsTests" runstate="Runnable" testcasecount="11" result="Passed" start-time="2026-05-13 13:56:38Z" end-time="2026-05-13 13:56:38Z" duration="0.004367" total="11" passed="11" failed="0" inconclusive="0" skipped="0" asserts="0">
        <properties />
        <test-case id="1081" name="_1x1_NoNeighbors" fullname="GridNeighborsTests._1x1_NoNeighbors" methodname="_1x1_NoNeighbors" classname="GridNeighborsTests" runstate="Runnable" seed="1410569603" result="Passed" start-time="2026-05-13 13:56:38Z" end-time="2026-05-13 13:56:38Z" duration="0.000827" asserts="0">
          <properties>
            <property name="retryIteration" value="0" />
            <property name="repeatIteration" value="0" />
          </properties>
        </test-case>
        <test-case id="1075" name="AllBlocked_0Neighbors" fullname="GridNeighborsTests.AllBlocked_0Neighbors" methodname="AllBlocked_0Neighbors" classname="GridNeighborsTests" runstate="Runnable" seed="1378461827" result="Passed" start-time="2026-05-13 13:56:38Z" end-time="2026-05-13 13:56:38Z" duration="0.000360" asserts="0">
          <properties>
            <property name="retryIteration" value="0" />
            <property name="repeatIteration" value="0" />
          </properties>
        </test-case>
        <test-case id="1074" name="Blocked_Skipped" fullname="GridNeighborsTests.Blocked_Skipped" methodname="Blocked_Skipped" classname="GridNeighborsTests" runstate="Runnable" seed="442633039" result="Passed" start-time="2026-05-13 13:56:38Z" end-time="2026-05-13 13:56:38Z" duration="0.000182" asserts="0">
          <properties>
            <property name="retryIteration" value="0" />
            <property name="repeatIteration" value="0" />
          </properties>
        </test-case>
        <test-case id="1071" name="Center_4Neighbors" fullname="GridNeighborsTests.Center_4Neighbors" methodname="Center_4Neighbors" classname="GridNeighborsTests" runstate="Runnable" seed="1222791955" result="Passed" start-time="2026-05-13 13:56:38Z" end-time="2026-05-13 13:56:38Z" duration="0.000154" asserts="0">
          <properties>
            <property name="retryIteration" value="0" />
            <property name="repeatIteration" value="0" />
          </properties>
        </test-case>
        <test-case id="1076" name="Center_8Neighbors" fullname="GridNeighborsTests.Center_8Neighbors" methodname="Center_8Neighbors" classname="GridNeighborsTests" runstate="Runnable" seed="775268197" result="Passed" start-time="2026-05-13 13:56:38Z" end-time="2026-05-13 13:56:38Z" duration="0.000242" asserts="0">
          <properties>
            <property name="retryIteration" value="0" />
            <property name="repeatIteration" value="0" />
          </properties>
        </test-case>
        <test-case id="1072" name="Corner_2Neighbors" fullname="GridNeighborsTests.Corner_2Neighbors" methodname="Corner_2Neighbors" classname="GridNeighborsTests" runstate="Runnable" seed="1688276315" result="Passed" start-time="2026-05-13 13:56:38Z" end-time="2026-05-13 13:56:38Z" duration="0.000175" asserts="0">
          <properties>
            <property name="retryIteration" value="0" />
            <property name="repeatIteration" value="0" />
          </properties>
        </test-case>
        <test-case id="1077" name="Corner_3DiagNeighbors" fullname="GridNeighborsTests.Corner_3DiagNeighbors" methodname="Corner_3DiagNeighbors" classname="GridNeighborsTests" runstate="Runnable" seed="914791037" result="Passed" start-time="2026-05-13 13:56:38Z" end-time="2026-05-13 13:56:38Z" duration="0.000160" asserts="0">
          <properties>
            <property name="retryIteration" value="0" />
            <property name="repeatIteration" value="0" />
          </properties>
        </test-case>
        <test-case id="1078" name="DiagonalPassable_BothFree" fullname="GridNeighborsTests.DiagonalPassable_BothFree" methodname="DiagonalPassable_BothFree" classname="GridNeighborsTests" runstate="Runnable" seed="650818603" result="Passed" start-time="2026-05-13 13:56:38Z" end-time="2026-05-13 13:56:38Z" duration="0.000227" asserts="0">
          <properties>
            <property name="retryIteration" value="0" />
            <property name="repeatIteration" value="0" />
          </properties>
        </test-case>
        <test-case id="1079" name="DiagonalPassable_OneBlocked" fullname="GridNeighborsTests.DiagonalPassable_OneBlocked" methodname="DiagonalPassable_OneBlocked" classname="GridNeighborsTests" runstate="Runnable" seed="509477893" result="Passed" start-time="2026-05-13 13:56:38Z" end-time="2026-05-13 13:56:38Z" duration="0.000151" asserts="0">
          <properties>
            <property name="retryIteration" value="0" />
            <property name="repeatIteration" value="0" />
          </properties>
        </test-case>
        <test-case id="1080" name="DiagonalPassable_OutOfBounds" fullname="GridNeighborsTests.DiagonalPassable_OutOfBounds" methodname="DiagonalPassable_OutOfBounds" classname="GridNeighborsTests" runstate="Runnable" seed="896783656" result="Passed" start-time="2026-05-13 13:56:38Z" end-time="2026-05-13 13:56:38Z" duration="0.000140" asserts="0">
          <properties>
            <property name="retryIteration" value="0" />
            <property name="repeatIteration" value="0" />
          </properties>
        </test-case>
        <test-case id="1073" name="Edge_3Neighbors" fullname="GridNeighborsTests.Edge_3Neighbors" methodname="Edge_3Neighbors" classname="GridNeighborsTests" runstate="Runnable" seed="681815715" result="Passed" start-time="2026-05-13 13:56:38Z" end-time="2026-05-13 13:56:38Z" duration="0.000152" asserts="0">
          <properties>
            <property name="retryIteration" value="0" />
            <property name="repeatIteration" value="0" />
          </properties>
        </test-case>
      </test-suite>
      <test-suite type="TestFixture" id="1082" name="HeapNodeTests" fullname="HeapNodeTests" classname="HeapNodeTests" runstate="Runnable" testcasecount="3" result="Passed" start-time="2026-05-13 13:56:38Z" end-time="2026-05-13 13:56:38Z" duration="0.001430" total="3" passed="3" failed="0" inconclusive="0" skipped="0" asserts="0">
        <properties />
        <test-case id="1084" name="Constructor_DefaultKey1" fullname="HeapNodeTests.Constructor_DefaultKey1" methodname="Constructor_DefaultKey1" classname="HeapNodeTests" runstate="Runnable" seed="151200761" result="Passed" start-time="2026-05-13 13:56:38Z" end-time="2026-05-13 13:56:38Z" duration="0.000150" asserts="0">
          <properties>
            <property name="retryIteration" value="0" />
            <property name="repeatIteration" value="0" />
          </properties>
        </test-case>
        <test-case id="1083" name="Constructor_Full" fullname="HeapNodeTests.Constructor_Full" methodname="Constructor_Full" classname="HeapNodeTests" runstate="Runnable" seed="1627739592" result="Passed" start-time="2026-05-13 13:56:38Z" end-time="2026-05-13 13:56:38Z" duration="0.000117" asserts="0">
          <properties>
            <property name="retryIteration" value="0" />
            <property name="repeatIteration" value="0" />
          </properties>
        </test-case>
        <test-case id="1085" name="ZeroKey" fullname="HeapNodeTests.ZeroKey" methodname="ZeroKey" classname="HeapNodeTests" runstate="Runnable" seed="273692815" result="Passed" start-time="2026-05-13 13:56:38Z" end-time="2026-05-13 13:56:38Z" duration="0.000417" asserts="0">
          <properties>
            <property name="retryIteration" value="0" />
            <property name="repeatIteration" value="0" />
          </properties>
        </test-case>
      </test-suite>
      <test-suite type="TestFixture" id="1086" name="MinHeapTests" fullname="MinHeapTests" classname="MinHeapTests" runstate="Runnable" testcasecount="15" result="Passed" start-time="2026-05-13 13:56:38Z" end-time="2026-05-13 13:56:38Z" duration="0.005738" total="15" passed="15" failed="0" inconclusive="0" skipped="0" asserts="0">
        <properties />
        <test-case id="1098" name="Clear" fullname="MinHeapTests.Clear" methodname="Clear" classname="MinHeapTests" runstate="Runnable" seed="596199279" result="Passed" start-time="2026-05-13 13:56:38Z" end-time="2026-05-13 13:56:38Z" duration="0.000659" asserts="0">
          <properties>
            <property name="retryIteration" value="0" />
            <property name="repeatIteration" value="0" />
          </properties>
        </test-case>
        <test-case id="1097" name="Contains_AfterPop" fullname="MinHeapTests.Contains_AfterPop" methodname="Contains_AfterPop" classname="MinHeapTests" runstate="Runnable" seed="1794273065" result="Passed" start-time="2026-05-13 13:56:38Z" end-time="2026-05-13 13:56:38Z" duration="0.000245" asserts="0">
          <properties>
            <property name="retryIteration" value="0" />
            <property name="repeatIteration" value="0" />
          </properties>
        </test-case>
        <test-case id="1095" name="Contains_Inserted" fullname="MinHeapTests.Contains_Inserted" methodname="Contains_Inserted" classname="MinHeapTests" runstate="Runnable" seed="1562039484" result="Passed" start-time="2026-05-13 13:56:38Z" end-time="2026-05-13 13:56:38Z" duration="0.000157" asserts="0">
          <properties>
            <property name="retryIteration" value="0" />
            <property name="repeatIteration" value="0" />
          </properties>
        </test-case>
        <test-case id="1096" name="Contains_NotInserted" fullname="MinHeapTests.Contains_NotInserted" methodname="Contains_NotInserted" classname="MinHeapTests" runstate="Runnable" seed="2080856721" result="Passed" start-time="2026-05-13 13:56:38Z" end-time="2026-05-13 13:56:38Z" duration="0.000139" asserts="0">
          <properties>
            <property name="retryIteration" value="0" />
            <property name="repeatIteration" value="0" />
          </properties>
        </test-case>
        <test-case id="1092" name="DecreaseKey" fullname="MinHeapTests.DecreaseKey" methodname="DecreaseKey" classname="MinHeapTests" runstate="Runnable" seed="2007752155" result="Passed" start-time="2026-05-13 13:56:38Z" end-time="2026-05-13 13:56:38Z" duration="0.000337" asserts="0">
          <properties>
            <property name="retryIteration" value="0" />
            <property name="repeatIteration" value="0" />
          </properties>
        </test-case>
        <test-case id="1100" name="DecreaseKey_Interleaved" fullname="MinHeapTests.DecreaseKey_Interleaved" methodname="DecreaseKey_Interleaved" classname="MinHeapTests" runstate="Runnable" seed="824635177" result="Passed" start-time="2026-05-13 13:56:38Z" end-time="2026-05-13 13:56:38Z" duration="0.000317" asserts="0">
          <properties>
            <property name="retryIteration" value="0" />
            <property name="repeatIteration" value="0" />
          </properties>
        </test-case>
        <test-case id="1093" name="DecreaseKey_NoIncrease" fullname="MinHeapTests.DecreaseKey_NoIncrease" methodname="DecreaseKey_NoIncrease" classname="MinHeapTests" runstate="Runnable" seed="1330627588" result="Passed" start-time="2026-05-13 13:56:38Z" end-time="2026-05-13 13:56:38Z" duration="0.000223" asserts="0">
          <properties>
            <property name="retryIteration" value="0" />
            <property name="repeatIteration" value="0" />
          </properties>
        </test-case>
        <test-case id="1101" name="DuplicateId_OneEntry" fullname="MinHeapTests.DuplicateId_OneEntry" methodname="DuplicateId_OneEntry" classname="MinHeapTests" runstate="Runnable" seed="1642724185" result="Passed" start-time="2026-05-13 13:56:38Z" end-time="2026-05-13 13:56:38Z" duration="0.000196" asserts="0">
          <properties>
            <property name="retryIteration" value="0" />
            <property name="repeatIteration" value="0" />
          </properties>
        </test-case>
        <test-case id="1087" name="Empty_OnCreate" fullname="MinHeapTests.Empty_OnCreate" methodname="Empty_OnCreate" classname="MinHeapTests" runstate="Runnable" seed="337337025" result="Passed" start-time="2026-05-13 13:56:38Z" end-time="2026-05-13 13:56:38Z" duration="0.000136" asserts="0">
          <properties>
            <property name="retryIteration" value="0" />
            <property name="repeatIteration" value="0" />
          </properties>
        </test-case>
        <test-case id="1088" name="Insert_Single" fullname="MinHeapTests.Insert_Single" methodname="Insert_Single" classname="MinHeapTests" runstate="Runnable" seed="414964786" result="Passed" start-time="2026-05-13 13:56:38Z" end-time="2026-05-13 13:56:38Z" duration="0.000158" asserts="0">
          <properties>
            <property name="retryIteration" value="0" />
            <property name="repeatIteration" value="0" />
          </properties>
        </test-case>
        <test-case id="1099" name="Many_MaintainsOrder" fullname="MinHeapTests.Many_MaintainsOrder" methodname="Many_MaintainsOrder" classname="MinHeapTests" runstate="Runnable" seed="1759652113" result="Passed" start-time="2026-05-13 13:56:38Z" end-time="2026-05-13 13:56:38Z" duration="0.000330" asserts="0">
          <properties>
            <property name="retryIteration" value="0" />
            <property name="repeatIteration" value="0" />
          </properties>
        </test-case>
        <test-case id="1094" name="Peek_NoRemove" fullname="MinHeapTests.Peek_NoRemove" methodname="Peek_NoRemove" classname="MinHeapTests" runstate="Runnable" seed="129436147" result="Passed" start-time="2026-05-13 13:56:38Z" end-time="2026-05-13 13:56:38Z" duration="0.000165" asserts="0">
          <properties>
            <property name="retryIteration" value="0" />
            <property name="repeatIteration" value="0" />
          </properties>
        </test-case>
        <test-case id="1090" name="Pop_Ordered" fullname="MinHeapTests.Pop_Ordered" methodname="Pop_Ordered" classname="MinHeapTests" runstate="Runnable" seed="1578512127" result="Passed" start-time="2026-05-13 13:56:38Z" end-time="2026-05-13 13:56:38Z" duration="0.000239" asserts="0">
          <properties>
            <property name="retryIteration" value="0" />
            <property name="repeatIteration" value="0" />
          </properties>
        </test-case>
        <test-case id="1089" name="Pop_Single" fullname="MinHeapTests.Pop_Single" methodname="Pop_Single" classname="MinHeapTests" runstate="Runnable" seed="164472309" result="Passed" start-time="2026-05-13 13:56:38Z" end-time="2026-05-13 13:56:38Z" duration="0.000166" asserts="0">
          <properties>
            <property name="retryIteration" value="0" />
            <property name="repeatIteration" value="0" />
          </properties>
        </test-case>
        <test-case id="1091" name="Pop_TieBreak" fullname="MinHeapTests.Pop_TieBreak" methodname="Pop_TieBreak" classname="MinHeapTests" runstate="Runnable" seed="964621289" result="Passed" start-time="2026-05-13 13:56:38Z" end-time="2026-05-13 13:56:38Z" duration="0.000210" asserts="0">
          <properties>
            <property name="retryIteration" value="0" />
            <property name="repeatIteration" value="0" />
          </properties>
        </test-case>
      </test-suite>
      <test-suite type="TestFixture" id="1102" name="NativeArrayExtensionsTests" fullname="NativeArrayExtensionsTests" classname="NativeArrayExtensionsTests" runstate="Runnable" testcasecount="4" result="Passed" start-time="2026-05-13 13:56:38Z" end-time="2026-05-13 13:56:38Z" duration="0.002073" total="4" passed="4" failed="0" inconclusive="0" skipped="0" asserts="0">
        <properties />
        <test-case id="1105" name="Fill_Byte" fullname="NativeArrayExtensionsTests.Fill_Byte" methodname="Fill_Byte" classname="NativeArrayExtensionsTests" runstate="Runnable" seed="516401878" result="Passed" start-time="2026-05-13 13:56:38Z" end-time="2026-05-13 13:56:38Z" duration="0.000265" asserts="0">
          <properties>
            <property name="retryIteration" value="0" />
            <property name="repeatIteration" value="0" />
          </properties>
        </test-case>
        <test-case id="1106" name="Fill_Empty" fullname="NativeArrayExtensionsTests.Fill_Empty" methodname="Fill_Empty" classname="NativeArrayExtensionsTests" runstate="Runnable" seed="384380827" result="Passed" start-time="2026-05-13 13:56:38Z" end-time="2026-05-13 13:56:38Z" duration="0.000659" asserts="0">
          <properties>
            <property name="retryIteration" value="0" />
            <property name="repeatIteration" value="0" />
          </properties>
        </test-case>
        <test-case id="1104" name="Fill_Float" fullname="NativeArrayExtensionsTests.Fill_Float" methodname="Fill_Float" classname="NativeArrayExtensionsTests" runstate="Runnable" seed="36112234" result="Passed" start-time="2026-05-13 13:56:38Z" end-time="2026-05-13 13:56:38Z" duration="0.000179" asserts="0">
          <properties>
            <property name="retryIteration" value="0" />
            <property name="repeatIteration" value="0" />
          </properties>
        </test-case>
        <test-case id="1103" name="Fill_Int" fullname="NativeArrayExtensionsTests.Fill_Int" methodname="Fill_Int" classname="NativeArrayExtensionsTests" runstate="Runnable" seed="377680082" result="Passed" start-time="2026-05-13 13:56:38Z" end-time="2026-05-13 13:56:38Z" duration="0.000155" asserts="0">
          <properties>
            <property name="retryIteration" value="0" />
            <property name="repeatIteration" value="0" />
          </properties>
        </test-case>
      </test-suite>
      <test-suite type="TestFixture" id="1107" name="RangeITests" fullname="RangeITests" classname="RangeITests" runstate="Runnable" testcasecount="8" result="Passed" start-time="2026-05-13 13:56:38Z" end-time="2026-05-13 13:56:38Z" duration="0.001997" total="8" passed="8" failed="0" inconclusive="0" skipped="0" asserts="0">
        <properties />
        <test-case id="1108" name="Constructor" fullname="RangeITests.Constructor" methodname="Constructor" classname="RangeITests" runstate="Runnable" seed="1236969617" result="Passed" start-time="2026-05-13 13:56:38Z" end-time="2026-05-13 13:56:38Z" duration="0.000142" asserts="0">
          <properties>
            <property name="retryIteration" value="0" />
            <property name="repeatIteration" value="0" />
          </properties>
        </test-case>
        <test-case id="1112" name="Contains_AtEnd" fullname="RangeITests.Contains_AtEnd" methodname="Contains_AtEnd" classname="RangeITests" runstate="Runnable" seed="684820656" result="Passed" start-time="2026-05-13 13:56:38Z" end-time="2026-05-13 13:56:38Z" duration="0.000118" asserts="0">
          <properties>
            <property name="retryIteration" value="0" />
            <property name="repeatIteration" value="0" />
          </properties>
        </test-case>
        <test-case id="1113" name="Contains_Before" fullname="RangeITests.Contains_Before" methodname="Contains_Before" classname="RangeITests" runstate="Runnable" seed="1702169554" result="Passed" start-time="2026-05-13 13:56:38Z" end-time="2026-05-13 13:56:38Z" duration="0.000096" asserts="0">
          <properties>
            <property name="retryIteration" value="0" />
            <property name="repeatIteration" value="0" />
          </properties>
        </test-case>
        <test-case id="1114" name="Contains_EmptyRange" fullname="RangeITests.Contains_EmptyRange" methodname="Contains_EmptyRange" classname="RangeITests" runstate="Runnable" seed="889546173" result="Passed" start-time="2026-05-13 13:56:38Z" end-time="2026-05-13 13:56:38Z" duration="0.000088" asserts="0">
          <properties>
            <property name="retryIteration" value="0" />
            <property name="repeatIteration" value="0" />
          </properties>
        </test-case>
        <test-case id="1111" name="Contains_Inside" fullname="RangeITests.Contains_Inside" methodname="Contains_Inside" classname="RangeITests" runstate="Runnable" seed="572161773" result="Passed" start-time="2026-05-13 13:56:38Z" end-time="2026-05-13 13:56:38Z" duration="0.000096" asserts="0">
          <properties>
            <property name="retryIteration" value="0" />
            <property name="repeatIteration" value="0" />
          </properties>
        </test-case>
        <test-case id="1115" name="Contains_ZeroOffset" fullname="RangeITests.Contains_ZeroOffset" methodname="Contains_ZeroOffset" classname="RangeITests" runstate="Runnable" seed="1714683649" result="Passed" start-time="2026-05-13 13:56:38Z" end-time="2026-05-13 13:56:38Z" duration="0.000089" asserts="0">
          <properties>
            <property name="retryIteration" value="0" />
            <property name="repeatIteration" value="0" />
          </properties>
        </test-case>
        <test-case id="1109" name="End" fullname="RangeITests.End" methodname="End" classname="RangeITests" runstate="Runnable" seed="2005037425" result="Passed" start-time="2026-05-13 13:56:38Z" end-time="2026-05-13 13:56:38Z" duration="0.000120" asserts="0">
          <properties>
            <property name="retryIteration" value="0" />
            <property name="repeatIteration" value="0" />
          </properties>
        </test-case>
        <test-case id="1110" name="End_ZeroCount" fullname="RangeITests.End_ZeroCount" methodname="End_ZeroCount" classname="RangeITests" runstate="Runnable" seed="1349034880" result="Passed" start-time="2026-05-13 13:56:38Z" end-time="2026-05-13 13:56:38Z" duration="0.000100" asserts="0">
          <properties>
            <property name="retryIteration" value="0" />
            <property name="repeatIteration" value="0" />
          </properties>
          <output><![CDATA[Saving results to: /home/i/.config/unity3d/DefaultCompany/BovineLabs/TestResults.xml
]]></output>
        </test-case>
      </test-suite>
    </test-suite>
  </test-suite>
</test-run>