<?xml version="1.0" encoding="utf-8"?>
<test-run id="2" testcasecount="103" result="Skipped:Ignored" total="103" passed="100" failed="0" inconclusive="0" skipped="3" asserts="0" engine-version="3.5.0.0" clr-version="4.0.30319.42000" start-time="2026-05-13 13:59:09Z" end-time="2026-05-13 13:59:09Z" duration="0.1402234">
  <test-suite type="TestSuite" id="1000" name="BovineLabs" fullname="BovineLabs" runstate="Runnable" testcasecount="103" result="Skipped" label="Ignored" start-time="2026-05-13 13:59:09Z" end-time="2026-05-13 13:59:09Z" duration="0.140223" total="103" passed="100" failed="0" inconclusive="0" skipped="3" asserts="0">
    <properties>
      <property name="platform" value="EditMode" />
    </properties>
    <reason>
      <message><![CDATA[One or more child tests were ignored]]></message>
    </reason>
    <test-suite type="Assembly" id="1014" name="BovineLabs.Grid.Wavestar.Tests.dll" fullname="/home/i/Documents/BovineLabs/Library/ScriptAssemblies/BovineLabs.Grid.Wavestar.Tests.dll" runstate="Runnable" testcasecount="12" result="Skipped" label="Ignored" start-time="2026-05-13 13:59:09Z" end-time="2026-05-13 13:59:09Z" duration="0.037179" total="12" passed="11" failed="0" inconclusive="0" skipped="1" asserts="0">
      <properties>
        <property name="_PID" value="203641" />
        <property name="_APPDOMAIN" value="Unity Child Domain" />
        <property name="platform" value="EditMode" />
        <property name="EditorOnly" value="True" />
      </properties>
      <reason>
        <message><![CDATA[One or more child tests were ignored]]></message>
      </reason>
      <test-suite type="TestSuite" id="1015" name="BovineLabs" fullname="BovineLabs" runstate="Runnable" testcasecount="12" result="Skipped" label="Ignored" start-time="2026-05-13 13:59:09Z" end-time="2026-05-13 13:59:09Z" duration="0.036932" total="12" passed="11" failed="0" inconclusive="0" skipped="1" asserts="0">
        <properties />
        <reason>
          <message><![CDATA[One or more child tests were ignored]]></message>
        </reason>
        <test-suite type="TestSuite" id="1016" name="Grid" fullname="BovineLabs.Grid" runstate="Runnable" testcasecount="12" result="Skipped" label="Ignored" start-time="2026-05-13 13:59:09Z" end-time="2026-05-13 13:59:09Z" duration="0.036821" total="12" passed="11" failed="0" inconclusive="0" skipped="1" asserts="0">
          <properties />
          <reason>
            <message><![CDATA[One or more child tests were ignored]]></message>
          </reason>
          <test-suite type="TestSuite" id="1017" name="Wavestar" fullname="BovineLabs.Grid.Wavestar" runstate="Runnable" testcasecount="12" result="Skipped" label="Ignored" start-time="2026-05-13 13:59:09Z" end-time="2026-05-13 13:59:09Z" duration="0.036724" total="12" passed="11" failed="0" inconclusive="0" skipped="1" asserts="0">
            <properties />
            <reason>
              <message><![CDATA[One or more child tests were ignored]]></message>
            </reason>
            <test-suite type="TestSuite" id="1018" name="Tests" fullname="BovineLabs.Grid.Wavestar.Tests" runstate="Runnable" testcasecount="12" result="Skipped" label="Ignored" start-time="2026-05-13 13:59:09Z" end-time="2026-05-13 13:59:09Z" duration="0.036599" total="12" passed="11" failed="0" inconclusive="0" skipped="1" asserts="0">
              <properties />
              <reason>
                <message><![CDATA[One or more child tests were ignored]]></message>
              </reason>
              <test-suite type="TestFixture" id="1001" name="WavestarTests" fullname="BovineLabs.Grid.Wavestar.Tests.WavestarTests" classname="BovineLabs.Grid.Wavestar.Tests.WavestarTests" runstate="Runnable" testcasecount="12" result="Skipped" label="Ignored" start-time="2026-05-13 13:59:09Z" end-time="2026-05-13 13:59:09Z" duration="0.035891" total="12" passed="11" failed="0" inconclusive="0" skipped="1" asserts="0">
                <properties />
                <reason>
                  <message><![CDATA[One or more child tests were ignored]]></message>
                </reason>
                <test-case id="1012" name="OctreeIndex_Contains_PointInsideSubvolume" fullname="BovineLabs.Grid.Wavestar.Tests.WavestarTests.OctreeIndex_Contains_PointInsideSubvolume" methodname="OctreeIndex_Contains_PointInsideSubvolume" classname="BovineLabs.Grid.Wavestar.Tests.WavestarTests" runstate="Runnable" seed="1261439873" result="Passed" start-time="2026-05-13 13:59:09Z" end-time="2026-05-13 13:59:09Z" duration="0.005457" asserts="0">
                  <properties>
                    <property name="retryIteration" value="0" />
                    <property name="repeatIteration" value="0" />
                  </properties>
                </test-case>
                <test-case id="1011" name="OctreeIndex_MortonCode_Roundtrip" fullname="BovineLabs.Grid.Wavestar.Tests.WavestarTests.OctreeIndex_MortonCode_Roundtrip" methodname="OctreeIndex_MortonCode_Roundtrip" classname="BovineLabs.Grid.Wavestar.Tests.WavestarTests" runstate="Runnable" seed="1001242240" result="Passed" start-time="2026-05-13 13:59:09Z" end-time="2026-05-13 13:59:09Z" duration="0.002986" asserts="0">
                  <properties>
                    <property name="retryIteration" value="0" />
                    <property name="repeatIteration" value="0" />
                  </properties>
                </test-case>
                <test-case id="1013" name="OctreeIndex_ParentChild_Relationship" fullname="BovineLabs.Grid.Wavestar.Tests.WavestarTests.OctreeIndex_ParentChild_Relationship" methodname="OctreeIndex_ParentChild_Relationship" classname="BovineLabs.Grid.Wavestar.Tests.WavestarTests" runstate="Runnable" seed="1418249795" result="Passed" start-time="2026-05-13 13:59:09Z" end-time="2026-05-13 13:59:09Z" duration="0.000174" asserts="0">
                  <properties>
                    <property name="retryIteration" value="0" />
                    <property name="repeatIteration" value="0" />
                  </properties>
                </test-case>
                <test-case id="1005" name="Wavestar_AnyAngle_ShorterThanGridConstrained" fullname="BovineLabs.Grid.Wavestar.Tests.WavestarTests.Wavestar_AnyAngle_ShorterThanGridConstrained" methodname="Wavestar_AnyAngle_ShorterThanGridConstrained" classname="BovineLabs.Grid.Wavestar.Tests.WavestarTests" runstate="Runnable" seed="1051313601" result="Passed" start-time="2026-05-13 13:59:09Z" end-time="2026-05-13 13:59:09Z" duration="0.013870" asserts="0">
                  <properties>
                    <property name="retryIteration" value="0" />
                    <property name="repeatIteration" value="0" />
                  </properties>
                </test-case>
                <test-case id="1002" name="Wavestar_EmptyGrid_PathFound" fullname="BovineLabs.Grid.Wavestar.Tests.WavestarTests.Wavestar_EmptyGrid_PathFound" methodname="Wavestar_EmptyGrid_PathFound" classname="BovineLabs.Grid.Wavestar.Tests.WavestarTests" runstate="Runnable" seed="1704830591" result="Passed" start-time="2026-05-13 13:59:09Z" end-time="2026-05-13 13:59:09Z" duration="0.000900" asserts="0">
                  <properties>
                    <property name="retryIteration" value="0" />
                    <property name="repeatIteration" value="0" />
                  </properties>
                </test-case>
                <test-case id="1003" name="Wavestar_EmptyGrid_StraightLine" fullname="BovineLabs.Grid.Wavestar.Tests.WavestarTests.Wavestar_EmptyGrid_StraightLine" methodname="Wavestar_EmptyGrid_StraightLine" classname="BovineLabs.Grid.Wavestar.Tests.WavestarTests" runstate="Runnable" seed="1475146416" result="Passed" start-time="2026-05-13 13:59:09Z" end-time="2026-05-13 13:59:09Z" duration="0.000320" asserts="0">
                  <properties>
                    <property name="retryIteration" value="0" />
                    <property name="repeatIteration" value="0" />
                  </properties>
                </test-case>
                <test-case id="1007" name="Wavestar_EpsilonZero_OptimalPath" fullname="BovineLabs.Grid.Wavestar.Tests.WavestarTests.Wavestar_EpsilonZero_OptimalPath" methodname="Wavestar_EpsilonZero_OptimalPath" classname="BovineLabs.Grid.Wavestar.Tests.WavestarTests" runstate="Runnable" seed="672095103" result="Passed" start-time="2026-05-13 13:59:09Z" end-time="2026-05-13 13:59:09Z" duration="0.000302" asserts="0">
                  <properties>
                    <property name="retryIteration" value="0" />
                    <property name="repeatIteration" value="0" />
                  </properties>
                </test-case>
                <test-case id="1006" name="Wavestar_MultiResolution_RefinesNearObstacles" fullname="BovineLabs.Grid.Wavestar.Tests.WavestarTests.Wavestar_MultiResolution_RefinesNearObstacles" methodname="Wavestar_MultiResolution_RefinesNearObstacles" classname="BovineLabs.Grid.Wavestar.Tests.WavestarTests" runstate="Runnable" seed="1052747123" result="Passed" start-time="2026-05-13 13:59:09Z" end-time="2026-05-13 13:59:09Z" duration="0.000794" asserts="0">
                  <properties>
                    <property name="retryIteration" value="0" />
                    <property name="repeatIteration" value="0" />
                  </properties>
                </test-case>
                <test-case id="1009" name="Wavestar_NoPath_ReturnsFalse" fullname="BovineLabs.Grid.Wavestar.Tests.WavestarTests.Wavestar_NoPath_ReturnsFalse" methodname="Wavestar_NoPath_ReturnsFalse" classname="BovineLabs.Grid.Wavestar.Tests.WavestarTests" runstate="Runnable" seed="1740351193" result="Passed" start-time="2026-05-13 13:59:09Z" end-time="2026-05-13 13:59:09Z" duration="0.001519" asserts="0">
                  <properties>
                    <property name="retryIteration" value="0" />
                    <property name="repeatIteration" value="0" />
                  </properties>
                </test-case>
                <test-case id="1008" name="Wavestar_PathReconstruction_ValidWaypoints" fullname="BovineLabs.Grid.Wavestar.Tests.WavestarTests.Wavestar_PathReconstruction_ValidWaypoints" methodname="Wavestar_PathReconstruction_ValidWaypoints" classname="BovineLabs.Grid.Wavestar.Tests.WavestarTests" runstate="Runnable" seed="699810728" result="Passed" start-time="2026-05-13 13:59:09Z" end-time="2026-05-13 13:59:09Z" duration="0.000553" asserts="0">
                  <properties>
                    <property name="retryIteration" value="0" />
                    <property name="repeatIteration" value="0" />
                  </properties>
                </test-case>
                <test-case id="1010" name="Wavestar_StartEqualsGoal_TrivialPath" fullname="BovineLabs.Grid.Wavestar.Tests.WavestarTests.Wavestar_StartEqualsGoal_TrivialPath" methodname="Wavestar_StartEqualsGoal_TrivialPath" classname="BovineLabs.Grid.Wavestar.Tests.WavestarTests" runstate="Runnable" seed="1324776977" result="Passed" start-time="2026-05-13 13:59:09Z" end-time="2026-05-13 13:59:09Z" duration="0.000636" asserts="0">
                  <properties>
                    <property name="retryIteration" value="0" />
                    <property name="repeatIteration" value="0" />
                  </properties>
                </test-case>
                <test-case id="1004" name="Wavestar_WithObstacles_PathAvoidsThem" fullname="BovineLabs.Grid.Wavestar.Tests.WavestarTests.Wavestar_WithObstacles_PathAvoidsThem" methodname="Wavestar_WithObstacles_PathAvoidsThem" classname="BovineLabs.Grid.Wavestar.Tests.WavestarTests" runstate="Ignored" seed="1093900135" result="Skipped" label="Ignored" start-time="2026-05-13 13:59:09Z" end-time="2026-05-13 13:59:09Z" duration="0.000110" asserts="0">
                  <properties>
                    <property name="_SKIPREASON" value="TODO: multi-resolution refinement near obstacles needs tuning" />
                  </properties>
                  <reason>
                    <message><![CDATA[TODO: multi-resolution refinement near obstacles needs tuning]]></message>
                  </reason>
                </test-case>
              </test-suite>
            </test-suite>
          </test-suite>
        </test-suite>
      </test-suite>
    </test-suite>
    <test-suite type="Assembly" id="1030" name="com.bovinelabs.grid.ehl.tests.dll" fullname="/home/i/Documents/BovineLabs/Library/ScriptAssemblies/com.bovinelabs.grid.ehl.tests.dll" runstate="Runnable" testcasecount="10" result="Passed" start-time="2026-05-13 13:59:09Z" end-time="2026-05-13 13:59:09Z" duration="0.051245" total="10" passed="10" failed="0" inconclusive="0" skipped="0" asserts="0">
      <properties>
        <property name="_PID" value="203641" />
        <property name="_APPDOMAIN" value="Unity Child Domain" />
        <property name="platform" value="EditMode" />
        <property name="EditorOnly" value="True" />
      </properties>
      <test-suite type="TestSuite" id="1031" name="BovineLabs" fullname="BovineLabs" runstate="Runnable" testcasecount="10" result="Passed" start-time="2026-05-13 13:59:09Z" end-time="2026-05-13 13:59:09Z" duration="0.050597" total="10" passed="10" failed="0" inconclusive="0" skipped="0" asserts="0">
        <properties />
        <test-suite type="TestSuite" id="1032" name="Grid" fullname="BovineLabs.Grid" runstate="Runnable" testcasecount="10" result="Passed" start-time="2026-05-13 13:59:09Z" end-time="2026-05-13 13:59:09Z" duration="0.050458" total="10" passed="10" failed="0" inconclusive="0" skipped="0" asserts="0">
          <properties />
          <test-suite type="TestSuite" id="1033" name="EHL" fullname="BovineLabs.Grid.EHL" runstate="Runnable" testcasecount="10" result="Passed" start-time="2026-05-13 13:59:09Z" end-time="2026-05-13 13:59:09Z" duration="0.050356" total="10" passed="10" failed="0" inconclusive="0" skipped="0" asserts="0">
            <properties />
            <test-suite type="TestSuite" id="1034" name="Tests" fullname="BovineLabs.Grid.EHL.Tests" runstate="Runnable" testcasecount="10" result="Passed" start-time="2026-05-13 13:59:09Z" end-time="2026-05-13 13:59:09Z" duration="0.050241" total="10" passed="10" failed="0" inconclusive="0" skipped="0" asserts="0">
              <properties />
              <test-suite type="TestFixture" id="1019" name="EHLStarTests" fullname="BovineLabs.Grid.EHL.Tests.EHLStarTests" classname="BovineLabs.Grid.EHL.Tests.EHLStarTests" runstate="Runnable" testcasecount="10" result="Passed" start-time="2026-05-13 13:59:09Z" end-time="2026-05-13 13:59:09Z" duration="0.050016" total="10" passed="10" failed="0" inconclusive="0" skipped="0" asserts="0">
                <properties />
                <test-case id="1022" name="HubLabels_CoverAllPairs" fullname="BovineLabs.Grid.EHL.Tests.EHLStarTests.HubLabels_CoverAllPairs" methodname="HubLabels_CoverAllPairs" classname="BovineLabs.Grid.EHL.Tests.EHLStarTests" runstate="Runnable" seed="995457526" result="Passed" start-time="2026-05-13 13:59:09Z" end-time="2026-05-13 13:59:09Z" duration="0.024095" asserts="0">
                  <properties>
                    <property name="retryIteration" value="0" />
                    <property name="repeatIteration" value="0" />
                  </properties>
                </test-case>
                <test-case id="1028" name="Index_CellLookup_ReturnsCorrectCell" fullname="BovineLabs.Grid.EHL.Tests.EHLStarTests.Index_CellLookup_ReturnsCorrectCell" methodname="Index_CellLookup_ReturnsCorrectCell" classname="BovineLabs.Grid.EHL.Tests.EHLStarTests" runstate="Runnable" seed="340141140" result="Passed" start-time="2026-05-13 13:59:09Z" end-time="2026-05-13 13:59:09Z" duration="0.002471" asserts="0">
                  <properties>
                    <property name="retryIteration" value="0" />
                    <property name="repeatIteration" value="0" />
                  </properties>
                </test-case>
                <test-case id="1026" name="MemoryBudget_Respected_AfterCompression" fullname="BovineLabs.Grid.EHL.Tests.EHLStarTests.MemoryBudget_Respected_AfterCompression" methodname="MemoryBudget_Respected_AfterCompression" classname="BovineLabs.Grid.EHL.Tests.EHLStarTests" runstate="Runnable" seed="1813262889" result="Passed" start-time="2026-05-13 13:59:09Z" end-time="2026-05-13 13:59:09Z" duration="0.000986" asserts="0">
                  <properties>
                    <property name="retryIteration" value="0" />
                    <property name="repeatIteration" value="0" />
                  </properties>
                </test-case>
                <test-case id="1027" name="Query_DistanceMonotonicallyIncreasing" fullname="BovineLabs.Grid.EHL.Tests.EHLStarTests.Query_DistanceMonotonicallyIncreasing" methodname="Query_DistanceMonotonicallyIncreasing" classname="BovineLabs.Grid.EHL.Tests.EHLStarTests" runstate="Runnable" seed="1336745233" result="Passed" start-time="2026-05-13 13:59:09Z" end-time="2026-05-13 13:59:09Z" duration="0.004310" asserts="0">
                  <properties>
                    <property name="retryIteration" value="0" />
                    <property name="repeatIteration" value="0" />
                  </properties>
                </test-case>
                <test-case id="1025" name="Query_NoPath_WhenBlocked" fullname="BovineLabs.Grid.EHL.Tests.EHLStarTests.Query_NoPath_WhenBlocked" methodname="Query_NoPath_WhenBlocked" classname="BovineLabs.Grid.EHL.Tests.EHLStarTests" runstate="Runnable" seed="1233501397" result="Passed" start-time="2026-05-13 13:59:09Z" end-time="2026-05-13 13:59:09Z" duration="0.001839" asserts="0">
                  <properties>
                    <property name="retryIteration" value="0" />
                    <property name="repeatIteration" value="0" />
                  </properties>
                </test-case>
                <test-case id="1029" name="Query_PathContainsSourceAndTarget" fullname="BovineLabs.Grid.EHL.Tests.EHLStarTests.Query_PathContainsSourceAndTarget" methodname="Query_PathContainsSourceAndTarget" classname="BovineLabs.Grid.EHL.Tests.EHLStarTests" runstate="Runnable" seed="1846309980" result="Passed" start-time="2026-05-13 13:59:09Z" end-time="2026-05-13 13:59:09Z" duration="0.002414" asserts="0">
                  <properties>
                    <property name="retryIteration" value="0" />
                    <property name="repeatIteration" value="0" />
                  </properties>
                </test-case>
                <test-case id="1023" name="Query_ReturnsOptimalPath_StraightLine" fullname="BovineLabs.Grid.EHL.Tests.EHLStarTests.Query_ReturnsOptimalPath_StraightLine" methodname="Query_ReturnsOptimalPath_StraightLine" classname="BovineLabs.Grid.EHL.Tests.EHLStarTests" runstate="Runnable" seed="100338770" result="Passed" start-time="2026-05-13 13:59:09Z" end-time="2026-05-13 13:59:09Z" duration="0.002365" asserts="0">
                  <properties>
                    <property name="retryIteration" value="0" />
                    <property name="repeatIteration" value="0" />
                  </properties>
                </test-case>
                <test-case id="1024" name="Query_ReturnsPath_AroundObstacle" fullname="BovineLabs.Grid.EHL.Tests.EHLStarTests.Query_ReturnsPath_AroundObstacle" methodname="Query_ReturnsPath_AroundObstacle" classname="BovineLabs.Grid.EHL.Tests.EHLStarTests" runstate="Runnable" seed="1693891242" result="Passed" start-time="2026-05-13 13:59:09Z" end-time="2026-05-13 13:59:09Z" duration="0.002651" asserts="0">
                  <properties>
                    <property name="retryIteration" value="0" />
                    <property name="repeatIteration" value="0" />
                  </properties>
                </test-case>
                <test-case id="1020" name="VisibilityGraph_ConvexVerticesFound" fullname="BovineLabs.Grid.EHL.Tests.EHLStarTests.VisibilityGraph_ConvexVerticesFound" methodname="VisibilityGraph_ConvexVerticesFound" classname="BovineLabs.Grid.EHL.Tests.EHLStarTests" runstate="Runnable" seed="950416711" result="Passed" start-time="2026-05-13 13:59:09Z" end-time="2026-05-13 13:59:09Z" duration="0.002289" asserts="0">
                  <properties>
                    <property name="retryIteration" value="0" />
                    <property name="repeatIteration" value="0" />
                  </properties>
                </test-case>
                <test-case id="1021" name="VisibilityGraph_EdgesCorrect" fullname="BovineLabs.Grid.EHL.Tests.EHLStarTests.VisibilityGraph_EdgesCorrect" methodname="VisibilityGraph_EdgesCorrect" classname="BovineLabs.Grid.EHL.Tests.EHLStarTests" runstate="Runnable" seed="1832585563" result="Passed" start-time="2026-05-13 13:59:09Z" end-time="2026-05-13 13:59:09Z" duration="0.002529" asserts="0">
                  <properties>
                    <property name="retryIteration" value="0" />
                    <property name="repeatIteration" value="0" />
                  </properties>
                </test-case>
              </test-suite>
            </test-suite>
          </test-suite>
        </test-suite>
      </test-suite>
    </test-suite>
    <test-suite type="Assembly" id="1046" name="com.bovinelabs.grid.mesha.tests.dll" fullname="/home/i/Documents/BovineLabs/Library/ScriptAssemblies/com.bovinelabs.grid.mesha.tests.dll" runstate="Runnable" testcasecount="10" result="Skipped" label="Ignored" start-time="2026-05-13 13:59:09Z" end-time="2026-05-13 13:59:09Z" duration="0.018734" total="10" passed="8" failed="0" inconclusive="0" skipped="2" asserts="0">
      <properties>
        <property name="_PID" value="203641" />
        <property name="_APPDOMAIN" value="Unity Child Domain" />
        <property name="platform" value="EditMode" />
        <property name="EditorOnly" value="True" />
      </properties>
      <reason>
        <message><![CDATA[One or more child tests were ignored]]></message>
      </reason>
      <test-suite type="TestSuite" id="1047" name="BovineLabs" fullname="BovineLabs" runstate="Runnable" testcasecount="10" result="Skipped" label="Ignored" start-time="2026-05-13 13:59:09Z" end-time="2026-05-13 13:59:09Z" duration="0.018361" total="10" passed="8" failed="0" inconclusive="0" skipped="2" asserts="0">
        <properties />
        <reason>
          <message><![CDATA[One or more child tests were ignored]]></message>
        </reason>
        <test-suite type="TestSuite" id="1048" name="Grid" fullname="BovineLabs.Grid" runstate="Runnable" testcasecount="10" result="Skipped" label="Ignored" start-time="2026-05-13 13:59:09Z" end-time="2026-05-13 13:59:09Z" duration="0.018189" total="10" passed="8" failed="0" inconclusive="0" skipped="2" asserts="0">
          <properties />
          <reason>
            <message><![CDATA[One or more child tests were ignored]]></message>
          </reason>
          <test-suite type="TestSuite" id="1049" name="MeshA" fullname="BovineLabs.Grid.MeshA" runstate="Runnable" testcasecount="10" result="Skipped" label="Ignored" start-time="2026-05-13 13:59:09Z" end-time="2026-05-13 13:59:09Z" duration="0.018062" total="10" passed="8" failed="0" inconclusive="0" skipped="2" asserts="0">
            <properties />
            <reason>
              <message><![CDATA[One or more child tests were ignored]]></message>
            </reason>
            <test-suite type="TestSuite" id="1050" name="Tests" fullname="BovineLabs.Grid.MeshA.Tests" runstate="Runnable" testcasecount="10" result="Skipped" label="Ignored" start-time="2026-05-13 13:59:09Z" end-time="2026-05-13 13:59:09Z" duration="0.017701" total="10" passed="8" failed="0" inconclusive="0" skipped="2" asserts="0">
              <properties />
              <reason>
                <message><![CDATA[One or more child tests were ignored]]></message>
              </reason>
              <test-suite type="TestFixture" id="1035" name="MeshAStarTests" fullname="BovineLabs.Grid.MeshA.Tests.MeshAStarTests" classname="BovineLabs.Grid.MeshA.Tests.MeshAStarTests" runstate="Runnable" testcasecount="10" result="Skipped" label="Ignored" start-time="2026-05-13 13:59:09Z" end-time="2026-05-13 13:59:09Z" duration="0.017139" total="10" passed="8" failed="0" inconclusive="0" skipped="2" asserts="0">
                <properties />
                <reason>
                  <message><![CDATA[One or more child tests were ignored]]></message>
                </reason>
                <test-case id="1038" name="MeshAStar_BlockedPath_GoesAround" fullname="BovineLabs.Grid.MeshA.Tests.MeshAStarTests.MeshAStar_BlockedPath_GoesAround" methodname="MeshAStar_BlockedPath_GoesAround" classname="BovineLabs.Grid.MeshA.Tests.MeshAStarTests" runstate="Ignored" seed="602730480" result="Skipped" label="Ignored" start-time="2026-05-13 13:59:09Z" end-time="2026-05-13 13:59:09Z" duration="0.000002" asserts="0">
                  <properties>
                    <property name="_SKIPREASON" value="TODO: swept-cell collision check needs tuning for obstacle detour" />
                  </properties>
                  <reason>
                    <message><![CDATA[TODO: swept-cell collision check needs tuning for obstacle detour]]></message>
                  </reason>
                </test-case>
                <test-case id="1036" name="MeshAStar_EmptyGrid_PathFound" fullname="BovineLabs.Grid.MeshA.Tests.MeshAStarTests.MeshAStar_EmptyGrid_PathFound" methodname="MeshAStar_EmptyGrid_PathFound" classname="BovineLabs.Grid.MeshA.Tests.MeshAStarTests" runstate="Runnable" seed="1860607367" result="Passed" start-time="2026-05-13 13:59:09Z" end-time="2026-05-13 13:59:09Z" duration="0.012220" asserts="0">
                  <properties>
                    <property name="retryIteration" value="0" />
                    <property name="repeatIteration" value="0" />
                  </properties>
                </test-case>
                <test-case id="1041" name="MeshAStar_NodesExplored_Counted" fullname="BovineLabs.Grid.MeshA.Tests.MeshAStarTests.MeshAStar_NodesExplored_Counted" methodname="MeshAStar_NodesExplored_Counted" classname="BovineLabs.Grid.MeshA.Tests.MeshAStarTests" runstate="Runnable" seed="793315816" result="Passed" start-time="2026-05-13 13:59:09Z" end-time="2026-05-13 13:59:09Z" duration="0.000351" asserts="0">
                  <properties>
                    <property name="retryIteration" value="0" />
                    <property name="repeatIteration" value="0" />
                  </properties>
                </test-case>
                <test-case id="1039" name="MeshAStar_NoPath_ReturnsFalse" fullname="BovineLabs.Grid.MeshA.Tests.MeshAStarTests.MeshAStar_NoPath_ReturnsFalse" methodname="MeshAStar_NoPath_ReturnsFalse" classname="BovineLabs.Grid.MeshA.Tests.MeshAStarTests" runstate="Runnable" seed="1320012083" result="Passed" start-time="2026-05-13 13:59:09Z" end-time="2026-05-13 13:59:09Z" duration="0.000493" asserts="0">
                  <properties>
                    <property name="retryIteration" value="0" />
                    <property name="repeatIteration" value="0" />
                  </properties>
                </test-case>
                <test-case id="1040" name="MeshAStar_PathCost_Positive" fullname="BovineLabs.Grid.MeshA.Tests.MeshAStarTests.MeshAStar_PathCost_Positive" methodname="MeshAStar_PathCost_Positive" classname="BovineLabs.Grid.MeshA.Tests.MeshAStarTests" runstate="Ignored" seed="486051385" result="Skipped" label="Ignored" start-time="2026-05-13 13:59:09Z" end-time="2026-05-13 13:59:09Z" duration="0.000002" asserts="0">
                  <properties>
                    <property name="_SKIPREASON" value="TODO: zero-cost transitions from unconnected primitives" />
                  </properties>
                  <reason>
                    <message><![CDATA[TODO: zero-cost transitions from unconnected primitives]]></message>
                  </reason>
                </test-case>
                <test-case id="1037" name="MeshAStar_StartEqualsGoal_TrivialPath" fullname="BovineLabs.Grid.MeshA.Tests.MeshAStarTests.MeshAStar_StartEqualsGoal_TrivialPath" methodname="MeshAStar_StartEqualsGoal_TrivialPath" classname="BovineLabs.Grid.MeshA.Tests.MeshAStarTests" runstate="Runnable" seed="769471436" result="Passed" start-time="2026-05-13 13:59:09Z" end-time="2026-05-13 13:59:09Z" duration="0.000336" asserts="0">
                  <properties>
                    <property name="retryIteration" value="0" />
                    <property name="repeatIteration" value="0" />
                  </properties>
                </test-case>
                <test-case id="1045" name="MeshAStar_Weighted_FasterThanOptimal" fullname="BovineLabs.Grid.MeshA.Tests.MeshAStarTests.MeshAStar_Weighted_FasterThanOptimal" methodname="MeshAStar_Weighted_FasterThanOptimal" classname="BovineLabs.Grid.MeshA.Tests.MeshAStarTests" runstate="Runnable" seed="597461869" result="Passed" start-time="2026-05-13 13:59:09Z" end-time="2026-05-13 13:59:09Z" duration="0.000662" asserts="0">
                  <properties>
                    <property name="retryIteration" value="0" />
                    <property name="repeatIteration" value="0" />
                  </properties>
                </test-case>
                <test-case id="1044" name="MeshGraph_InitialConfigMapping_Correct" fullname="BovineLabs.Grid.MeshA.Tests.MeshAStarTests.MeshGraph_InitialConfigMapping_Correct" methodname="MeshGraph_InitialConfigMapping_Correct" classname="BovineLabs.Grid.MeshA.Tests.MeshAStarTests" runstate="Runnable" seed="1414917968" result="Passed" start-time="2026-05-13 13:59:09Z" end-time="2026-05-13 13:59:09Z" duration="0.000258" asserts="0">
                  <properties>
                    <property name="retryIteration" value="0" />
                    <property name="repeatIteration" value="0" />
                  </properties>
                </test-case>
                <test-case id="1042" name="PrimitiveSet_CreateCardinal8_Has8Primitives" fullname="BovineLabs.Grid.MeshA.Tests.MeshAStarTests.PrimitiveSet_CreateCardinal8_Has8Primitives" methodname="PrimitiveSet_CreateCardinal8_Has8Primitives" classname="BovineLabs.Grid.MeshA.Tests.MeshAStarTests" runstate="Runnable" seed="588056843" result="Passed" start-time="2026-05-13 13:59:09Z" end-time="2026-05-13 13:59:09Z" duration="0.000219" asserts="0">
                  <properties>
                    <property name="retryIteration" value="0" />
                    <property name="repeatIteration" value="0" />
                  </properties>
                </test-case>
                <test-case id="1043" name="PrimitiveSet_CreateExtended8_Has24Primitives" fullname="BovineLabs.Grid.MeshA.Tests.MeshAStarTests.PrimitiveSet_CreateExtended8_Has24Primitives" methodname="PrimitiveSet_CreateExtended8_Has24Primitives" classname="BovineLabs.Grid.MeshA.Tests.MeshAStarTests" runstate="Runnable" seed="2064487679" result="Passed" start-time="2026-05-13 13:59:09Z" end-time="2026-05-13 13:59:09Z" duration="0.000627" asserts="0">
                  <properties>
                    <property name="retryIteration" value="0" />
                    <property name="repeatIteration" value="0" />
                  </properties>
                </test-case>
              </test-suite>
            </test-suite>
          </test-suite>
        </test-suite>
      </test-suite>
    </test-suite>
    <test-suite type="Assembly" id="1131" name="com.bovinelabs.grid.tests.dll" fullname="/home/i/Documents/BovineLabs/Library/ScriptAssemblies/com.bovinelabs.grid.tests.dll" runstate="Runnable" testcasecount="71" result="Passed" start-time="2026-05-13 13:59:09Z" end-time="2026-05-13 13:59:09Z" duration="0.028680" total="71" passed="71" failed="0" inconclusive="0" skipped="0" asserts="0">
      <properties>
        <property name="_PID" value="203641" />
        <property name="_APPDOMAIN" value="Unity Child Domain" />
        <property name="platform" value="EditMode" />
        <property name="EditorOnly" value="True" />
      </properties>
      <test-suite type="TestSuite" id="1132" name="BovineLabs" fullname="BovineLabs" runstate="Runnable" testcasecount="12" result="Passed" start-time="2026-05-13 13:59:09Z" end-time="2026-05-13 13:59:09Z" duration="0.008177" total="12" passed="12" failed="0" inconclusive="0" skipped="0" asserts="0">
        <properties />
        <test-suite type="TestSuite" id="1133" name="Grid" fullname="BovineLabs.Grid" runstate="Runnable" testcasecount="12" result="Passed" start-time="2026-05-13 13:59:09Z" end-time="2026-05-13 13:59:09Z" duration="0.008076" total="12" passed="12" failed="0" inconclusive="0" skipped="0" asserts="0">
          <properties />
          <test-suite type="TestSuite" id="1134" name="Tests" fullname="BovineLabs.Grid.Tests" runstate="Runnable" testcasecount="12" result="Passed" start-time="2026-05-13 13:59:09Z" end-time="2026-05-13 13:59:09Z" duration="0.007936" total="12" passed="12" failed="0" inconclusive="0" skipped="0" asserts="0">
            <properties />
            <test-suite type="TestFixture" id="1121" name="GridHeuristicsTests" fullname="BovineLabs.Grid.Tests.GridHeuristicsTests" classname="BovineLabs.Grid.Tests.GridHeuristicsTests" runstate="Runnable" testcasecount="5" result="Passed" start-time="2026-05-13 13:59:09Z" end-time="2026-05-13 13:59:09Z" duration="0.005150" total="5" passed="5" failed="0" inconclusive="0" skipped="0" asserts="0">
              <properties />
              <test-case id="1122" name="Euclidean_SamePoint_Zero" fullname="BovineLabs.Grid.Tests.GridHeuristicsTests.Euclidean_SamePoint_Zero" methodname="Euclidean_SamePoint_Zero" classname="BovineLabs.Grid.Tests.GridHeuristicsTests" runstate="Runnable" seed="487034067" result="Passed" start-time="2026-05-13 13:59:09Z" end-time="2026-05-13 13:59:09Z" duration="0.000253" asserts="0">
                <properties>
                  <property name="retryIteration" value="0" />
                  <property name="repeatIteration" value="0" />
                </properties>
              </test-case>
              <test-case id="1123" name="Euclidean_UnitDiagonal" fullname="BovineLabs.Grid.Tests.GridHeuristicsTests.Euclidean_UnitDiagonal" methodname="Euclidean_UnitDiagonal" classname="BovineLabs.Grid.Tests.GridHeuristicsTests" runstate="Runnable" seed="2036582849" result="Passed" start-time="2026-05-13 13:59:09Z" end-time="2026-05-13 13:59:09Z" duration="0.000161" asserts="0">
                <properties>
                  <property name="retryIteration" value="0" />
                  <property name="repeatIteration" value="0" />
                </properties>
              </test-case>
              <test-case id="1126" name="Manhattan_Correct" fullname="BovineLabs.Grid.Tests.GridHeuristicsTests.Manhattan_Correct" methodname="Manhattan_Correct" classname="BovineLabs.Grid.Tests.GridHeuristicsTests" runstate="Runnable" seed="70308020" result="Passed" start-time="2026-05-13 13:59:09Z" end-time="2026-05-13 13:59:09Z" duration="0.000146" asserts="0">
                <properties>
                  <property name="retryIteration" value="0" />
                  <property name="repeatIteration" value="0" />
                </properties>
              </test-case>
              <test-case id="1124" name="Octile_Cardinal" fullname="BovineLabs.Grid.Tests.GridHeuristicsTests.Octile_Cardinal" methodname="Octile_Cardinal" classname="BovineLabs.Grid.Tests.GridHeuristicsTests" runstate="Runnable" seed="1695544298" result="Passed" start-time="2026-05-13 13:59:09Z" end-time="2026-05-13 13:59:09Z" duration="0.000142" asserts="0">
                <properties>
                  <property name="retryIteration" value="0" />
                  <property name="repeatIteration" value="0" />
                </properties>
              </test-case>
              <test-case id="1125" name="Octile_Diagonal" fullname="BovineLabs.Grid.Tests.GridHeuristicsTests.Octile_Diagonal" methodname="Octile_Diagonal" classname="BovineLabs.Grid.Tests.GridHeuristicsTests" runstate="Runnable" seed="1693982046" result="Passed" start-time="2026-05-13 13:59:09Z" end-time="2026-05-13 13:59:09Z" duration="0.000129" asserts="0">
                <properties>
                  <property name="retryIteration" value="0" />
                  <property name="repeatIteration" value="0" />
                </properties>
              </test-case>
            </test-suite>
            <test-suite type="TestFixture" id="1116" name="NativeGrid2DTests" fullname="BovineLabs.Grid.Tests.NativeGrid2DTests" classname="BovineLabs.Grid.Tests.NativeGrid2DTests" runstate="Runnable" testcasecount="4" result="Passed" start-time="2026-05-13 13:59:09Z" end-time="2026-05-13 13:59:09Z" duration="0.001296" total="4" passed="4" failed="0" inconclusive="0" skipped="0" asserts="0">
              <properties />
              <test-case id="1117" name="Create_WidthHeightSet" fullname="BovineLabs.Grid.Tests.NativeGrid2DTests.Create_WidthHeightSet" methodname="Create_WidthHeightSet" classname="BovineLabs.Grid.Tests.NativeGrid2DTests" runstate="Runnable" seed="1996006315" result="Passed" start-time="2026-05-13 13:59:09Z" end-time="2026-05-13 13:59:09Z" duration="0.000159" asserts="0">
                <properties>
                  <property name="retryIteration" value="0" />
                  <property name="repeatIteration" value="0" />
                </properties>
              </test-case>
              <test-case id="1118" name="InBounds_InsideTrue" fullname="BovineLabs.Grid.Tests.NativeGrid2DTests.InBounds_InsideTrue" methodname="InBounds_InsideTrue" classname="BovineLabs.Grid.Tests.NativeGrid2DTests" runstate="Runnable" seed="1444518605" result="Passed" start-time="2026-05-13 13:59:09Z" end-time="2026-05-13 13:59:09Z" duration="0.000129" asserts="0">
                <properties>
                  <property name="retryIteration" value="0" />
                  <property name="repeatIteration" value="0" />
                </properties>
              </test-case>
              <test-case id="1119" name="InBounds_OutsideFalse" fullname="BovineLabs.Grid.Tests.NativeGrid2DTests.InBounds_OutsideFalse" methodname="InBounds_OutsideFalse" classname="BovineLabs.Grid.Tests.NativeGrid2DTests" runstate="Runnable" seed="1158881370" result="Passed" start-time="2026-05-13 13:59:09Z" end-time="2026-05-13 13:59:09Z" duration="0.000132" asserts="0">
                <properties>
                  <property name="retryIteration" value="0" />
                  <property name="repeatIteration" value="0" />
                </properties>
              </test-case>
              <test-case id="1120" name="SetAndIsFree_Works" fullname="BovineLabs.Grid.Tests.NativeGrid2DTests.SetAndIsFree_Works" methodname="SetAndIsFree_Works" classname="BovineLabs.Grid.Tests.NativeGrid2DTests" runstate="Runnable" seed="1813576167" result="Passed" start-time="2026-05-13 13:59:09Z" end-time="2026-05-13 13:59:09Z" duration="0.000123" asserts="0">
                <properties>
                  <property name="retryIteration" value="0" />
                  <property name="repeatIteration" value="0" />
                </properties>
              </test-case>
            </test-suite>
            <test-suite type="TestFixture" id="1127" name="NativeMinHeapTests" fullname="BovineLabs.Grid.Tests.NativeMinHeapTests" classname="BovineLabs.Grid.Tests.NativeMinHeapTests" runstate="Runnable" testcasecount="3" result="Passed" start-time="2026-05-13 13:59:09Z" end-time="2026-05-13 13:59:09Z" duration="0.001132" total="3" passed="3" failed="0" inconclusive="0" skipped="0" asserts="0">
              <properties />
              <test-case id="1130" name="Contains_Works" fullname="BovineLabs.Grid.Tests.NativeMinHeapTests.Contains_Works" methodname="Contains_Works" classname="BovineLabs.Grid.Tests.NativeMinHeapTests" runstate="Runnable" seed="1836529041" result="Passed" start-time="2026-05-13 13:59:09Z" end-time="2026-05-13 13:59:09Z" duration="0.000167" asserts="0">
                <properties>
                  <property name="retryIteration" value="0" />
                  <property name="repeatIteration" value="0" />
                </properties>
              </test-case>
              <test-case id="1128" name="PushPop_SortedOrder" fullname="BovineLabs.Grid.Tests.NativeMinHeapTests.PushPop_SortedOrder" methodname="PushPop_SortedOrder" classname="BovineLabs.Grid.Tests.NativeMinHeapTests" runstate="Runnable" seed="1005704962" result="Passed" start-time="2026-05-13 13:59:09Z" end-time="2026-05-13 13:59:09Z" duration="0.000151" asserts="0">
                <properties>
                  <property name="retryIteration" value="0" />
                  <property name="repeatIteration" value="0" />
                </properties>
              </test-case>
              <test-case id="1129" name="TryUpdate_LowersCost" fullname="BovineLabs.Grid.Tests.NativeMinHeapTests.TryUpdate_LowersCost" methodname="TryUpdate_LowersCost" classname="BovineLabs.Grid.Tests.NativeMinHeapTests" runstate="Runnable" seed="602527497" result="Passed" start-time="2026-05-13 13:59:09Z" end-time="2026-05-13 13:59:09Z" duration="0.000185" asserts="0">
                <properties>
                  <property name="retryIteration" value="0" />
                  <property name="repeatIteration" value="0" />
                </properties>
              </test-case>
            </test-suite>
          </test-suite>
        </test-suite>
      </test-suite>
      <test-suite type="TestFixture" id="1051" name="Grid2DTests" fullname="Grid2DTests" classname="Grid2DTests" runstate="Runnable" testcasecount="18" result="Passed" start-time="2026-05-13 13:59:09Z" end-time="2026-05-13 13:59:09Z" duration="0.004921" total="18" passed="18" failed="0" inconclusive="0" skipped="0" asserts="0">
        <properties />
        <test-case id="1065" name="Directions4_SumZero" fullname="Grid2DTests.Directions4_SumZero" methodname="Directions4_SumZero" classname="Grid2DTests" runstate="Runnable" seed="974046668" result="Passed" start-time="2026-05-13 13:59:09Z" end-time="2026-05-13 13:59:09Z" duration="0.000205" asserts="0">
          <properties>
            <property name="retryIteration" value="0" />
            <property name="repeatIteration" value="0" />
          </properties>
        </test-case>
        <test-case id="1066" name="Directions8_SumZero" fullname="Grid2DTests.Directions8_SumZero" methodname="Directions8_SumZero" classname="Grid2DTests" runstate="Runnable" seed="1630071957" result="Passed" start-time="2026-05-13 13:59:09Z" end-time="2026-05-13 13:59:09Z" duration="0.000209" asserts="0">
          <properties>
            <property name="retryIteration" value="0" />
            <property name="repeatIteration" value="0" />
          </properties>
        </test-case>
        <test-case id="1062" name="HeuristicEuclidean" fullname="Grid2DTests.HeuristicEuclidean" methodname="HeuristicEuclidean" classname="Grid2DTests" runstate="Runnable" seed="2018941709" result="Passed" start-time="2026-05-13 13:59:09Z" end-time="2026-05-13 13:59:09Z" duration="0.000149" asserts="0">
          <properties>
            <property name="retryIteration" value="0" />
            <property name="repeatIteration" value="0" />
          </properties>
        </test-case>
        <test-case id="1061" name="HeuristicManhattan" fullname="Grid2DTests.HeuristicManhattan" methodname="HeuristicManhattan" classname="Grid2DTests" runstate="Runnable" seed="625282832" result="Passed" start-time="2026-05-13 13:59:09Z" end-time="2026-05-13 13:59:09Z" duration="0.000130" asserts="0">
          <properties>
            <property name="retryIteration" value="0" />
            <property name="repeatIteration" value="0" />
          </properties>
        </test-case>
        <test-case id="1064" name="HeuristicOctile_Diagonal" fullname="Grid2DTests.HeuristicOctile_Diagonal" methodname="HeuristicOctile_Diagonal" classname="Grid2DTests" runstate="Runnable" seed="959280551" result="Passed" start-time="2026-05-13 13:59:09Z" end-time="2026-05-13 13:59:09Z" duration="0.000134" asserts="0">
          <properties>
            <property name="retryIteration" value="0" />
            <property name="repeatIteration" value="0" />
          </properties>
        </test-case>
        <test-case id="1063" name="HeuristicOctile_Straight" fullname="Grid2DTests.HeuristicOctile_Straight" methodname="HeuristicOctile_Straight" classname="Grid2DTests" runstate="Runnable" seed="1850079071" result="Passed" start-time="2026-05-13 13:59:09Z" end-time="2026-05-13 13:59:09Z" duration="0.000102" asserts="0">
          <properties>
            <property name="retryIteration" value="0" />
            <property name="repeatIteration" value="0" />
          </properties>
        </test-case>
        <test-case id="1058" name="InBounds_Index" fullname="Grid2DTests.InBounds_Index" methodname="InBounds_Index" classname="Grid2DTests" runstate="Runnable" seed="2089616764" result="Passed" start-time="2026-05-13 13:59:09Z" end-time="2026-05-13 13:59:09Z" duration="0.000160" asserts="0">
          <properties>
            <property name="retryIteration" value="0" />
            <property name="repeatIteration" value="0" />
          </properties>
        </test-case>
        <test-case id="1056" name="InBounds_Inside_True" fullname="Grid2DTests.InBounds_Inside_True" methodname="InBounds_Inside_True" classname="Grid2DTests" runstate="Runnable" seed="1636942950" result="Passed" start-time="2026-05-13 13:59:09Z" end-time="2026-05-13 13:59:09Z" duration="0.000141" asserts="0">
          <properties>
            <property name="retryIteration" value="0" />
            <property name="repeatIteration" value="0" />
          </properties>
        </test-case>
        <test-case id="1057" name="InBounds_Outside_False" fullname="Grid2DTests.InBounds_Outside_False" methodname="InBounds_Outside_False" classname="Grid2DTests" runstate="Runnable" seed="172540298" result="Passed" start-time="2026-05-13 13:59:09Z" end-time="2026-05-13 13:59:09Z" duration="0.000126" asserts="0">
          <properties>
            <property name="retryIteration" value="0" />
            <property name="repeatIteration" value="0" />
          </properties>
        </test-case>
        <test-case id="1067" name="OneByOne" fullname="Grid2DTests.OneByOne" methodname="OneByOne" classname="Grid2DTests" runstate="Runnable" seed="515890718" result="Passed" start-time="2026-05-13 13:59:09Z" end-time="2026-05-13 13:59:09Z" duration="0.000199" asserts="0">
          <properties>
            <property name="retryIteration" value="0" />
            <property name="repeatIteration" value="0" />
          </properties>
        </test-case>
        <test-case id="1052" name="Setup_SetsDimensions" fullname="Grid2DTests.Setup_SetsDimensions" methodname="Setup_SetsDimensions" classname="Grid2DTests" runstate="Runnable" seed="1927765410" result="Passed" start-time="2026-05-13 13:59:09Z" end-time="2026-05-13 13:59:09Z" duration="0.000115" asserts="0">
          <properties>
            <property name="retryIteration" value="0" />
            <property name="repeatIteration" value="0" />
          </properties>
        </test-case>
        <test-case id="1069" name="SingleColumn_RoundTrip" fullname="Grid2DTests.SingleColumn_RoundTrip" methodname="SingleColumn_RoundTrip" classname="Grid2DTests" runstate="Runnable" seed="1785035077" result="Passed" start-time="2026-05-13 13:59:09Z" end-time="2026-05-13 13:59:09Z" duration="0.000224" asserts="0">
          <properties>
            <property name="retryIteration" value="0" />
            <property name="repeatIteration" value="0" />
          </properties>
        </test-case>
        <test-case id="1068" name="SingleRow_RoundTrip" fullname="Grid2DTests.SingleRow_RoundTrip" methodname="SingleRow_RoundTrip" classname="Grid2DTests" runstate="Runnable" seed="693056095" result="Passed" start-time="2026-05-13 13:59:09Z" end-time="2026-05-13 13:59:09Z" duration="0.000203" asserts="0">
          <properties>
            <property name="retryIteration" value="0" />
            <property name="repeatIteration" value="0" />
          </properties>
        </test-case>
        <test-case id="1055" name="ToCoord_RoundTrip" fullname="Grid2DTests.ToCoord_RoundTrip" methodname="ToCoord_RoundTrip" classname="Grid2DTests" runstate="Runnable" seed="952433851" result="Passed" start-time="2026-05-13 13:59:09Z" end-time="2026-05-13 13:59:09Z" duration="0.000157" asserts="0">
          <properties>
            <property name="retryIteration" value="0" />
            <property name="repeatIteration" value="0" />
          </properties>
        </test-case>
        <test-case id="1053" name="ToIndex_Origin" fullname="Grid2DTests.ToIndex_Origin" methodname="ToIndex_Origin" classname="Grid2DTests" runstate="Runnable" seed="209345409" result="Passed" start-time="2026-05-13 13:59:09Z" end-time="2026-05-13 13:59:09Z" duration="0.000111" asserts="0">
          <properties>
            <property name="retryIteration" value="0" />
            <property name="repeatIteration" value="0" />
          </properties>
        </test-case>
        <test-case id="1054" name="ToIndex_RowMajor" fullname="Grid2DTests.ToIndex_RowMajor" methodname="ToIndex_RowMajor" classname="Grid2DTests" runstate="Runnable" seed="2134130275" result="Passed" start-time="2026-05-13 13:59:09Z" end-time="2026-05-13 13:59:09Z" duration="0.000160" asserts="0">
          <properties>
            <property name="retryIteration" value="0" />
            <property name="repeatIteration" value="0" />
          </properties>
        </test-case>
        <test-case id="1060" name="TryIndex_Invalid" fullname="Grid2DTests.TryIndex_Invalid" methodname="TryIndex_Invalid" classname="Grid2DTests" runstate="Runnable" seed="1574725602" result="Passed" start-time="2026-05-13 13:59:09Z" end-time="2026-05-13 13:59:09Z" duration="0.000142" asserts="0">
          <properties>
            <property name="retryIteration" value="0" />
            <property name="repeatIteration" value="0" />
          </properties>
        </test-case>
        <test-case id="1059" name="TryIndex_Valid" fullname="Grid2DTests.TryIndex_Valid" methodname="TryIndex_Valid" classname="Grid2DTests" runstate="Runnable" seed="1590242673" result="Passed" start-time="2026-05-13 13:59:09Z" end-time="2026-05-13 13:59:09Z" duration="0.000107" asserts="0">
          <properties>
            <property name="retryIteration" value="0" />
            <property name="repeatIteration" value="0" />
          </properties>
        </test-case>
      </test-suite>
      <test-suite type="TestFixture" id="1070" name="GridNeighborsTests" fullname="GridNeighborsTests" classname="GridNeighborsTests" runstate="Runnable" testcasecount="11" result="Passed" start-time="2026-05-13 13:59:09Z" end-time="2026-05-13 13:59:09Z" duration="0.004122" total="11" passed="11" failed="0" inconclusive="0" skipped="0" asserts="0">
        <properties />
        <test-case id="1081" name="_1x1_NoNeighbors" fullname="GridNeighborsTests._1x1_NoNeighbors" methodname="_1x1_NoNeighbors" classname="GridNeighborsTests" runstate="Runnable" seed="1868002918" result="Passed" start-time="2026-05-13 13:59:09Z" end-time="2026-05-13 13:59:09Z" duration="0.000767" asserts="0">
          <properties>
            <property name="retryIteration" value="0" />
            <property name="repeatIteration" value="0" />
          </properties>
        </test-case>
        <test-case id="1075" name="AllBlocked_0Neighbors" fullname="GridNeighborsTests.AllBlocked_0Neighbors" methodname="AllBlocked_0Neighbors" classname="GridNeighborsTests" runstate="Runnable" seed="1012390592" result="Passed" start-time="2026-05-13 13:59:09Z" end-time="2026-05-13 13:59:09Z" duration="0.000338" asserts="0">
          <properties>
            <property name="retryIteration" value="0" />
            <property name="repeatIteration" value="0" />
          </properties>
        </test-case>
        <test-case id="1074" name="Blocked_Skipped" fullname="GridNeighborsTests.Blocked_Skipped" methodname="Blocked_Skipped" classname="GridNeighborsTests" runstate="Runnable" seed="1085705554" result="Passed" start-time="2026-05-13 13:59:09Z" end-time="2026-05-13 13:59:09Z" duration="0.000168" asserts="0">
          <properties>
            <property name="retryIteration" value="0" />
            <property name="repeatIteration" value="0" />
          </properties>
        </test-case>
        <test-case id="1071" name="Center_4Neighbors" fullname="GridNeighborsTests.Center_4Neighbors" methodname="Center_4Neighbors" classname="GridNeighborsTests" runstate="Runnable" seed="239106642" result="Passed" start-time="2026-05-13 13:59:09Z" end-time="2026-05-13 13:59:09Z" duration="0.000158" asserts="0">
          <properties>
            <property name="retryIteration" value="0" />
            <property name="repeatIteration" value="0" />
          </properties>
        </test-case>
        <test-case id="1076" name="Center_8Neighbors" fullname="GridNeighborsTests.Center_8Neighbors" methodname="Center_8Neighbors" classname="GridNeighborsTests" runstate="Runnable" seed="804279714" result="Passed" start-time="2026-05-13 13:59:09Z" end-time="2026-05-13 13:59:09Z" duration="0.000235" asserts="0">
          <properties>
            <property name="retryIteration" value="0" />
            <property name="repeatIteration" value="0" />
          </properties>
        </test-case>
        <test-case id="1072" name="Corner_2Neighbors" fullname="GridNeighborsTests.Corner_2Neighbors" methodname="Corner_2Neighbors" classname="GridNeighborsTests" runstate="Runnable" seed="2014623972" result="Passed" start-time="2026-05-13 13:59:09Z" end-time="2026-05-13 13:59:09Z" duration="0.000153" asserts="0">
          <properties>
            <property name="retryIteration" value="0" />
            <property name="repeatIteration" value="0" />
          </properties>
        </test-case>
        <test-case id="1077" name="Corner_3DiagNeighbors" fullname="GridNeighborsTests.Corner_3DiagNeighbors" methodname="Corner_3DiagNeighbors" classname="GridNeighborsTests" runstate="Runnable" seed="158838065" result="Passed" start-time="2026-05-13 13:59:09Z" end-time="2026-05-13 13:59:09Z" duration="0.000148" asserts="0">
          <properties>
            <property name="retryIteration" value="0" />
            <property name="repeatIteration" value="0" />
          </properties>
        </test-case>
        <test-case id="1078" name="DiagonalPassable_BothFree" fullname="GridNeighborsTests.DiagonalPassable_BothFree" methodname="DiagonalPassable_BothFree" classname="GridNeighborsTests" runstate="Runnable" seed="1528411170" result="Passed" start-time="2026-05-13 13:59:09Z" end-time="2026-05-13 13:59:09Z" duration="0.000213" asserts="0">
          <properties>
            <property name="retryIteration" value="0" />
            <property name="repeatIteration" value="0" />
          </properties>
        </test-case>
        <test-case id="1079" name="DiagonalPassable_OneBlocked" fullname="GridNeighborsTests.DiagonalPassable_OneBlocked" methodname="DiagonalPassable_OneBlocked" classname="GridNeighborsTests" runstate="Runnable" seed="387731807" result="Passed" start-time="2026-05-13 13:59:09Z" end-time="2026-05-13 13:59:09Z" duration="0.000154" asserts="0">
          <properties>
            <property name="retryIteration" value="0" />
            <property name="repeatIteration" value="0" />
          </properties>
        </test-case>
        <test-case id="1080" name="DiagonalPassable_OutOfBounds" fullname="GridNeighborsTests.DiagonalPassable_OutOfBounds" methodname="DiagonalPassable_OutOfBounds" classname="GridNeighborsTests" runstate="Runnable" seed="1363205882" result="Passed" start-time="2026-05-13 13:59:09Z" end-time="2026-05-13 13:59:09Z" duration="0.000142" asserts="0">
          <properties>
            <property name="retryIteration" value="0" />
            <property name="repeatIteration" value="0" />
          </properties>
        </test-case>
        <test-case id="1073" name="Edge_3Neighbors" fullname="GridNeighborsTests.Edge_3Neighbors" methodname="Edge_3Neighbors" classname="GridNeighborsTests" runstate="Runnable" seed="527737382" result="Passed" start-time="2026-05-13 13:59:09Z" end-time="2026-05-13 13:59:09Z" duration="0.000143" asserts="0">
          <properties>
            <property name="retryIteration" value="0" />
            <property name="repeatIteration" value="0" />
          </properties>
        </test-case>
      </test-suite>
      <test-suite type="TestFixture" id="1082" name="HeapNodeTests" fullname="HeapNodeTests" classname="HeapNodeTests" runstate="Runnable" testcasecount="3" result="Passed" start-time="2026-05-13 13:59:09Z" end-time="2026-05-13 13:59:09Z" duration="0.001238" total="3" passed="3" failed="0" inconclusive="0" skipped="0" asserts="0">
        <properties />
        <test-case id="1084" name="Constructor_DefaultKey1" fullname="HeapNodeTests.Constructor_DefaultKey1" methodname="Constructor_DefaultKey1" classname="HeapNodeTests" runstate="Runnable" seed="1315921926" result="Passed" start-time="2026-05-13 13:59:09Z" end-time="2026-05-13 13:59:09Z" duration="0.000134" asserts="0">
          <properties>
            <property name="retryIteration" value="0" />
            <property name="repeatIteration" value="0" />
          </properties>
        </test-case>
        <test-case id="1083" name="Constructor_Full" fullname="HeapNodeTests.Constructor_Full" methodname="Constructor_Full" classname="HeapNodeTests" runstate="Runnable" seed="139157680" result="Passed" start-time="2026-05-13 13:59:09Z" end-time="2026-05-13 13:59:09Z" duration="0.000111" asserts="0">
          <properties>
            <property name="retryIteration" value="0" />
            <property name="repeatIteration" value="0" />
          </properties>
        </test-case>
        <test-case id="1085" name="ZeroKey" fullname="HeapNodeTests.ZeroKey" methodname="ZeroKey" classname="HeapNodeTests" runstate="Runnable" seed="1742885262" result="Passed" start-time="2026-05-13 13:59:09Z" end-time="2026-05-13 13:59:09Z" duration="0.000383" asserts="0">
          <properties>
            <property name="retryIteration" value="0" />
            <property name="repeatIteration" value="0" />
          </properties>
        </test-case>
      </test-suite>
      <test-suite type="TestFixture" id="1086" name="MinHeapTests" fullname="MinHeapTests" classname="MinHeapTests" runstate="Runnable" testcasecount="15" result="Passed" start-time="2026-05-13 13:59:09Z" end-time="2026-05-13 13:59:09Z" duration="0.005474" total="15" passed="15" failed="0" inconclusive="0" skipped="0" asserts="0">
        <properties />
        <test-case id="1098" name="Clear" fullname="MinHeapTests.Clear" methodname="Clear" classname="MinHeapTests" runstate="Runnable" seed="955621515" result="Passed" start-time="2026-05-13 13:59:09Z" end-time="2026-05-13 13:59:09Z" duration="0.000574" asserts="0">
          <properties>
            <property name="retryIteration" value="0" />
            <property name="repeatIteration" value="0" />
          </properties>
        </test-case>
        <test-case id="1097" name="Contains_AfterPop" fullname="MinHeapTests.Contains_AfterPop" methodname="Contains_AfterPop" classname="MinHeapTests" runstate="Runnable" seed="1286645200" result="Passed" start-time="2026-05-13 13:59:09Z" end-time="2026-05-13 13:59:09Z" duration="0.000246" asserts="0">
          <properties>
            <property name="retryIteration" value="0" />
            <property name="repeatIteration" value="0" />
          </properties>
        </test-case>
        <test-case id="1095" name="Contains_Inserted" fullname="MinHeapTests.Contains_Inserted" methodname="Contains_Inserted" classname="MinHeapTests" runstate="Runnable" seed="1030942546" result="Passed" start-time="2026-05-13 13:59:09Z" end-time="2026-05-13 13:59:09Z" duration="0.000146" asserts="0">
          <properties>
            <property name="retryIteration" value="0" />
            <property name="repeatIteration" value="0" />
          </properties>
        </test-case>
        <test-case id="1096" name="Contains_NotInserted" fullname="MinHeapTests.Contains_NotInserted" methodname="Contains_NotInserted" classname="MinHeapTests" runstate="Runnable" seed="234354498" result="Passed" start-time="2026-05-13 13:59:09Z" end-time="2026-05-13 13:59:09Z" duration="0.000130" asserts="0">
          <properties>
            <property name="retryIteration" value="0" />
            <property name="repeatIteration" value="0" />
          </properties>
        </test-case>
        <test-case id="1092" name="DecreaseKey" fullname="MinHeapTests.DecreaseKey" methodname="DecreaseKey" classname="MinHeapTests" runstate="Runnable" seed="644936147" result="Passed" start-time="2026-05-13 13:59:09Z" end-time="2026-05-13 13:59:09Z" duration="0.000339" asserts="0">
          <properties>
            <property name="retryIteration" value="0" />
            <property name="repeatIteration" value="0" />
          </properties>
        </test-case>
        <test-case id="1100" name="DecreaseKey_Interleaved" fullname="MinHeapTests.DecreaseKey_Interleaved" methodname="DecreaseKey_Interleaved" classname="MinHeapTests" runstate="Runnable" seed="1629222148" result="Passed" start-time="2026-05-13 13:59:09Z" end-time="2026-05-13 13:59:09Z" duration="0.000315" asserts="0">
          <properties>
            <property name="retryIteration" value="0" />
            <property name="repeatIteration" value="0" />
          </properties>
        </test-case>
        <test-case id="1093" name="DecreaseKey_NoIncrease" fullname="MinHeapTests.DecreaseKey_NoIncrease" methodname="DecreaseKey_NoIncrease" classname="MinHeapTests" runstate="Runnable" seed="1072039760" result="Passed" start-time="2026-05-13 13:59:09Z" end-time="2026-05-13 13:59:09Z" duration="0.000227" asserts="0">
          <properties>
            <property name="retryIteration" value="0" />
            <property name="repeatIteration" value="0" />
          </properties>
        </test-case>
        <test-case id="1101" name="DuplicateId_OneEntry" fullname="MinHeapTests.DuplicateId_OneEntry" methodname="DuplicateId_OneEntry" classname="MinHeapTests" runstate="Runnable" seed="986493341" result="Passed" start-time="2026-05-13 13:59:09Z" end-time="2026-05-13 13:59:09Z" duration="0.000184" asserts="0">
          <properties>
            <property name="retryIteration" value="0" />
            <property name="repeatIteration" value="0" />
          </properties>
        </test-case>
        <test-case id="1087" name="Empty_OnCreate" fullname="MinHeapTests.Empty_OnCreate" methodname="Empty_OnCreate" classname="MinHeapTests" runstate="Runnable" seed="1072750023" result="Passed" start-time="2026-05-13 13:59:09Z" end-time="2026-05-13 13:59:09Z" duration="0.000140" asserts="0">
          <properties>
            <property name="retryIteration" value="0" />
            <property name="repeatIteration" value="0" />
          </properties>
        </test-case>
        <test-case id="1088" name="Insert_Single" fullname="MinHeapTests.Insert_Single" methodname="Insert_Single" classname="MinHeapTests" runstate="Runnable" seed="1628754939" result="Passed" start-time="2026-05-13 13:59:09Z" end-time="2026-05-13 13:59:09Z" duration="0.000146" asserts="0">
          <properties>
            <property name="retryIteration" value="0" />
            <property name="repeatIteration" value="0" />
          </properties>
        </test-case>
        <test-case id="1099" name="Many_MaintainsOrder" fullname="MinHeapTests.Many_MaintainsOrder" methodname="Many_MaintainsOrder" classname="MinHeapTests" runstate="Runnable" seed="933664265" result="Passed" start-time="2026-05-13 13:59:09Z" end-time="2026-05-13 13:59:09Z" duration="0.000326" asserts="0">
          <properties>
            <property name="retryIteration" value="0" />
            <property name="repeatIteration" value="0" />
          </properties>
        </test-case>
        <test-case id="1094" name="Peek_NoRemove" fullname="MinHeapTests.Peek_NoRemove" methodname="Peek_NoRemove" classname="MinHeapTests" runstate="Runnable" seed="120216068" result="Passed" start-time="2026-05-13 13:59:09Z" end-time="2026-05-13 13:59:09Z" duration="0.000166" asserts="0">
          <properties>
            <property name="retryIteration" value="0" />
            <property name="repeatIteration" value="0" />
          </properties>
        </test-case>
        <test-case id="1090" name="Pop_Ordered" fullname="MinHeapTests.Pop_Ordered" methodname="Pop_Ordered" classname="MinHeapTests" runstate="Runnable" seed="1360740101" result="Passed" start-time="2026-05-13 13:59:09Z" end-time="2026-05-13 13:59:09Z" duration="0.000230" asserts="0">
          <properties>
            <property name="retryIteration" value="0" />
            <property name="repeatIteration" value="0" />
          </properties>
        </test-case>
        <test-case id="1089" name="Pop_Single" fullname="MinHeapTests.Pop_Single" methodname="Pop_Single" classname="MinHeapTests" runstate="Runnable" seed="367449326" result="Passed" start-time="2026-05-13 13:59:09Z" end-time="2026-05-13 13:59:09Z" duration="0.000167" asserts="0">
          <properties>
            <property name="retryIteration" value="0" />
            <property name="repeatIteration" value="0" />
          </properties>
        </test-case>
        <test-case id="1091" name="Pop_TieBreak" fullname="MinHeapTests.Pop_TieBreak" methodname="Pop_TieBreak" classname="MinHeapTests" runstate="Runnable" seed="695428230" result="Passed" start-time="2026-05-13 13:59:09Z" end-time="2026-05-13 13:59:09Z" duration="0.000193" asserts="0">
          <properties>
            <property name="retryIteration" value="0" />
            <property name="repeatIteration" value="0" />
          </properties>
        </test-case>
      </test-suite>
      <test-suite type="TestFixture" id="1102" name="NativeArrayExtensionsTests" fullname="NativeArrayExtensionsTests" classname="NativeArrayExtensionsTests" runstate="Runnable" testcasecount="4" result="Passed" start-time="2026-05-13 13:59:09Z" end-time="2026-05-13 13:59:09Z" duration="0.001899" total="4" passed="4" failed="0" inconclusive="0" skipped="0" asserts="0">
        <properties />
        <test-case id="1105" name="Fill_Byte" fullname="NativeArrayExtensionsTests.Fill_Byte" methodname="Fill_Byte" classname="NativeArrayExtensionsTests" runstate="Runnable" seed="750777032" result="Passed" start-time="2026-05-13 13:59:09Z" end-time="2026-05-13 13:59:09Z" duration="0.000236" asserts="0">
          <properties>
            <property name="retryIteration" value="0" />
            <property name="repeatIteration" value="0" />
          </properties>
        </test-case>
        <test-case id="1106" name="Fill_Empty" fullname="NativeArrayExtensionsTests.Fill_Empty" methodname="Fill_Empty" classname="NativeArrayExtensionsTests" runstate="Runnable" seed="1516268409" result="Passed" start-time="2026-05-13 13:59:09Z" end-time="2026-05-13 13:59:09Z" duration="0.000614" asserts="0">
          <properties>
            <property name="retryIteration" value="0" />
            <property name="repeatIteration" value="0" />
          </properties>
        </test-case>
        <test-case id="1104" name="Fill_Float" fullname="NativeArrayExtensionsTests.Fill_Float" methodname="Fill_Float" classname="NativeArrayExtensionsTests" runstate="Runnable" seed="1869891437" result="Passed" start-time="2026-05-13 13:59:09Z" end-time="2026-05-13 13:59:09Z" duration="0.000170" asserts="0">
          <properties>
            <property name="retryIteration" value="0" />
            <property name="repeatIteration" value="0" />
          </properties>
        </test-case>
        <test-case id="1103" name="Fill_Int" fullname="NativeArrayExtensionsTests.Fill_Int" methodname="Fill_Int" classname="NativeArrayExtensionsTests" runstate="Runnable" seed="1686481665" result="Passed" start-time="2026-05-13 13:59:09Z" end-time="2026-05-13 13:59:09Z" duration="0.000148" asserts="0">
          <properties>
            <property name="retryIteration" value="0" />
            <property name="repeatIteration" value="0" />
          </properties>
        </test-case>
      </test-suite>
      <test-suite type="TestFixture" id="1107" name="RangeITests" fullname="RangeITests" classname="RangeITests" runstate="Runnable" testcasecount="8" result="Passed" start-time="2026-05-13 13:59:09Z" end-time="2026-05-13 13:59:09Z" duration="0.001891" total="8" passed="8" failed="0" inconclusive="0" skipped="0" asserts="0">
        <properties />
        <test-case id="1108" name="Constructor" fullname="RangeITests.Constructor" methodname="Constructor" classname="RangeITests" runstate="Runnable" seed="5660537" result="Passed" start-time="2026-05-13 13:59:09Z" end-time="2026-05-13 13:59:09Z" duration="0.000137" asserts="0">
          <properties>
            <property name="retryIteration" value="0" />
            <property name="repeatIteration" value="0" />
          </properties>
        </test-case>
        <test-case id="1112" name="Contains_AtEnd" fullname="RangeITests.Contains_AtEnd" methodname="Contains_AtEnd" classname="RangeITests" runstate="Runnable" seed="1753913773" result="Passed" start-time="2026-05-13 13:59:09Z" end-time="2026-05-13 13:59:09Z" duration="0.000111" asserts="0">
          <properties>
            <property name="retryIteration" value="0" />
            <property name="repeatIteration" value="0" />
          </properties>
        </test-case>
        <test-case id="1113" name="Contains_Before" fullname="RangeITests.Contains_Before" methodname="Contains_Before" classname="RangeITests" runstate="Runnable" seed="2005224063" result="Passed" start-time="2026-05-13 13:59:09Z" end-time="2026-05-13 13:59:09Z" duration="0.000090" asserts="0">
          <properties>
            <property name="retryIteration" value="0" />
            <property name="repeatIteration" value="0" />
          </properties>
        </test-case>
        <test-case id="1114" name="Contains_EmptyRange" fullname="RangeITests.Contains_EmptyRange" methodname="Contains_EmptyRange" classname="RangeITests" runstate="Runnable" seed="1580216428" result="Passed" start-time="2026-05-13 13:59:09Z" end-time="2026-05-13 13:59:09Z" duration="0.000085" asserts="0">
          <properties>
            <property name="retryIteration" value="0" />
            <property name="repeatIteration" value="0" />
          </properties>
        </test-case>
        <test-case id="1111" name="Contains_Inside" fullname="RangeITests.Contains_Inside" methodname="Contains_Inside" classname="RangeITests" runstate="Runnable" seed="786989557" result="Passed" start-time="2026-05-13 13:59:09Z" end-time="2026-05-13 13:59:09Z" duration="0.000098" asserts="0">
          <properties>
            <property name="retryIteration" value="0" />
            <property name="repeatIteration" value="0" />
          </properties>
        </test-case>
        <test-case id="1115" name="Contains_ZeroOffset" fullname="RangeITests.Contains_ZeroOffset" methodname="Contains_ZeroOffset" classname="RangeITests" runstate="Runnable" seed="1891529052" result="Passed" start-time="2026-05-13 13:59:09Z" end-time="2026-05-13 13:59:09Z" duration="0.000091" asserts="0">
          <properties>
            <property name="retryIteration" value="0" />
            <property name="repeatIteration" value="0" />
          </properties>
        </test-case>
        <test-case id="1109" name="End" fullname="RangeITests.End" methodname="End" classname="RangeITests" runstate="Runnable" seed="10972556" result="Passed" start-time="2026-05-13 13:59:09Z" end-time="2026-05-13 13:59:09Z" duration="0.000113" asserts="0">
          <properties>
            <property name="retryIteration" value="0" />
            <property name="repeatIteration" value="0" />
          </properties>
        </test-case>
        <test-case id="1110" name="End_ZeroCount" fullname="RangeITests.End_ZeroCount" methodname="End_ZeroCount" classname="RangeITests" runstate="Runnable" seed="477280433" result="Passed" start-time="2026-05-13 13:59:09Z" end-time="2026-05-13 13:59:09Z" duration="0.000093" asserts="0">
          <properties>
            <property name="retryIteration" value="0" />
            <property name="repeatIteration" value="0" />
          </properties>
          <output><![CDATA[Saving results to: /home/i/.config/unity3d/DefaultCompany/BovineLabs/TestResults.xml
]]></output>
        </test-case>
      </test-suite>
    </test-suite>
  </test-suite>
</test-run>